#
# A fatal error has been detected by the Java Runtime Environment:
#
#  SIGSEGV (0xb) at pc=0x00007faec273497a, pid=6469, tid=6470
#
# JRE version: OpenJDK Runtime Environment (11.0.10+9) (build 11.0.10+9-Ubuntu-0ubuntu1.18.04)
# Java VM: OpenJDK 64-Bit Server VM (11.0.10+9-Ubuntu-0ubuntu1.18.04, mixed mode, sharing, tiered, compressed oops, g1 gc, linux-amd64)
# Problematic frame:
# V  [libjvm.so+0xa6e97a]
#
# Core dump will be written. Default location: Core dumps may be processed with "/usr/share/apport/apport %p %s %c %d %P %E" (or dumping to /home/hsuan-pu/CompilerConstruction/HW3/Compiler_StudentID_HW3/core.6469)
#
# If you would like to submit a bug report, please visit:
#   https://bugs.launchpad.net/ubuntu/+source/openjdk-lts
#

---------------  S U M M A R Y ------------

Command Line: -Xverify:none Main

Host: Intel(R) Core(TM) i7-8750H CPU @ 2.20GHz, 12 cores, 15G, Ubuntu 18.04.5 LTS
Time: Thu Jun 24 21:35:52 2021 CST elapsed time: 0.022782 seconds (0d 0h 0m 0s)

---------------  T H R E A D  ---------------

Current thread (0x00007faebc016800):  JavaThread "main" [_thread_in_vm, id=6470, stack(0x00007faec3f5a000,0x00007faec405b000)]

Stack: [0x00007faec3f5a000,0x00007faec405b000],  sp=0x00007faec4059370,  free space=1020k
Native frames: (J=compiled Java code, A=aot compiled Java code, j=interpreted, Vv=VM code, C=native code)
V  [libjvm.so+0xa6e97a]
V  [libjvm.so+0x875d46]
V  [libjvm.so+0x876c3d]
j  java.lang.String.valueOf(Ljava/lang/Object;)Ljava/lang/String;+10 java.base@11.0.10
j  java.io.PrintStream.print(Ljava/lang/String;)V+2 java.base@11.0.10
j  Main.main([Ljava/lang/String;)V+14
v  ~StubRoutines::call_stub
V  [libjvm.so+0x880719]
V  [libjvm.so+0x8ff1fd]
V  [libjvm.so+0x9014ae]
C  [libjli.so+0x5953]
C  [libjli.so+0x949d]

Java frames: (J=compiled Java code, j=interpreted, Vv=VM code)
j  java.lang.String.valueOf(Ljava/lang/Object;)Ljava/lang/String;+10 java.base@11.0.10
j  java.io.PrintStream.print(Ljava/lang/String;)V+2 java.base@11.0.10
j  Main.main([Ljava/lang/String;)V+14
v  ~StubRoutines::call_stub

siginfo: si_signo: 11 (SIGSEGV), si_code: 1 (SEGV_MAPERR), si_addr: 0x0000000000000198

Register to memory mapping:

RAX=0x0000000000000190 is an unknown value
RBX=0x00007faec40594e0 is pointing into the stack for thread: 0x00007faebc016800
RCX=0x0000000000000010 is an unknown value
RDX=0x00007faec31ca22c: <offset 0x000000000150422c> in /usr/lib/jvm/java-11-openjdk-amd64/lib/server/libjvm.so at 0x00007faec1cc6000
RSP=0x00007faec4059370 is pointing into the stack for thread: 0x00007faebc016800
RBP=0x00007faec4059410 is pointing into the stack for thread: 0x00007faebc016800
RSI=0x00007faec4059390 is pointing into the stack for thread: 0x00007faebc016800
RDI=0x00007faec4059390 is pointing into the stack for thread: 0x00007faebc016800
R8 =0x0 is NULL
R9 =0x0 is NULL
R10=0x00007faec40593a0 is pointing into the stack for thread: 0x00007faebc016800
R11=0x00000000000001f9 is an unknown value
R12=0x00007faec4059390 is pointing into the stack for thread: 0x00007faebc016800
R13=0x00007faebc017860 points into unknown readable memory: 0x0000000000000190 | 90 01 00 00 00 00 00 00
R14=0x0 is NULL
R15=0x00007faebc016800 is a thread


Registers:
RAX=0x0000000000000190, RBX=0x00007faec40594e0, RCX=0x0000000000000010, RDX=0x00007faec31ca22c
RSP=0x00007faec4059370, RBP=0x00007faec4059410, RSI=0x00007faec4059390, RDI=0x00007faec4059390
R8 =0x0000000000000000, R9 =0x0000000000000000, R10=0x00007faec40593a0, R11=0x00000000000001f9
R12=0x00007faec4059390, R13=0x00007faebc017860, R14=0x0000000000000000, R15=0x00007faebc016800
RIP=0x00007faec273497a, EFLAGS=0x0000000000010202, CSGSFS=0x002b000000000033, ERR=0x0000000000000004
  TRAPNO=0x000000000000000e

Top of Stack: (sp=0x00007faec4059370)
0x00007faec4059370:   0000000000000000 00007faec40593a0
0x00007faec4059380:   00007faec40593a0 00007faec2a80ea9
0x00007faec4059390:   0000000000000000 0000000000000000
0x00007faec40593a0:   00000008004b7408 00000008004b9750 

Instructions: (pc=0x00007faec273497a)
0x00007faec273487a:   29 5d b0 e8 5e a5 c0 ff 4c 8d 55 90 49 83 7f 08
0x00007faec273488a:   00 48 89 45 a0 0f 84 6b 03 00 00 0f 1f 00 49 8d
0x00007faec273489a:   7a 20 e8 df ae d9 ff 48 8d 65 d8 5b 41 5c 41 5d
0x00007faec27348aa:   41 5e 41 5f 5d c3 66 0f ef d2 49 8b 3c 24 4c 89
0x00007faec27348ba:   ca 89 ce c6 45 c1 00 0f 29 55 b0 e8 16 a5 c0 ff
0x00007faec27348ca:   4c 8d 55 90 49 83 7f 08 00 48 89 45 a0 75 bf 49
0x00007faec27348da:   8b 3c 24 31 d2 44 89 f6 4c 89 95 68 ff ff ff e8
0x00007faec27348ea:   82 4f c0 ff 49 8b 3c 24 31 d2 44 89 f6 48 89 45
0x00007faec27348fa:   90 e8 10 50 c0 ff 49 8b 3c 24 31 d2 44 89 f6 48
0x00007faec273490a:   89 45 98 e8 1e 51 c0 ff 88 45 c1 49 8b 04 24 4c
0x00007faec273491a:   8d 65 80 4c 8b 95 68 ff ff ff 66 0f ef f6 4c 89
0x00007faec273492a:   e6 48 8b 40 18 49 8d 7a 20 0f 29 75 80 48 89 45
0x00007faec273493a:   a8 e8 20 ac d9 ff 4c 89 e7 e8 38 ae d9 ff 49 83
0x00007faec273494a:   7f 08 00 c6 45 c0 01 4c 8b 95 68 ff ff ff 0f 85
0x00007faec273495a:   3a ff ff ff 45 31 f6 4d 85 ed 74 28 48 8d 15 bf
0x00007faec273496a:   58 a9 00 49 8b 45 00 80 3a 00 0f 84 e6 03 00 00
0x00007faec273497a:   44 8b 70 08 48 8d 05 cb 8b a6 00 8b 48 08 49 d3
0x00007faec273498a:   e6 4c 03 30 4c 89 d6 4c 89 fa 4c 89 e7 4c 89 95
0x00007faec273499a:   68 ff ff ff e8 7d b3 ff ff 49 83 7f 08 00 4c 8b
0x00007faec27349aa:   95 68 ff ff ff 0f 85 0b 01 00 00 48 83 ec 08 48
0x00007faec27349ba:   8b 55 a0 41 b9 01 00 00 00 41 57 4d 89 f0 4c 89
0x00007faec27349ca:   e9 4c 89 e6 48 89 df e8 8a 87 ff ff 58 4c 8b 95
0x00007faec27349da:   68 ff ff ff 5a e9 dc 00 00 00 0f 1f 40 00 66 0f
0x00007faec27349ea:   ef c9 49 8b 3c 24 4c 89 ca 89 ce c6 45 c1 00 0f
0x00007faec27349fa:   29 4d b0 e8 de a3 c0 ff 4c 8d 55 90 49 83 7f 08
0x00007faec2734a0a:   00 48 89 45 a0 0f 85 83 fe ff ff 49 8b 3c 24 31
0x00007faec2734a1a:   d2 44 89 f6 4c 89 95 68 ff ff ff e8 46 4e c0 ff
0x00007faec2734a2a:   49 8b 3c 24 31 d2 44 89 f6 48 89 45 90 e8 d4 4e
0x00007faec2734a3a:   c0 ff 49 8b 3c 24 31 d2 44 89 f6 48 89 45 98 e8
0x00007faec2734a4a:   e2 4f c0 ff 88 45 c1 49 8b 04 24 4c 8d 65 80 4c
0x00007faec2734a5a:   8b 95 68 ff ff ff 66 0f ef ed 4c 89 e6 48 8b 40
0x00007faec2734a6a:   18 49 8d 7a 20 0f 29 6d 80 48 89 45 a8 e8 e4 aa 


Stack slot to memory mapping:
stack at sp + 0 slots: 0x0 is NULL
stack at sp + 1 slots: 0x00007faec40593a0 is pointing into the stack for thread: 0x00007faebc016800
stack at sp + 2 slots: 0x00007faec40593a0 is pointing into the stack for thread: 0x00007faebc016800
stack at sp + 3 slots: 0x00007faec2a80ea9: <offset 0x0000000000dbaea9> in /usr/lib/jvm/java-11-openjdk-amd64/lib/server/libjvm.so at 0x00007faec1cc6000
stack at sp + 4 slots: 0x0 is NULL
stack at sp + 5 slots: 0x0 is NULL
stack at sp + 6 slots: 0x00000008004b7408 is pointing into metadata
stack at sp + 7 slots: 0x00000008004b9750 is pointing into metadata


---------------  P R O C E S S  ---------------

Threads class SMR info:
_java_thread_list=0x00007faebc220f10, length=9, elements={
0x00007faebc016800, 0x00007faebc1d4000, 0x00007faebc1d6000, 0x00007faebc1dc800,
0x00007faebc1de800, 0x00007faebc1e0800, 0x00007faebc1e2800, 0x00007faebc1e4800,
0x00007faebc21f800
}

Java Threads: ( => current thread )
=>0x00007faebc016800 JavaThread "main" [_thread_in_vm, id=6470, stack(0x00007faec3f5a000,0x00007faec405b000)]
  0x00007faebc1d4000 JavaThread "Reference Handler" daemon [_thread_blocked, id=6477, stack(0x00007fae8eff5000,0x00007fae8f0f6000)]
  0x00007faebc1d6000 JavaThread "Finalizer" daemon [_thread_blocked, id=6478, stack(0x00007fae8eef4000,0x00007fae8eff5000)]
  0x00007faebc1dc800 JavaThread "Signal Dispatcher" daemon [_thread_blocked, id=6479, stack(0x00007fae8ea7a000,0x00007fae8eb7b000)]
  0x00007faebc1de800 JavaThread "Service Thread" daemon [_thread_blocked, id=6480, stack(0x00007fae8e979000,0x00007fae8ea7a000)]
  0x00007faebc1e0800 JavaThread "C2 CompilerThread0" daemon [_thread_blocked, id=6481, stack(0x00007fae8e878000,0x00007fae8e979000)]
  0x00007faebc1e2800 JavaThread "C1 CompilerThread0" daemon [_thread_blocked, id=6482, stack(0x00007fae8e777000,0x00007fae8e878000)]
  0x00007faebc1e4800 JavaThread "Sweeper thread" daemon [_thread_blocked, id=6483, stack(0x00007fae8e676000,0x00007fae8e777000)]
  0x00007faebc21f800 JavaThread "Common-Cleaner" daemon [_thread_blocked, id=6485, stack(0x00007fae8e473000,0x00007fae8e574000)]

Other Threads:
  0x00007faebc1d1000 VMThread "VM Thread" [stack: 0x00007fae8f0f8000,0x00007fae8f1f8000] [id=6476]
  0x00007faebc21d000 WatcherThread [stack: 0x00007fae8e576000,0x00007fae8e676000] [id=6484]
  0x00007faebc02f800 GCTaskThread "GC Thread#0" [stack: 0x00007faea46a6000,0x00007faea47a6000] [id=6471]
  0x00007faebc08d000 ConcurrentGCThread "G1 Main Marker" [stack: 0x00007fae96801000,0x00007fae96901000] [id=6472]
  0x00007faebc08e800 ConcurrentGCThread "G1 Conc#0" [stack: 0x00007fae966ff000,0x00007fae967ff000] [id=6473]
  0x00007faebc193800 ConcurrentGCThread "G1 Refine#0" [stack: 0x00007fae8fafc000,0x00007fae8fbfc000] [id=6474]
  0x00007faebc195000 ConcurrentGCThread "G1 Young RemSet Sampling" [stack: 0x00007fae8f9fa000,0x00007fae8fafa000] [id=6475]

Threads with active compile tasks:

VM state:not at safepoint (normal execution)

VM Mutex/Monitor currently owned by a thread: None

Heap address: 0x000000070a200000, size: 3934 MB, Compressed Oops mode: Zero based, Oop shift amount: 3
Narrow klass base: 0x0000000800000000, Narrow klass shift: 3
Compressed class space size: 1073741824 Address: 0x0000000840000000

Heap:
 garbage-first heap   total 253952K, used 712K [0x000000070a200000, 0x0000000800000000)
  region size 1024K, 1 young (1024K), 0 survivors (0K)
 Metaspace       used 150K, capacity 4486K, committed 4864K, reserved 1056768K
  class space    used 5K, capacity 386K, committed 512K, reserved 1048576K
Heap Regions: E=young(eden), S=young(survivor), O=old, HS=humongous(starts), HC=humongous(continues), CS=collection set, F=free, A=archive, TAMS=top-at-mark-start (previous, next)
|   0|0x000000070a200000, 0x000000070a200000, 0x000000070a300000|  0%| F|  |TAMS 0x000000070a200000, 0x000000070a200000| Untracked 
|   1|0x000000070a300000, 0x000000070a300000, 0x000000070a400000|  0%| F|  |TAMS 0x000000070a300000, 0x000000070a300000| Untracked 
|   2|0x000000070a400000, 0x000000070a400000, 0x000000070a500000|  0%| F|  |TAMS 0x000000070a400000, 0x000000070a400000| Untracked 
|   3|0x000000070a500000, 0x000000070a500000, 0x000000070a600000|  0%| F|  |TAMS 0x000000070a500000, 0x000000070a500000| Untracked 
|   4|0x000000070a600000, 0x000000070a600000, 0x000000070a700000|  0%| F|  |TAMS 0x000000070a600000, 0x000000070a600000| Untracked 
|   5|0x000000070a700000, 0x000000070a700000, 0x000000070a800000|  0%| F|  |TAMS 0x000000070a700000, 0x000000070a700000| Untracked 
|   6|0x000000070a800000, 0x000000070a800000, 0x000000070a900000|  0%| F|  |TAMS 0x000000070a800000, 0x000000070a800000| Untracked 
|   7|0x000000070a900000, 0x000000070a900000, 0x000000070aa00000|  0%| F|  |TAMS 0x000000070a900000, 0x000000070a900000| Untracked 
|   8|0x000000070aa00000, 0x000000070aa00000, 0x000000070ab00000|  0%| F|  |TAMS 0x000000070aa00000, 0x000000070aa00000| Untracked 
|   9|0x000000070ab00000, 0x000000070ab00000, 0x000000070ac00000|  0%| F|  |TAMS 0x000000070ab00000, 0x000000070ab00000| Untracked 
|  10|0x000000070ac00000, 0x000000070ac00000, 0x000000070ad00000|  0%| F|  |TAMS 0x000000070ac00000, 0x000000070ac00000| Untracked 
|  11|0x000000070ad00000, 0x000000070ad00000, 0x000000070ae00000|  0%| F|  |TAMS 0x000000070ad00000, 0x000000070ad00000| Untracked 
|  12|0x000000070ae00000, 0x000000070ae00000, 0x000000070af00000|  0%| F|  |TAMS 0x000000070ae00000, 0x000000070ae00000| Untracked 
|  13|0x000000070af00000, 0x000000070af00000, 0x000000070b000000|  0%| F|  |TAMS 0x000000070af00000, 0x000000070af00000| Untracked 
|  14|0x000000070b000000, 0x000000070b000000, 0x000000070b100000|  0%| F|  |TAMS 0x000000070b000000, 0x000000070b000000| Untracked 
|  15|0x000000070b100000, 0x000000070b100000, 0x000000070b200000|  0%| F|  |TAMS 0x000000070b100000, 0x000000070b100000| Untracked 
|  16|0x000000070b200000, 0x000000070b200000, 0x000000070b300000|  0%| F|  |TAMS 0x000000070b200000, 0x000000070b200000| Untracked 
|  17|0x000000070b300000, 0x000000070b300000, 0x000000070b400000|  0%| F|  |TAMS 0x000000070b300000, 0x000000070b300000| Untracked 
|  18|0x000000070b400000, 0x000000070b400000, 0x000000070b500000|  0%| F|  |TAMS 0x000000070b400000, 0x000000070b400000| Untracked 
|  19|0x000000070b500000, 0x000000070b500000, 0x000000070b600000|  0%| F|  |TAMS 0x000000070b500000, 0x000000070b500000| Untracked 
|  20|0x000000070b600000, 0x000000070b600000, 0x000000070b700000|  0%| F|  |TAMS 0x000000070b600000, 0x000000070b600000| Untracked 
|  21|0x000000070b700000, 0x000000070b700000, 0x000000070b800000|  0%| F|  |TAMS 0x000000070b700000, 0x000000070b700000| Untracked 
|  22|0x000000070b800000, 0x000000070b800000, 0x000000070b900000|  0%| F|  |TAMS 0x000000070b800000, 0x000000070b800000| Untracked 
|  23|0x000000070b900000, 0x000000070b900000, 0x000000070ba00000|  0%| F|  |TAMS 0x000000070b900000, 0x000000070b900000| Untracked 
|  24|0x000000070ba00000, 0x000000070ba00000, 0x000000070bb00000|  0%| F|  |TAMS 0x000000070ba00000, 0x000000070ba00000| Untracked 
|  25|0x000000070bb00000, 0x000000070bb00000, 0x000000070bc00000|  0%| F|  |TAMS 0x000000070bb00000, 0x000000070bb00000| Untracked 
|  26|0x000000070bc00000, 0x000000070bc00000, 0x000000070bd00000|  0%| F|  |TAMS 0x000000070bc00000, 0x000000070bc00000| Untracked 
|  27|0x000000070bd00000, 0x000000070bd00000, 0x000000070be00000|  0%| F|  |TAMS 0x000000070bd00000, 0x000000070bd00000| Untracked 
|  28|0x000000070be00000, 0x000000070be00000, 0x000000070bf00000|  0%| F|  |TAMS 0x000000070be00000, 0x000000070be00000| Untracked 
|  29|0x000000070bf00000, 0x000000070bf00000, 0x000000070c000000|  0%| F|  |TAMS 0x000000070bf00000, 0x000000070bf00000| Untracked 
|  30|0x000000070c000000, 0x000000070c000000, 0x000000070c100000|  0%| F|  |TAMS 0x000000070c000000, 0x000000070c000000| Untracked 
|  31|0x000000070c100000, 0x000000070c100000, 0x000000070c200000|  0%| F|  |TAMS 0x000000070c100000, 0x000000070c100000| Untracked 
|  32|0x000000070c200000, 0x000000070c200000, 0x000000070c300000|  0%| F|  |TAMS 0x000000070c200000, 0x000000070c200000| Untracked 
|  33|0x000000070c300000, 0x000000070c300000, 0x000000070c400000|  0%| F|  |TAMS 0x000000070c300000, 0x000000070c300000| Untracked 
|  34|0x000000070c400000, 0x000000070c400000, 0x000000070c500000|  0%| F|  |TAMS 0x000000070c400000, 0x000000070c400000| Untracked 
|  35|0x000000070c500000, 0x000000070c500000, 0x000000070c600000|  0%| F|  |TAMS 0x000000070c500000, 0x000000070c500000| Untracked 
|  36|0x000000070c600000, 0x000000070c600000, 0x000000070c700000|  0%| F|  |TAMS 0x000000070c600000, 0x000000070c600000| Untracked 
|  37|0x000000070c700000, 0x000000070c700000, 0x000000070c800000|  0%| F|  |TAMS 0x000000070c700000, 0x000000070c700000| Untracked 
|  38|0x000000070c800000, 0x000000070c800000, 0x000000070c900000|  0%| F|  |TAMS 0x000000070c800000, 0x000000070c800000| Untracked 
|  39|0x000000070c900000, 0x000000070c900000, 0x000000070ca00000|  0%| F|  |TAMS 0x000000070c900000, 0x000000070c900000| Untracked 
|  40|0x000000070ca00000, 0x000000070ca00000, 0x000000070cb00000|  0%| F|  |TAMS 0x000000070ca00000, 0x000000070ca00000| Untracked 
|  41|0x000000070cb00000, 0x000000070cb00000, 0x000000070cc00000|  0%| F|  |TAMS 0x000000070cb00000, 0x000000070cb00000| Untracked 
|  42|0x000000070cc00000, 0x000000070cc00000, 0x000000070cd00000|  0%| F|  |TAMS 0x000000070cc00000, 0x000000070cc00000| Untracked 
|  43|0x000000070cd00000, 0x000000070cd00000, 0x000000070ce00000|  0%| F|  |TAMS 0x000000070cd00000, 0x000000070cd00000| Untracked 
|  44|0x000000070ce00000, 0x000000070ce00000, 0x000000070cf00000|  0%| F|  |TAMS 0x000000070ce00000, 0x000000070ce00000| Untracked 
|  45|0x000000070cf00000, 0x000000070cf00000, 0x000000070d000000|  0%| F|  |TAMS 0x000000070cf00000, 0x000000070cf00000| Untracked 
|  46|0x000000070d000000, 0x000000070d000000, 0x000000070d100000|  0%| F|  |TAMS 0x000000070d000000, 0x000000070d000000| Untracked 
|  47|0x000000070d100000, 0x000000070d100000, 0x000000070d200000|  0%| F|  |TAMS 0x000000070d100000, 0x000000070d100000| Untracked 
|  48|0x000000070d200000, 0x000000070d200000, 0x000000070d300000|  0%| F|  |TAMS 0x000000070d200000, 0x000000070d200000| Untracked 
|  49|0x000000070d300000, 0x000000070d300000, 0x000000070d400000|  0%| F|  |TAMS 0x000000070d300000, 0x000000070d300000| Untracked 
|  50|0x000000070d400000, 0x000000070d400000, 0x000000070d500000|  0%| F|  |TAMS 0x000000070d400000, 0x000000070d400000| Untracked 
|  51|0x000000070d500000, 0x000000070d500000, 0x000000070d600000|  0%| F|  |TAMS 0x000000070d500000, 0x000000070d500000| Untracked 
|  52|0x000000070d600000, 0x000000070d600000, 0x000000070d700000|  0%| F|  |TAMS 0x000000070d600000, 0x000000070d600000| Untracked 
|  53|0x000000070d700000, 0x000000070d700000, 0x000000070d800000|  0%| F|  |TAMS 0x000000070d700000, 0x000000070d700000| Untracked 
|  54|0x000000070d800000, 0x000000070d800000, 0x000000070d900000|  0%| F|  |TAMS 0x000000070d800000, 0x000000070d800000| Untracked 
|  55|0x000000070d900000, 0x000000070d900000, 0x000000070da00000|  0%| F|  |TAMS 0x000000070d900000, 0x000000070d900000| Untracked 
|  56|0x000000070da00000, 0x000000070da00000, 0x000000070db00000|  0%| F|  |TAMS 0x000000070da00000, 0x000000070da00000| Untracked 
|  57|0x000000070db00000, 0x000000070db00000, 0x000000070dc00000|  0%| F|  |TAMS 0x000000070db00000, 0x000000070db00000| Untracked 
|  58|0x000000070dc00000, 0x000000070dc00000, 0x000000070dd00000|  0%| F|  |TAMS 0x000000070dc00000, 0x000000070dc00000| Untracked 
|  59|0x000000070dd00000, 0x000000070dd00000, 0x000000070de00000|  0%| F|  |TAMS 0x000000070dd00000, 0x000000070dd00000| Untracked 
|  60|0x000000070de00000, 0x000000070de00000, 0x000000070df00000|  0%| F|  |TAMS 0x000000070de00000, 0x000000070de00000| Untracked 
|  61|0x000000070df00000, 0x000000070df00000, 0x000000070e000000|  0%| F|  |TAMS 0x000000070df00000, 0x000000070df00000| Untracked 
|  62|0x000000070e000000, 0x000000070e000000, 0x000000070e100000|  0%| F|  |TAMS 0x000000070e000000, 0x000000070e000000| Untracked 
|  63|0x000000070e100000, 0x000000070e100000, 0x000000070e200000|  0%| F|  |TAMS 0x000000070e100000, 0x000000070e100000| Untracked 
|  64|0x000000070e200000, 0x000000070e200000, 0x000000070e300000|  0%| F|  |TAMS 0x000000070e200000, 0x000000070e200000| Untracked 
|  65|0x000000070e300000, 0x000000070e300000, 0x000000070e400000|  0%| F|  |TAMS 0x000000070e300000, 0x000000070e300000| Untracked 
|  66|0x000000070e400000, 0x000000070e400000, 0x000000070e500000|  0%| F|  |TAMS 0x000000070e400000, 0x000000070e400000| Untracked 
|  67|0x000000070e500000, 0x000000070e500000, 0x000000070e600000|  0%| F|  |TAMS 0x000000070e500000, 0x000000070e500000| Untracked 
|  68|0x000000070e600000, 0x000000070e600000, 0x000000070e700000|  0%| F|  |TAMS 0x000000070e600000, 0x000000070e600000| Untracked 
|  69|0x000000070e700000, 0x000000070e700000, 0x000000070e800000|  0%| F|  |TAMS 0x000000070e700000, 0x000000070e700000| Untracked 
|  70|0x000000070e800000, 0x000000070e800000, 0x000000070e900000|  0%| F|  |TAMS 0x000000070e800000, 0x000000070e800000| Untracked 
|  71|0x000000070e900000, 0x000000070e900000, 0x000000070ea00000|  0%| F|  |TAMS 0x000000070e900000, 0x000000070e900000| Untracked 
|  72|0x000000070ea00000, 0x000000070ea00000, 0x000000070eb00000|  0%| F|  |TAMS 0x000000070ea00000, 0x000000070ea00000| Untracked 
|  73|0x000000070eb00000, 0x000000070eb00000, 0x000000070ec00000|  0%| F|  |TAMS 0x000000070eb00000, 0x000000070eb00000| Untracked 
|  74|0x000000070ec00000, 0x000000070ec00000, 0x000000070ed00000|  0%| F|  |TAMS 0x000000070ec00000, 0x000000070ec00000| Untracked 
|  75|0x000000070ed00000, 0x000000070ed00000, 0x000000070ee00000|  0%| F|  |TAMS 0x000000070ed00000, 0x000000070ed00000| Untracked 
|  76|0x000000070ee00000, 0x000000070ee00000, 0x000000070ef00000|  0%| F|  |TAMS 0x000000070ee00000, 0x000000070ee00000| Untracked 
|  77|0x000000070ef00000, 0x000000070ef00000, 0x000000070f000000|  0%| F|  |TAMS 0x000000070ef00000, 0x000000070ef00000| Untracked 
|  78|0x000000070f000000, 0x000000070f000000, 0x000000070f100000|  0%| F|  |TAMS 0x000000070f000000, 0x000000070f000000| Untracked 
|  79|0x000000070f100000, 0x000000070f100000, 0x000000070f200000|  0%| F|  |TAMS 0x000000070f100000, 0x000000070f100000| Untracked 
|  80|0x000000070f200000, 0x000000070f200000, 0x000000070f300000|  0%| F|  |TAMS 0x000000070f200000, 0x000000070f200000| Untracked 
|  81|0x000000070f300000, 0x000000070f300000, 0x000000070f400000|  0%| F|  |TAMS 0x000000070f300000, 0x000000070f300000| Untracked 
|  82|0x000000070f400000, 0x000000070f400000, 0x000000070f500000|  0%| F|  |TAMS 0x000000070f400000, 0x000000070f400000| Untracked 
|  83|0x000000070f500000, 0x000000070f500000, 0x000000070f600000|  0%| F|  |TAMS 0x000000070f500000, 0x000000070f500000| Untracked 
|  84|0x000000070f600000, 0x000000070f600000, 0x000000070f700000|  0%| F|  |TAMS 0x000000070f600000, 0x000000070f600000| Untracked 
|  85|0x000000070f700000, 0x000000070f700000, 0x000000070f800000|  0%| F|  |TAMS 0x000000070f700000, 0x000000070f700000| Untracked 
|  86|0x000000070f800000, 0x000000070f800000, 0x000000070f900000|  0%| F|  |TAMS 0x000000070f800000, 0x000000070f800000| Untracked 
|  87|0x000000070f900000, 0x000000070f900000, 0x000000070fa00000|  0%| F|  |TAMS 0x000000070f900000, 0x000000070f900000| Untracked 
|  88|0x000000070fa00000, 0x000000070fa00000, 0x000000070fb00000|  0%| F|  |TAMS 0x000000070fa00000, 0x000000070fa00000| Untracked 
|  89|0x000000070fb00000, 0x000000070fb00000, 0x000000070fc00000|  0%| F|  |TAMS 0x000000070fb00000, 0x000000070fb00000| Untracked 
|  90|0x000000070fc00000, 0x000000070fc00000, 0x000000070fd00000|  0%| F|  |TAMS 0x000000070fc00000, 0x000000070fc00000| Untracked 
|  91|0x000000070fd00000, 0x000000070fd00000, 0x000000070fe00000|  0%| F|  |TAMS 0x000000070fd00000, 0x000000070fd00000| Untracked 
|  92|0x000000070fe00000, 0x000000070fe00000, 0x000000070ff00000|  0%| F|  |TAMS 0x000000070fe00000, 0x000000070fe00000| Untracked 
|  93|0x000000070ff00000, 0x000000070ff00000, 0x0000000710000000|  0%| F|  |TAMS 0x000000070ff00000, 0x000000070ff00000| Untracked 
|  94|0x0000000710000000, 0x0000000710000000, 0x0000000710100000|  0%| F|  |TAMS 0x0000000710000000, 0x0000000710000000| Untracked 
|  95|0x0000000710100000, 0x0000000710100000, 0x0000000710200000|  0%| F|  |TAMS 0x0000000710100000, 0x0000000710100000| Untracked 
|  96|0x0000000710200000, 0x0000000710200000, 0x0000000710300000|  0%| F|  |TAMS 0x0000000710200000, 0x0000000710200000| Untracked 
|  97|0x0000000710300000, 0x0000000710300000, 0x0000000710400000|  0%| F|  |TAMS 0x0000000710300000, 0x0000000710300000| Untracked 
|  98|0x0000000710400000, 0x0000000710400000, 0x0000000710500000|  0%| F|  |TAMS 0x0000000710400000, 0x0000000710400000| Untracked 
|  99|0x0000000710500000, 0x0000000710500000, 0x0000000710600000|  0%| F|  |TAMS 0x0000000710500000, 0x0000000710500000| Untracked 
| 100|0x0000000710600000, 0x0000000710600000, 0x0000000710700000|  0%| F|  |TAMS 0x0000000710600000, 0x0000000710600000| Untracked 
| 101|0x0000000710700000, 0x0000000710700000, 0x0000000710800000|  0%| F|  |TAMS 0x0000000710700000, 0x0000000710700000| Untracked 
| 102|0x0000000710800000, 0x0000000710800000, 0x0000000710900000|  0%| F|  |TAMS 0x0000000710800000, 0x0000000710800000| Untracked 
| 103|0x0000000710900000, 0x0000000710900000, 0x0000000710a00000|  0%| F|  |TAMS 0x0000000710900000, 0x0000000710900000| Untracked 
| 104|0x0000000710a00000, 0x0000000710a00000, 0x0000000710b00000|  0%| F|  |TAMS 0x0000000710a00000, 0x0000000710a00000| Untracked 
| 105|0x0000000710b00000, 0x0000000710b00000, 0x0000000710c00000|  0%| F|  |TAMS 0x0000000710b00000, 0x0000000710b00000| Untracked 
| 106|0x0000000710c00000, 0x0000000710c00000, 0x0000000710d00000|  0%| F|  |TAMS 0x0000000710c00000, 0x0000000710c00000| Untracked 
| 107|0x0000000710d00000, 0x0000000710d00000, 0x0000000710e00000|  0%| F|  |TAMS 0x0000000710d00000, 0x0000000710d00000| Untracked 
| 108|0x0000000710e00000, 0x0000000710e00000, 0x0000000710f00000|  0%| F|  |TAMS 0x0000000710e00000, 0x0000000710e00000| Untracked 
| 109|0x0000000710f00000, 0x0000000710f00000, 0x0000000711000000|  0%| F|  |TAMS 0x0000000710f00000, 0x0000000710f00000| Untracked 
| 110|0x0000000711000000, 0x0000000711000000, 0x0000000711100000|  0%| F|  |TAMS 0x0000000711000000, 0x0000000711000000| Untracked 
| 111|0x0000000711100000, 0x0000000711100000, 0x0000000711200000|  0%| F|  |TAMS 0x0000000711100000, 0x0000000711100000| Untracked 
| 112|0x0000000711200000, 0x0000000711200000, 0x0000000711300000|  0%| F|  |TAMS 0x0000000711200000, 0x0000000711200000| Untracked 
| 113|0x0000000711300000, 0x0000000711300000, 0x0000000711400000|  0%| F|  |TAMS 0x0000000711300000, 0x0000000711300000| Untracked 
| 114|0x0000000711400000, 0x0000000711400000, 0x0000000711500000|  0%| F|  |TAMS 0x0000000711400000, 0x0000000711400000| Untracked 
| 115|0x0000000711500000, 0x0000000711500000, 0x0000000711600000|  0%| F|  |TAMS 0x0000000711500000, 0x0000000711500000| Untracked 
| 116|0x0000000711600000, 0x0000000711600000, 0x0000000711700000|  0%| F|  |TAMS 0x0000000711600000, 0x0000000711600000| Untracked 
| 117|0x0000000711700000, 0x0000000711700000, 0x0000000711800000|  0%| F|  |TAMS 0x0000000711700000, 0x0000000711700000| Untracked 
| 118|0x0000000711800000, 0x0000000711800000, 0x0000000711900000|  0%| F|  |TAMS 0x0000000711800000, 0x0000000711800000| Untracked 
| 119|0x0000000711900000, 0x0000000711900000, 0x0000000711a00000|  0%| F|  |TAMS 0x0000000711900000, 0x0000000711900000| Untracked 
| 120|0x0000000711a00000, 0x0000000711a00000, 0x0000000711b00000|  0%| F|  |TAMS 0x0000000711a00000, 0x0000000711a00000| Untracked 
| 121|0x0000000711b00000, 0x0000000711b00000, 0x0000000711c00000|  0%| F|  |TAMS 0x0000000711b00000, 0x0000000711b00000| Untracked 
| 122|0x0000000711c00000, 0x0000000711c00000, 0x0000000711d00000|  0%| F|  |TAMS 0x0000000711c00000, 0x0000000711c00000| Untracked 
| 123|0x0000000711d00000, 0x0000000711d00000, 0x0000000711e00000|  0%| F|  |TAMS 0x0000000711d00000, 0x0000000711d00000| Untracked 
| 124|0x0000000711e00000, 0x0000000711e00000, 0x0000000711f00000|  0%| F|  |TAMS 0x0000000711e00000, 0x0000000711e00000| Untracked 
| 125|0x0000000711f00000, 0x0000000711f00000, 0x0000000712000000|  0%| F|  |TAMS 0x0000000711f00000, 0x0000000711f00000| Untracked 
| 126|0x0000000712000000, 0x0000000712000000, 0x0000000712100000|  0%| F|  |TAMS 0x0000000712000000, 0x0000000712000000| Untracked 
| 127|0x0000000712100000, 0x0000000712100000, 0x0000000712200000|  0%| F|  |TAMS 0x0000000712100000, 0x0000000712100000| Untracked 
| 128|0x0000000712200000, 0x0000000712200000, 0x0000000712300000|  0%| F|  |TAMS 0x0000000712200000, 0x0000000712200000| Untracked 
| 129|0x0000000712300000, 0x0000000712300000, 0x0000000712400000|  0%| F|  |TAMS 0x0000000712300000, 0x0000000712300000| Untracked 
| 130|0x0000000712400000, 0x0000000712400000, 0x0000000712500000|  0%| F|  |TAMS 0x0000000712400000, 0x0000000712400000| Untracked 
| 131|0x0000000712500000, 0x0000000712500000, 0x0000000712600000|  0%| F|  |TAMS 0x0000000712500000, 0x0000000712500000| Untracked 
| 132|0x0000000712600000, 0x0000000712600000, 0x0000000712700000|  0%| F|  |TAMS 0x0000000712600000, 0x0000000712600000| Untracked 
| 133|0x0000000712700000, 0x0000000712700000, 0x0000000712800000|  0%| F|  |TAMS 0x0000000712700000, 0x0000000712700000| Untracked 
| 134|0x0000000712800000, 0x0000000712800000, 0x0000000712900000|  0%| F|  |TAMS 0x0000000712800000, 0x0000000712800000| Untracked 
| 135|0x0000000712900000, 0x0000000712900000, 0x0000000712a00000|  0%| F|  |TAMS 0x0000000712900000, 0x0000000712900000| Untracked 
| 136|0x0000000712a00000, 0x0000000712a00000, 0x0000000712b00000|  0%| F|  |TAMS 0x0000000712a00000, 0x0000000712a00000| Untracked 
| 137|0x0000000712b00000, 0x0000000712b00000, 0x0000000712c00000|  0%| F|  |TAMS 0x0000000712b00000, 0x0000000712b00000| Untracked 
| 138|0x0000000712c00000, 0x0000000712c00000, 0x0000000712d00000|  0%| F|  |TAMS 0x0000000712c00000, 0x0000000712c00000| Untracked 
| 139|0x0000000712d00000, 0x0000000712d00000, 0x0000000712e00000|  0%| F|  |TAMS 0x0000000712d00000, 0x0000000712d00000| Untracked 
| 140|0x0000000712e00000, 0x0000000712e00000, 0x0000000712f00000|  0%| F|  |TAMS 0x0000000712e00000, 0x0000000712e00000| Untracked 
| 141|0x0000000712f00000, 0x0000000712f00000, 0x0000000713000000|  0%| F|  |TAMS 0x0000000712f00000, 0x0000000712f00000| Untracked 
| 142|0x0000000713000000, 0x0000000713000000, 0x0000000713100000|  0%| F|  |TAMS 0x0000000713000000, 0x0000000713000000| Untracked 
| 143|0x0000000713100000, 0x0000000713100000, 0x0000000713200000|  0%| F|  |TAMS 0x0000000713100000, 0x0000000713100000| Untracked 
| 144|0x0000000713200000, 0x0000000713200000, 0x0000000713300000|  0%| F|  |TAMS 0x0000000713200000, 0x0000000713200000| Untracked 
| 145|0x0000000713300000, 0x0000000713300000, 0x0000000713400000|  0%| F|  |TAMS 0x0000000713300000, 0x0000000713300000| Untracked 
| 146|0x0000000713400000, 0x0000000713400000, 0x0000000713500000|  0%| F|  |TAMS 0x0000000713400000, 0x0000000713400000| Untracked 
| 147|0x0000000713500000, 0x0000000713500000, 0x0000000713600000|  0%| F|  |TAMS 0x0000000713500000, 0x0000000713500000| Untracked 
| 148|0x0000000713600000, 0x0000000713600000, 0x0000000713700000|  0%| F|  |TAMS 0x0000000713600000, 0x0000000713600000| Untracked 
| 149|0x0000000713700000, 0x0000000713700000, 0x0000000713800000|  0%| F|  |TAMS 0x0000000713700000, 0x0000000713700000| Untracked 
| 150|0x0000000713800000, 0x0000000713800000, 0x0000000713900000|  0%| F|  |TAMS 0x0000000713800000, 0x0000000713800000| Untracked 
| 151|0x0000000713900000, 0x0000000713900000, 0x0000000713a00000|  0%| F|  |TAMS 0x0000000713900000, 0x0000000713900000| Untracked 
| 152|0x0000000713a00000, 0x0000000713a00000, 0x0000000713b00000|  0%| F|  |TAMS 0x0000000713a00000, 0x0000000713a00000| Untracked 
| 153|0x0000000713b00000, 0x0000000713b00000, 0x0000000713c00000|  0%| F|  |TAMS 0x0000000713b00000, 0x0000000713b00000| Untracked 
| 154|0x0000000713c00000, 0x0000000713c00000, 0x0000000713d00000|  0%| F|  |TAMS 0x0000000713c00000, 0x0000000713c00000| Untracked 
| 155|0x0000000713d00000, 0x0000000713d00000, 0x0000000713e00000|  0%| F|  |TAMS 0x0000000713d00000, 0x0000000713d00000| Untracked 
| 156|0x0000000713e00000, 0x0000000713e00000, 0x0000000713f00000|  0%| F|  |TAMS 0x0000000713e00000, 0x0000000713e00000| Untracked 
| 157|0x0000000713f00000, 0x0000000713f00000, 0x0000000714000000|  0%| F|  |TAMS 0x0000000713f00000, 0x0000000713f00000| Untracked 
| 158|0x0000000714000000, 0x0000000714000000, 0x0000000714100000|  0%| F|  |TAMS 0x0000000714000000, 0x0000000714000000| Untracked 
| 159|0x0000000714100000, 0x0000000714100000, 0x0000000714200000|  0%| F|  |TAMS 0x0000000714100000, 0x0000000714100000| Untracked 
| 160|0x0000000714200000, 0x0000000714200000, 0x0000000714300000|  0%| F|  |TAMS 0x0000000714200000, 0x0000000714200000| Untracked 
| 161|0x0000000714300000, 0x0000000714300000, 0x0000000714400000|  0%| F|  |TAMS 0x0000000714300000, 0x0000000714300000| Untracked 
| 162|0x0000000714400000, 0x0000000714400000, 0x0000000714500000|  0%| F|  |TAMS 0x0000000714400000, 0x0000000714400000| Untracked 
| 163|0x0000000714500000, 0x0000000714500000, 0x0000000714600000|  0%| F|  |TAMS 0x0000000714500000, 0x0000000714500000| Untracked 
| 164|0x0000000714600000, 0x0000000714600000, 0x0000000714700000|  0%| F|  |TAMS 0x0000000714600000, 0x0000000714600000| Untracked 
| 165|0x0000000714700000, 0x0000000714700000, 0x0000000714800000|  0%| F|  |TAMS 0x0000000714700000, 0x0000000714700000| Untracked 
| 166|0x0000000714800000, 0x0000000714800000, 0x0000000714900000|  0%| F|  |TAMS 0x0000000714800000, 0x0000000714800000| Untracked 
| 167|0x0000000714900000, 0x0000000714900000, 0x0000000714a00000|  0%| F|  |TAMS 0x0000000714900000, 0x0000000714900000| Untracked 
| 168|0x0000000714a00000, 0x0000000714a00000, 0x0000000714b00000|  0%| F|  |TAMS 0x0000000714a00000, 0x0000000714a00000| Untracked 
| 169|0x0000000714b00000, 0x0000000714b00000, 0x0000000714c00000|  0%| F|  |TAMS 0x0000000714b00000, 0x0000000714b00000| Untracked 
| 170|0x0000000714c00000, 0x0000000714c00000, 0x0000000714d00000|  0%| F|  |TAMS 0x0000000714c00000, 0x0000000714c00000| Untracked 
| 171|0x0000000714d00000, 0x0000000714d00000, 0x0000000714e00000|  0%| F|  |TAMS 0x0000000714d00000, 0x0000000714d00000| Untracked 
| 172|0x0000000714e00000, 0x0000000714e00000, 0x0000000714f00000|  0%| F|  |TAMS 0x0000000714e00000, 0x0000000714e00000| Untracked 
| 173|0x0000000714f00000, 0x0000000714f00000, 0x0000000715000000|  0%| F|  |TAMS 0x0000000714f00000, 0x0000000714f00000| Untracked 
| 174|0x0000000715000000, 0x0000000715000000, 0x0000000715100000|  0%| F|  |TAMS 0x0000000715000000, 0x0000000715000000| Untracked 
| 175|0x0000000715100000, 0x0000000715100000, 0x0000000715200000|  0%| F|  |TAMS 0x0000000715100000, 0x0000000715100000| Untracked 
| 176|0x0000000715200000, 0x0000000715200000, 0x0000000715300000|  0%| F|  |TAMS 0x0000000715200000, 0x0000000715200000| Untracked 
| 177|0x0000000715300000, 0x0000000715300000, 0x0000000715400000|  0%| F|  |TAMS 0x0000000715300000, 0x0000000715300000| Untracked 
| 178|0x0000000715400000, 0x0000000715400000, 0x0000000715500000|  0%| F|  |TAMS 0x0000000715400000, 0x0000000715400000| Untracked 
| 179|0x0000000715500000, 0x0000000715500000, 0x0000000715600000|  0%| F|  |TAMS 0x0000000715500000, 0x0000000715500000| Untracked 
| 180|0x0000000715600000, 0x0000000715600000, 0x0000000715700000|  0%| F|  |TAMS 0x0000000715600000, 0x0000000715600000| Untracked 
| 181|0x0000000715700000, 0x0000000715700000, 0x0000000715800000|  0%| F|  |TAMS 0x0000000715700000, 0x0000000715700000| Untracked 
| 182|0x0000000715800000, 0x0000000715800000, 0x0000000715900000|  0%| F|  |TAMS 0x0000000715800000, 0x0000000715800000| Untracked 
| 183|0x0000000715900000, 0x0000000715900000, 0x0000000715a00000|  0%| F|  |TAMS 0x0000000715900000, 0x0000000715900000| Untracked 
| 184|0x0000000715a00000, 0x0000000715a00000, 0x0000000715b00000|  0%| F|  |TAMS 0x0000000715a00000, 0x0000000715a00000| Untracked 
| 185|0x0000000715b00000, 0x0000000715b00000, 0x0000000715c00000|  0%| F|  |TAMS 0x0000000715b00000, 0x0000000715b00000| Untracked 
| 186|0x0000000715c00000, 0x0000000715c00000, 0x0000000715d00000|  0%| F|  |TAMS 0x0000000715c00000, 0x0000000715c00000| Untracked 
| 187|0x0000000715d00000, 0x0000000715d00000, 0x0000000715e00000|  0%| F|  |TAMS 0x0000000715d00000, 0x0000000715d00000| Untracked 
| 188|0x0000000715e00000, 0x0000000715e00000, 0x0000000715f00000|  0%| F|  |TAMS 0x0000000715e00000, 0x0000000715e00000| Untracked 
| 189|0x0000000715f00000, 0x0000000715f00000, 0x0000000716000000|  0%| F|  |TAMS 0x0000000715f00000, 0x0000000715f00000| Untracked 
| 190|0x0000000716000000, 0x0000000716000000, 0x0000000716100000|  0%| F|  |TAMS 0x0000000716000000, 0x0000000716000000| Untracked 
| 191|0x0000000716100000, 0x0000000716100000, 0x0000000716200000|  0%| F|  |TAMS 0x0000000716100000, 0x0000000716100000| Untracked 
| 192|0x0000000716200000, 0x0000000716200000, 0x0000000716300000|  0%| F|  |TAMS 0x0000000716200000, 0x0000000716200000| Untracked 
| 193|0x0000000716300000, 0x0000000716300000, 0x0000000716400000|  0%| F|  |TAMS 0x0000000716300000, 0x0000000716300000| Untracked 
| 194|0x0000000716400000, 0x0000000716400000, 0x0000000716500000|  0%| F|  |TAMS 0x0000000716400000, 0x0000000716400000| Untracked 
| 195|0x0000000716500000, 0x0000000716500000, 0x0000000716600000|  0%| F|  |TAMS 0x0000000716500000, 0x0000000716500000| Untracked 
| 196|0x0000000716600000, 0x0000000716600000, 0x0000000716700000|  0%| F|  |TAMS 0x0000000716600000, 0x0000000716600000| Untracked 
| 197|0x0000000716700000, 0x0000000716700000, 0x0000000716800000|  0%| F|  |TAMS 0x0000000716700000, 0x0000000716700000| Untracked 
| 198|0x0000000716800000, 0x0000000716800000, 0x0000000716900000|  0%| F|  |TAMS 0x0000000716800000, 0x0000000716800000| Untracked 
| 199|0x0000000716900000, 0x0000000716900000, 0x0000000716a00000|  0%| F|  |TAMS 0x0000000716900000, 0x0000000716900000| Untracked 
| 200|0x0000000716a00000, 0x0000000716a00000, 0x0000000716b00000|  0%| F|  |TAMS 0x0000000716a00000, 0x0000000716a00000| Untracked 
| 201|0x0000000716b00000, 0x0000000716b00000, 0x0000000716c00000|  0%| F|  |TAMS 0x0000000716b00000, 0x0000000716b00000| Untracked 
| 202|0x0000000716c00000, 0x0000000716c00000, 0x0000000716d00000|  0%| F|  |TAMS 0x0000000716c00000, 0x0000000716c00000| Untracked 
| 203|0x0000000716d00000, 0x0000000716d00000, 0x0000000716e00000|  0%| F|  |TAMS 0x0000000716d00000, 0x0000000716d00000| Untracked 
| 204|0x0000000716e00000, 0x0000000716e00000, 0x0000000716f00000|  0%| F|  |TAMS 0x0000000716e00000, 0x0000000716e00000| Untracked 
| 205|0x0000000716f00000, 0x0000000716f00000, 0x0000000717000000|  0%| F|  |TAMS 0x0000000716f00000, 0x0000000716f00000| Untracked 
| 206|0x0000000717000000, 0x0000000717000000, 0x0000000717100000|  0%| F|  |TAMS 0x0000000717000000, 0x0000000717000000| Untracked 
| 207|0x0000000717100000, 0x0000000717100000, 0x0000000717200000|  0%| F|  |TAMS 0x0000000717100000, 0x0000000717100000| Untracked 
| 208|0x0000000717200000, 0x0000000717200000, 0x0000000717300000|  0%| F|  |TAMS 0x0000000717200000, 0x0000000717200000| Untracked 
| 209|0x0000000717300000, 0x0000000717300000, 0x0000000717400000|  0%| F|  |TAMS 0x0000000717300000, 0x0000000717300000| Untracked 
| 210|0x0000000717400000, 0x0000000717400000, 0x0000000717500000|  0%| F|  |TAMS 0x0000000717400000, 0x0000000717400000| Untracked 
| 211|0x0000000717500000, 0x0000000717500000, 0x0000000717600000|  0%| F|  |TAMS 0x0000000717500000, 0x0000000717500000| Untracked 
| 212|0x0000000717600000, 0x0000000717600000, 0x0000000717700000|  0%| F|  |TAMS 0x0000000717600000, 0x0000000717600000| Untracked 
| 213|0x0000000717700000, 0x0000000717700000, 0x0000000717800000|  0%| F|  |TAMS 0x0000000717700000, 0x0000000717700000| Untracked 
| 214|0x0000000717800000, 0x0000000717800000, 0x0000000717900000|  0%| F|  |TAMS 0x0000000717800000, 0x0000000717800000| Untracked 
| 215|0x0000000717900000, 0x0000000717900000, 0x0000000717a00000|  0%| F|  |TAMS 0x0000000717900000, 0x0000000717900000| Untracked 
| 216|0x0000000717a00000, 0x0000000717a00000, 0x0000000717b00000|  0%| F|  |TAMS 0x0000000717a00000, 0x0000000717a00000| Untracked 
| 217|0x0000000717b00000, 0x0000000717b00000, 0x0000000717c00000|  0%| F|  |TAMS 0x0000000717b00000, 0x0000000717b00000| Untracked 
| 218|0x0000000717c00000, 0x0000000717c00000, 0x0000000717d00000|  0%| F|  |TAMS 0x0000000717c00000, 0x0000000717c00000| Untracked 
| 219|0x0000000717d00000, 0x0000000717d00000, 0x0000000717e00000|  0%| F|  |TAMS 0x0000000717d00000, 0x0000000717d00000| Untracked 
| 220|0x0000000717e00000, 0x0000000717e00000, 0x0000000717f00000|  0%| F|  |TAMS 0x0000000717e00000, 0x0000000717e00000| Untracked 
| 221|0x0000000717f00000, 0x0000000717f00000, 0x0000000718000000|  0%| F|  |TAMS 0x0000000717f00000, 0x0000000717f00000| Untracked 
| 222|0x0000000718000000, 0x0000000718000000, 0x0000000718100000|  0%| F|  |TAMS 0x0000000718000000, 0x0000000718000000| Untracked 
| 223|0x0000000718100000, 0x0000000718100000, 0x0000000718200000|  0%| F|  |TAMS 0x0000000718100000, 0x0000000718100000| Untracked 
| 224|0x0000000718200000, 0x0000000718200000, 0x0000000718300000|  0%| F|  |TAMS 0x0000000718200000, 0x0000000718200000| Untracked 
| 225|0x0000000718300000, 0x0000000718300000, 0x0000000718400000|  0%| F|  |TAMS 0x0000000718300000, 0x0000000718300000| Untracked 
| 226|0x0000000718400000, 0x0000000718400000, 0x0000000718500000|  0%| F|  |TAMS 0x0000000718400000, 0x0000000718400000| Untracked 
| 227|0x0000000718500000, 0x0000000718500000, 0x0000000718600000|  0%| F|  |TAMS 0x0000000718500000, 0x0000000718500000| Untracked 
| 228|0x0000000718600000, 0x0000000718600000, 0x0000000718700000|  0%| F|  |TAMS 0x0000000718600000, 0x0000000718600000| Untracked 
| 229|0x0000000718700000, 0x0000000718700000, 0x0000000718800000|  0%| F|  |TAMS 0x0000000718700000, 0x0000000718700000| Untracked 
| 230|0x0000000718800000, 0x0000000718800000, 0x0000000718900000|  0%| F|  |TAMS 0x0000000718800000, 0x0000000718800000| Untracked 
| 231|0x0000000718900000, 0x0000000718900000, 0x0000000718a00000|  0%| F|  |TAMS 0x0000000718900000, 0x0000000718900000| Untracked 
| 232|0x0000000718a00000, 0x0000000718a00000, 0x0000000718b00000|  0%| F|  |TAMS 0x0000000718a00000, 0x0000000718a00000| Untracked 
| 233|0x0000000718b00000, 0x0000000718b00000, 0x0000000718c00000|  0%| F|  |TAMS 0x0000000718b00000, 0x0000000718b00000| Untracked 
| 234|0x0000000718c00000, 0x0000000718c00000, 0x0000000718d00000|  0%| F|  |TAMS 0x0000000718c00000, 0x0000000718c00000| Untracked 
| 235|0x0000000718d00000, 0x0000000718d00000, 0x0000000718e00000|  0%| F|  |TAMS 0x0000000718d00000, 0x0000000718d00000| Untracked 
| 236|0x0000000718e00000, 0x0000000718e00000, 0x0000000718f00000|  0%| F|  |TAMS 0x0000000718e00000, 0x0000000718e00000| Untracked 
| 237|0x0000000718f00000, 0x0000000718f00000, 0x0000000719000000|  0%| F|  |TAMS 0x0000000718f00000, 0x0000000718f00000| Untracked 
| 238|0x0000000719000000, 0x0000000719000000, 0x0000000719100000|  0%| F|  |TAMS 0x0000000719000000, 0x0000000719000000| Untracked 
| 239|0x0000000719100000, 0x0000000719100000, 0x0000000719200000|  0%| F|  |TAMS 0x0000000719100000, 0x0000000719100000| Untracked 
| 240|0x0000000719200000, 0x0000000719200000, 0x0000000719300000|  0%| F|  |TAMS 0x0000000719200000, 0x0000000719200000| Untracked 
| 241|0x0000000719300000, 0x0000000719300000, 0x0000000719400000|  0%| F|  |TAMS 0x0000000719300000, 0x0000000719300000| Untracked 
| 242|0x0000000719400000, 0x0000000719400000, 0x0000000719500000|  0%| F|  |TAMS 0x0000000719400000, 0x0000000719400000| Untracked 
| 243|0x0000000719500000, 0x0000000719500000, 0x0000000719600000|  0%| F|  |TAMS 0x0000000719500000, 0x0000000719500000| Untracked 
| 244|0x0000000719600000, 0x0000000719600000, 0x0000000719700000|  0%| F|  |TAMS 0x0000000719600000, 0x0000000719600000| Untracked 
| 245|0x0000000719700000, 0x0000000719800000, 0x0000000719800000|100%| E|  |TAMS 0x0000000719700000, 0x0000000719700000| Complete 
|2908|0x00000007bfe00000, 0x00000007bfe47000, 0x00000007bff00000| 27%|OA|  |TAMS 0x00000007bfe00000, 0x00000007bfe00000| Untracked 
|2909|0x00000007bff00000, 0x00000007bff6b000, 0x00000007c0000000| 41%|CA|  |TAMS 0x00000007bff00000, 0x00000007bff00000| Untracked 

Card table byte_map: [0x00007fae9ec9e000,0x00007fae9f44d000] _byte_map_base: 0x00007fae9b44d000

Marking Bits (Prev, Next): (CMBitMap*) 0x00007faebc07c7f8, (CMBitMap*) 0x00007faebc07c830
 Prev Bits: [0x00007fae9a777000, 0x00007fae9e4ef000)
 Next Bits: [0x00007fae969ff000, 0x00007fae9a777000)

Polling page: 0x00007faec4075000

Metaspace:

Usage:
  Non-class:      4.00 MB capacity,   145.35 KB (  4%) used,     3.86 MB ( 96%) free+waste,   128 bytes ( <1%) overhead. 
      Class:    386.00 KB capacity,     5.18 KB (  1%) used,   380.70 KB ( 99%) free+waste,   128 bytes ( <1%) overhead. 
       Both:      4.38 MB capacity,   150.53 KB (  3%) used,     4.23 MB ( 97%) free+waste,   256 bytes ( <1%) overhead. 

Virtual space:
  Non-class space:        8.00 MB reserved,       4.25 MB ( 53%) committed 
      Class space:        1.00 GB reserved,     512.00 KB ( <1%) committed 
             Both:        1.01 GB reserved,       4.75 MB ( <1%) committed 

Chunk freelists:
   Non-Class:  0 bytes
       Class:  0 bytes
        Both:  0 bytes

MaxMetaspaceSize: unlimited
CompressedClassSpaceSize: 1.00 GB

CodeHeap 'non-profiled nmethods': size=120032Kb used=14Kb max_used=14Kb free=120017Kb
 bounds [0x00007faeac359000, 0x00007faeac5c9000, 0x00007faeb3891000]
CodeHeap 'profiled nmethods': size=120028Kb used=78Kb max_used=78Kb free=119949Kb
 bounds [0x00007faea4e22000, 0x00007faea5092000, 0x00007faeac359000]
CodeHeap 'non-nmethods': size=5700Kb used=983Kb max_used=992Kb free=4716Kb
 bounds [0x00007faea4891000, 0x00007faea4b01000, 0x00007faea4e22000]
 total_blobs=299 nmethods=57 adapters=155
 compilation: enabled
              stopped_count=0, restarted_count=0
 full_count=0

Compilation events (20 events):
Event: 0.020 Thread 0x00007faebc1e2800 nmethod 47 0x00007faea4e31110 code [0x00007faea4e313e0, 0x00007faea4e32980]
Event: 0.020 Thread 0x00007faebc1e2800   48       3       jdk.internal.module.ModuleBootstrap$2::hasNext (30 bytes)
Event: 0.020 Thread 0x00007faebc1e2800 nmethod 48 0x00007faea4e32e10 code [0x00007faea4e32fe0, 0x00007faea4e33330]
Event: 0.020 Thread 0x00007faebc1e0800 nmethod 53 0x00007faeac35bf90 code [0x00007faeac35c120, 0x00007faeac35c1d8]
Event: 0.020 Thread 0x00007faebc1e2800   49       3       jdk.internal.module.ModuleBootstrap$2::next (52 bytes)
Event: 0.020 Thread 0x00007faebc1e2800 nmethod 49 0x00007faea4e33410 code [0x00007faea4e33620, 0x00007faea4e33ba0]
Event: 0.020 Thread 0x00007faebc1e2800   50       3       java.util.HashMap::putIfAbsent (13 bytes)
Event: 0.020 Thread 0x00007faebc1e2800 nmethod 50 0x00007faea4e33d10 code [0x00007faea4e33ee0, 0x00007faea4e341f0]
Event: 0.020 Thread 0x00007faebc1e2800   45       1       java.lang.module.ModuleDescriptor::isOpen (5 bytes)
Event: 0.020 Thread 0x00007faebc1e2800 nmethod 45 0x00007faeac35c290 code [0x00007faeac35c440, 0x00007faeac35c510]
Event: 0.020 Thread 0x00007faebc1e2800   54       1       java.lang.Module::getDescriptor (5 bytes)
Event: 0.020 Thread 0x00007faebc1e2800 nmethod 54 0x00007faeac35c590 code [0x00007faeac35c740, 0x00007faeac35c810]
Event: 0.020 Thread 0x00007faebc1e2800   44       3       java.util.HashSet::add (20 bytes)
Event: 0.021 Thread 0x00007faebc1e2800 nmethod 44 0x00007faea4e34310 code [0x00007faea4e34500, 0x00007faea4e34970]
Event: 0.021 Thread 0x00007faebc1e2800   55       3       java.lang.String::charAt (25 bytes)
Event: 0.021 Thread 0x00007faebc1e2800 nmethod 55 0x00007faea4e34b10 code [0x00007faea4e34d00, 0x00007faea4e350d0]
Event: 0.021 Thread 0x00007faebc1e2800   56       3       java.lang.StringLatin1::charAt (28 bytes)
Event: 0.021 Thread 0x00007faebc1e2800 nmethod 56 0x00007faea4e35210 code [0x00007faea4e353e0, 0x00007faea4e355c0]
Event: 0.021 Thread 0x00007faebc1e2800   57       3       java.lang.CharacterDataLatin1::getProperties (11 bytes)
Event: 0.021 Thread 0x00007faebc1e2800 nmethod 57 0x00007faea4e35690 code [0x00007faea4e35840, 0x00007faea4e35990]

GC Heap History (0 events):
No events

Deoptimization events (0 events):
No events

Classes redefined (0 events):
No events

Internal exceptions (0 events):
No events

Events (20 events):
Event: 0.011 Thread 0x00007faebc1e0800 Thread added: 0x00007faebc1e0800
Event: 0.011 Protecting memory [0x00007fae8e878000,0x00007fae8e87c000] with protection modes 0
Event: 0.011 Thread 0x00007faebc1e2800 Thread added: 0x00007faebc1e2800
Event: 0.011 Protecting memory [0x00007fae8e777000,0x00007fae8e77b000] with protection modes 0
Event: 0.011 Thread 0x00007faebc1e4800 Thread added: 0x00007faebc1e4800
Event: 0.011 Protecting memory [0x00007fae8e676000,0x00007fae8e67a000] with protection modes 0
Event: 0.020 Executing VM operation: EnableBiasedLocking
Event: 0.020 Executing VM operation: EnableBiasedLocking done
Event: 0.020 loading class jdk/internal/vm/PostVMInitHook
Event: 0.020 loading class jdk/internal/vm/PostVMInitHook done
Event: 0.020 loading class Main
Event: 0.020 loading class Main done
Event: 0.021 loading class jdk/internal/loader/URLClassPath$FileLoader
Event: 0.021 loading class jdk/internal/loader/URLClassPath$FileLoader done
Event: 0.021 loading class jdk/internal/loader/URLClassPath$FileLoader$1
Event: 0.021 loading class jdk/internal/loader/URLClassPath$FileLoader$1 done
Event: 0.022 Thread 0x00007faebc21f800 Thread added: 0x00007faebc21f800
Event: 0.022 Protecting memory [0x00007fae8e473000,0x00007fae8e477000] with protection modes 0
Event: 0.022 Executing VM operation: RevokeBias
Event: 0.022 Executing VM operation: RevokeBias done


Dynamic libraries:
70a200000-719800000 rw-p 00000000 00:00 0 
719800000-7bfe00000 ---p 00000000 00:00 0 
7bfe00000-7bfe47000 rw-p 01111000 103:06 1198613                         /usr/lib/jvm/java-11-openjdk-amd64/lib/server/classes.jsa
7bfe47000-7bff00000 rw-p 00000000 00:00 0 
7bff00000-7bff6b000 rw-p 010a6000 103:06 1198613                         /usr/lib/jvm/java-11-openjdk-amd64/lib/server/classes.jsa
7bff6b000-7c0000000 rw-p 00000000 00:00 0 
7c0000000-800000000 ---p 00000000 00:00 0 
800000000-800002000 rwxp 00001000 103:06 1198613                         /usr/lib/jvm/java-11-openjdk-amd64/lib/server/classes.jsa
800002000-8003b9000 rw-p 00003000 103:06 1198613                         /usr/lib/jvm/java-11-openjdk-amd64/lib/server/classes.jsa
8003b9000-800a96000 r--p 003ba000 103:06 1198613                         /usr/lib/jvm/java-11-openjdk-amd64/lib/server/classes.jsa
800a96000-800a97000 rw-p 00a97000 103:06 1198613                         /usr/lib/jvm/java-11-openjdk-amd64/lib/server/classes.jsa
800a97000-8010a5000 r--p 00a98000 103:06 1198613                         /usr/lib/jvm/java-11-openjdk-amd64/lib/server/classes.jsa
840000000-840080000 rw-p 00000000 00:00 0 
840080000-880000000 ---p 00000000 00:00 0 
55f4ec195000-55f4ec196000 r-xp 00000000 103:06 1193512                   /usr/lib/jvm/java-11-openjdk-amd64/bin/java
55f4ec396000-55f4ec397000 r--p 00001000 103:06 1193512                   /usr/lib/jvm/java-11-openjdk-amd64/bin/java
55f4ec397000-55f4ec398000 rw-p 00002000 103:06 1193512                   /usr/lib/jvm/java-11-openjdk-amd64/bin/java
55f4ecf5f000-55f4ecf80000 rw-p 00000000 00:00 0                          [heap]
7fae54000000-7fae54021000 rw-p 00000000 00:00 0 
7fae54021000-7fae58000000 ---p 00000000 00:00 0 
7fae5c000000-7fae5c021000 rw-p 00000000 00:00 0 
7fae5c021000-7fae60000000 ---p 00000000 00:00 0 
7fae60000000-7fae60021000 rw-p 00000000 00:00 0 
7fae60021000-7fae64000000 ---p 00000000 00:00 0 
7fae64000000-7fae6409e000 rw-p 00000000 00:00 0 
7fae6409e000-7fae68000000 ---p 00000000 00:00 0 
7fae68000000-7fae68066000 rw-p 00000000 00:00 0 
7fae68066000-7fae6c000000 ---p 00000000 00:00 0 
7fae6c000000-7fae6c021000 rw-p 00000000 00:00 0 
7fae6c021000-7fae70000000 ---p 00000000 00:00 0 
7fae70000000-7fae70021000 rw-p 00000000 00:00 0 
7fae70021000-7fae74000000 ---p 00000000 00:00 0 
7fae74000000-7fae74021000 rw-p 00000000 00:00 0 
7fae74021000-7fae78000000 ---p 00000000 00:00 0 
7fae78000000-7fae78021000 rw-p 00000000 00:00 0 
7fae78021000-7fae7c000000 ---p 00000000 00:00 0 
7fae7c000000-7fae7c021000 rw-p 00000000 00:00 0 
7fae7c021000-7fae80000000 ---p 00000000 00:00 0 
7fae80000000-7fae80021000 rw-p 00000000 00:00 0 
7fae80021000-7fae84000000 ---p 00000000 00:00 0 
7fae84000000-7fae84021000 rw-p 00000000 00:00 0 
7fae84021000-7fae88000000 ---p 00000000 00:00 0 
7fae88000000-7fae88021000 rw-p 00000000 00:00 0 
7fae88021000-7fae8c000000 ---p 00000000 00:00 0 
7fae8e473000-7fae8e477000 ---p 00000000 00:00 0 
7fae8e477000-7fae8e574000 rw-p 00000000 00:00 0 
7fae8e574000-7fae8e575000 ---p 00000000 00:00 0 
7fae8e575000-7fae8e676000 rw-p 00000000 00:00 0 
7fae8e676000-7fae8e67a000 ---p 00000000 00:00 0 
7fae8e67a000-7fae8e777000 rw-p 00000000 00:00 0 
7fae8e777000-7fae8e77b000 ---p 00000000 00:00 0 
7fae8e77b000-7fae8e878000 rw-p 00000000 00:00 0 
7fae8e878000-7fae8e87c000 ---p 00000000 00:00 0 
7fae8e87c000-7fae8e979000 rw-p 00000000 00:00 0 
7fae8e979000-7fae8e97d000 ---p 00000000 00:00 0 
7fae8e97d000-7fae8ea7a000 rw-p 00000000 00:00 0 
7fae8ea7a000-7fae8ea7e000 ---p 00000000 00:00 0 
7fae8ea7e000-7fae8eb7b000 rw-p 00000000 00:00 0 
7fae8eb7b000-7fae8eef4000 r--p 00000000 103:06 1182520                   /usr/lib/locale/locale-archive
7fae8eef4000-7fae8eef8000 ---p 00000000 00:00 0 
7fae8eef8000-7fae8eff5000 rw-p 00000000 00:00 0 
7fae8eff5000-7fae8eff9000 ---p 00000000 00:00 0 
7fae8eff9000-7fae8f0f6000 rw-p 00000000 00:00 0 
7fae8f0f6000-7fae8f0f7000 ---p 00000000 00:00 0 
7fae8f0f7000-7fae8f638000 rw-p 00000000 00:00 0 
7fae8f638000-7fae8f9f8000 ---p 00000000 00:00 0 
7fae8f9f8000-7fae8f9f9000 ---p 00000000 00:00 0 
7fae8f9f9000-7fae8fafa000 rw-p 00000000 00:00 0 
7fae8fafa000-7fae8fafb000 ---p 00000000 00:00 0 
7fae8fafb000-7fae90000000 rw-p 00000000 00:00 0 
7fae90000000-7fae90021000 rw-p 00000000 00:00 0 
7fae90021000-7fae94000000 ---p 00000000 00:00 0 
7fae940f7000-7fae966fd000 rw-p 00000000 00:00 0 
7fae966fd000-7fae966fe000 ---p 00000000 00:00 0 
7fae966fe000-7fae967ff000 rw-p 00000000 00:00 0 
7fae967ff000-7fae96800000 ---p 00000000 00:00 0 
7fae96800000-7fae96dd7000 rw-p 00000000 00:00 0 
7fae96dd7000-7fae9976f000 ---p 00000000 00:00 0 
7fae9976f000-7fae99777000 rw-p 00000000 00:00 0 
7fae99777000-7fae9a777000 ---p 00000000 00:00 0 
7fae9a777000-7fae9ab4f000 rw-p 00000000 00:00 0 
7fae9ab4f000-7fae9d4e7000 ---p 00000000 00:00 0 
7fae9d4e7000-7fae9d4ef000 rw-p 00000000 00:00 0 
7fae9d4ef000-7fae9e4ef000 ---p 00000000 00:00 0 
7fae9e4ef000-7fae9e56a000 rw-p 00000000 00:00 0 
7fae9e56a000-7fae9ea9d000 ---p 00000000 00:00 0 
7fae9ea9d000-7fae9ea9e000 rw-p 00000000 00:00 0 
7fae9ea9e000-7fae9ec9e000 ---p 00000000 00:00 0 
7fae9ec9e000-7fae9ed19000 rw-p 00000000 00:00 0 
7fae9ed19000-7fae9f24c000 ---p 00000000 00:00 0 
7fae9f24c000-7fae9f24d000 rw-p 00000000 00:00 0 
7fae9f24d000-7fae9f44d000 ---p 00000000 00:00 0 
7fae9f44d000-7fae9f4c8000 rw-p 00000000 00:00 0 
7fae9f4c8000-7fae9f9fb000 ---p 00000000 00:00 0 
7fae9f9fb000-7fae9f9fc000 rw-p 00000000 00:00 0 
7fae9f9fc000-7fae9fbfc000 ---p 00000000 00:00 0 
7fae9fbfc000-7faea0000000 rw-p 00000000 00:00 0 
7faea0000000-7faea0021000 rw-p 00000000 00:00 0 
7faea0021000-7faea4000000 ---p 00000000 00:00 0 
7faea401d000-7faea46a4000 rw-p 00000000 00:00 0 
7faea46a4000-7faea46a5000 ---p 00000000 00:00 0 
7faea46a5000-7faea47ab000 rw-p 00000000 00:00 0 
7faea47ab000-7faea4891000 ---p 00000000 00:00 0 
7faea4891000-7faea4b01000 rwxp 00000000 00:00 0 
7faea4b01000-7faea4e22000 ---p 00000000 00:00 0 
7faea4e22000-7faea5092000 rwxp 00000000 00:00 0 
7faea5092000-7faeac359000 ---p 00000000 00:00 0 
7faeac359000-7faeac5c9000 rwxp 00000000 00:00 0 
7faeac5c9000-7faeb3891000 ---p 00000000 00:00 0 
7faeb3891000-7faebc000000 r--s 00000000 103:06 1193674                   /usr/lib/jvm/java-11-openjdk-amd64/lib/modules
7faebc000000-7faebc22d000 rw-p 00000000 00:00 0 
7faebc22d000-7faec0000000 ---p 00000000 00:00 0 
7faec0009000-7faec000e000 rw-p 00000000 00:00 0 
7faec000e000-7faec00f4000 ---p 00000000 00:00 0 
7faec00f4000-7faec00fb000 r-xp 00000000 103:06 1193673                   /usr/lib/jvm/java-11-openjdk-amd64/lib/libzip.so
7faec00fb000-7faec02fa000 ---p 00007000 103:06 1193673                   /usr/lib/jvm/java-11-openjdk-amd64/lib/libzip.so
7faec02fa000-7faec02fb000 r--p 00006000 103:06 1193673                   /usr/lib/jvm/java-11-openjdk-amd64/lib/libzip.so
7faec02fb000-7faec02fc000 rw-p 00007000 103:06 1193673                   /usr/lib/jvm/java-11-openjdk-amd64/lib/libzip.so
7faec02fc000-7faec0307000 r-xp 00000000 103:06 2500042                   /lib/x86_64-linux-gnu/libnss_files-2.27.so
7faec0307000-7faec0506000 ---p 0000b000 103:06 2500042                   /lib/x86_64-linux-gnu/libnss_files-2.27.so
7faec0506000-7faec0507000 r--p 0000a000 103:06 2500042                   /lib/x86_64-linux-gnu/libnss_files-2.27.so
7faec0507000-7faec0508000 rw-p 0000b000 103:06 2500042                   /lib/x86_64-linux-gnu/libnss_files-2.27.so
7faec0508000-7faec050e000 rw-p 00000000 00:00 0 
7faec050e000-7faec0525000 r-xp 00000000 103:06 2500039                   /lib/x86_64-linux-gnu/libnsl-2.27.so
7faec0525000-7faec0724000 ---p 00017000 103:06 2500039                   /lib/x86_64-linux-gnu/libnsl-2.27.so
7faec0724000-7faec0725000 r--p 00016000 103:06 2500039                   /lib/x86_64-linux-gnu/libnsl-2.27.so
7faec0725000-7faec0726000 rw-p 00017000 103:06 2500039                   /lib/x86_64-linux-gnu/libnsl-2.27.so
7faec0726000-7faec0728000 rw-p 00000000 00:00 0 
7faec0728000-7faec0733000 r-xp 00000000 103:06 2500044                   /lib/x86_64-linux-gnu/libnss_nis-2.27.so
7faec0733000-7faec0932000 ---p 0000b000 103:06 2500044                   /lib/x86_64-linux-gnu/libnss_nis-2.27.so
7faec0932000-7faec0933000 r--p 0000a000 103:06 2500044                   /lib/x86_64-linux-gnu/libnss_nis-2.27.so
7faec0933000-7faec0934000 rw-p 0000b000 103:06 2500044                   /lib/x86_64-linux-gnu/libnss_nis-2.27.so
7faec0934000-7faec093c000 r-xp 00000000 103:06 2500040                   /lib/x86_64-linux-gnu/libnss_compat-2.27.so
7faec093c000-7faec0b3c000 ---p 00008000 103:06 2500040                   /lib/x86_64-linux-gnu/libnss_compat-2.27.so
7faec0b3c000-7faec0b3d000 r--p 00008000 103:06 2500040                   /lib/x86_64-linux-gnu/libnss_compat-2.27.so
7faec0b3d000-7faec0b3e000 rw-p 00009000 103:06 2500040                   /lib/x86_64-linux-gnu/libnss_compat-2.27.so
7faec0b3e000-7faec0b43000 r-xp 00000000 103:06 1193656                   /usr/lib/jvm/java-11-openjdk-amd64/lib/libjimage.so
7faec0b43000-7faec0d42000 ---p 00005000 103:06 1193656                   /usr/lib/jvm/java-11-openjdk-amd64/lib/libjimage.so
7faec0d42000-7faec0d43000 r--p 00004000 103:06 1193656                   /usr/lib/jvm/java-11-openjdk-amd64/lib/libjimage.so
7faec0d43000-7faec0d44000 rw-p 00005000 103:06 1193656                   /usr/lib/jvm/java-11-openjdk-amd64/lib/libjimage.so
7faec0d44000-7faec0d6d000 r-xp 00000000 103:06 1193652                   /usr/lib/jvm/java-11-openjdk-amd64/lib/libjava.so
7faec0d6d000-7faec0f6d000 ---p 00029000 103:06 1193652                   /usr/lib/jvm/java-11-openjdk-amd64/lib/libjava.so
7faec0f6d000-7faec0f6e000 r--p 00029000 103:06 1193652                   /usr/lib/jvm/java-11-openjdk-amd64/lib/libjava.so
7faec0f6e000-7faec0f6f000 rw-p 0002a000 103:06 1193652                   /usr/lib/jvm/java-11-openjdk-amd64/lib/libjava.so
7faec0f6f000-7faec0f70000 rw-p 00000000 00:00 0 
7faec0f70000-7faec0f7d000 r-xp 00000000 103:06 1193672                   /usr/lib/jvm/java-11-openjdk-amd64/lib/libverify.so
7faec0f7d000-7faec117c000 ---p 0000d000 103:06 1193672                   /usr/lib/jvm/java-11-openjdk-amd64/lib/libverify.so
7faec117c000-7faec117e000 r--p 0000c000 103:06 1193672                   /usr/lib/jvm/java-11-openjdk-amd64/lib/libverify.so
7faec117e000-7faec117f000 rw-p 0000e000 103:06 1193672                   /usr/lib/jvm/java-11-openjdk-amd64/lib/libverify.so
7faec117f000-7faec1186000 r-xp 00000000 103:06 2500049                   /lib/x86_64-linux-gnu/librt-2.27.so
7faec1186000-7faec1385000 ---p 00007000 103:06 2500049                   /lib/x86_64-linux-gnu/librt-2.27.so
7faec1385000-7faec1386000 r--p 00006000 103:06 2500049                   /lib/x86_64-linux-gnu/librt-2.27.so
7faec1386000-7faec1387000 rw-p 00007000 103:06 2500049                   /lib/x86_64-linux-gnu/librt-2.27.so
7faec1387000-7faec139e000 r-xp 00000000 103:06 2496109                   /lib/x86_64-linux-gnu/libgcc_s.so.1
7faec139e000-7faec159d000 ---p 00017000 103:06 2496109                   /lib/x86_64-linux-gnu/libgcc_s.so.1
7faec159d000-7faec159e000 r--p 00016000 103:06 2496109                   /lib/x86_64-linux-gnu/libgcc_s.so.1
7faec159e000-7faec159f000 rw-p 00017000 103:06 2496109                   /lib/x86_64-linux-gnu/libgcc_s.so.1
7faec159f000-7faec173c000 r-xp 00000000 103:06 2500036                   /lib/x86_64-linux-gnu/libm-2.27.so
7faec173c000-7faec193b000 ---p 0019d000 103:06 2500036                   /lib/x86_64-linux-gnu/libm-2.27.so
7faec193b000-7faec193c000 r--p 0019c000 103:06 2500036                   /lib/x86_64-linux-gnu/libm-2.27.so
7faec193c000-7faec193d000 rw-p 0019d000 103:06 2500036                   /lib/x86_64-linux-gnu/libm-2.27.so
7faec193d000-7faec1ab6000 r-xp 00000000 103:06 1189731                   /usr/lib/x86_64-linux-gnu/libstdc++.so.6.0.25
7faec1ab6000-7faec1cb6000 ---p 00179000 103:06 1189731                   /usr/lib/x86_64-linux-gnu/libstdc++.so.6.0.25
7faec1cb6000-7faec1cc0000 r--p 00179000 103:06 1189731                   /usr/lib/x86_64-linux-gnu/libstdc++.so.6.0.25
7faec1cc0000-7faec1cc2000 rw-p 00183000 103:06 1189731                   /usr/lib/x86_64-linux-gnu/libstdc++.so.6.0.25
7faec1cc2000-7faec1cc6000 rw-p 00000000 00:00 0 
7faec1cc6000-7faec2ebc000 r-xp 00000000 103:06 1193679                   /usr/lib/jvm/java-11-openjdk-amd64/lib/server/libjvm.so
7faec2ebc000-7faec30bb000 ---p 011f6000 103:06 1193679                   /usr/lib/jvm/java-11-openjdk-amd64/lib/server/libjvm.so
7faec30bb000-7faec317c000 r--p 011f5000 103:06 1193679                   /usr/lib/jvm/java-11-openjdk-amd64/lib/server/libjvm.so
7faec317c000-7faec31b7000 rw-p 012b6000 103:06 1193679                   /usr/lib/jvm/java-11-openjdk-amd64/lib/server/libjvm.so
7faec31b7000-7faec320e000 rw-p 00000000 00:00 0 
7faec320e000-7faec3228000 r-xp 00000000 103:06 2500047                   /lib/x86_64-linux-gnu/libpthread-2.27.so
7faec3228000-7faec3427000 ---p 0001a000 103:06 2500047                   /lib/x86_64-linux-gnu/libpthread-2.27.so
7faec3427000-7faec3428000 r--p 00019000 103:06 2500047                   /lib/x86_64-linux-gnu/libpthread-2.27.so
7faec3428000-7faec3429000 rw-p 0001a000 103:06 2500047                   /lib/x86_64-linux-gnu/libpthread-2.27.so
7faec3429000-7faec342d000 rw-p 00000000 00:00 0 
7faec342d000-7faec3430000 r-xp 00000000 103:06 2500035                   /lib/x86_64-linux-gnu/libdl-2.27.so
7faec3430000-7faec362f000 ---p 00003000 103:06 2500035                   /lib/x86_64-linux-gnu/libdl-2.27.so
7faec362f000-7faec3630000 r--p 00002000 103:06 2500035                   /lib/x86_64-linux-gnu/libdl-2.27.so
7faec3630000-7faec3631000 rw-p 00003000 103:06 2500035                   /lib/x86_64-linux-gnu/libdl-2.27.so
7faec3631000-7faec364d000 r-xp 00000000 103:06 2496244                   /lib/x86_64-linux-gnu/libz.so.1.2.11
7faec364d000-7faec384c000 ---p 0001c000 103:06 2496244                   /lib/x86_64-linux-gnu/libz.so.1.2.11
7faec384c000-7faec384d000 r--p 0001b000 103:06 2496244                   /lib/x86_64-linux-gnu/libz.so.1.2.11
7faec384d000-7faec384e000 rw-p 0001c000 103:06 2496244                   /lib/x86_64-linux-gnu/libz.so.1.2.11
7faec384e000-7faec3a35000 r-xp 00000000 103:06 2500032                   /lib/x86_64-linux-gnu/libc-2.27.so
7faec3a35000-7faec3c35000 ---p 001e7000 103:06 2500032                   /lib/x86_64-linux-gnu/libc-2.27.so
7faec3c35000-7faec3c39000 r--p 001e7000 103:06 2500032                   /lib/x86_64-linux-gnu/libc-2.27.so
7faec3c39000-7faec3c3b000 rw-p 001eb000 103:06 2500032                   /lib/x86_64-linux-gnu/libc-2.27.so
7faec3c3b000-7faec3c3f000 rw-p 00000000 00:00 0 
7faec3c3f000-7faec3c4f000 r-xp 00000000 103:06 1193636                   /usr/lib/jvm/java-11-openjdk-amd64/lib/jli/libjli.so
7faec3c4f000-7faec3e4e000 ---p 00010000 103:06 1193636                   /usr/lib/jvm/java-11-openjdk-amd64/lib/jli/libjli.so
7faec3e4e000-7faec3e4f000 r--p 0000f000 103:06 1193636                   /usr/lib/jvm/java-11-openjdk-amd64/lib/jli/libjli.so
7faec3e4f000-7faec3e50000 rw-p 00010000 103:06 1193636                   /usr/lib/jvm/java-11-openjdk-amd64/lib/jli/libjli.so
7faec3e50000-7faec3e79000 r-xp 00000000 103:06 2500028                   /lib/x86_64-linux-gnu/ld-2.27.so
7faec3e95000-7faec3f5a000 rw-p 00000000 00:00 0 
7faec3f5a000-7faec3f5e000 ---p 00000000 00:00 0 
7faec3f5e000-7faec405d000 rw-p 00000000 00:00 0 
7faec405f000-7faec4064000 rw-p 00000000 00:00 0 
7faec4064000-7faec406b000 ---p 00000000 00:00 0 
7faec406b000-7faec406d000 r--s 00007000 103:06 1585438                   /usr/share/java/java-atk-wrapper.jar
7faec406d000-7faec4075000 rw-s 00000000 103:06 3936753                   /tmp/hsperfdata_hsuan-pu/6469
7faec4075000-7faec4076000 ---p 00000000 00:00 0 
7faec4076000-7faec4077000 r--p 00000000 00:00 0 
7faec4077000-7faec4079000 rw-p 00000000 00:00 0 
7faec4079000-7faec407a000 r--p 00029000 103:06 2500028                   /lib/x86_64-linux-gnu/ld-2.27.so
7faec407a000-7faec407b000 rw-p 0002a000 103:06 2500028                   /lib/x86_64-linux-gnu/ld-2.27.so
7faec407b000-7faec407c000 rw-p 00000000 00:00 0 
7ffc9b764000-7ffc9b785000 rw-p 00000000 00:00 0                          [stack]
7ffc9b7e9000-7ffc9b7ec000 r--p 00000000 00:00 0                          [vvar]
7ffc9b7ec000-7ffc9b7ed000 r-xp 00000000 00:00 0                          [vdso]
ffffffffff600000-ffffffffff601000 --xp 00000000 00:00 0                  [vsyscall]


VM Arguments:
jvm_args: -Xverify:none 
java_command: Main
java_class_path (initial): .
Launcher Type: SUN_STANDARD

[Global flags]
     bool BytecodeVerificationLocal                = false                                     {product} {command line}
     bool BytecodeVerificationRemote               = false                                     {product} {command line}
     intx CICompilerCount                          = 4                                         {product} {ergonomic}
     uint ConcGCThreads                            = 3                                         {product} {ergonomic}
     uint G1ConcRefinementThreads                  = 10                                        {product} {ergonomic}
   size_t G1HeapRegionSize                         = 1048576                                   {product} {ergonomic}
    uintx GCDrainStackTargetSize                   = 64                                        {product} {ergonomic}
   size_t InitialHeapSize                          = 257949696                                 {product} {ergonomic}
   size_t MarkStackSize                            = 4194304                                   {product} {ergonomic}
   size_t MaxHeapSize                              = 4125097984                                {product} {ergonomic}
   size_t MaxNewSize                               = 2474639360                                {product} {ergonomic}
   size_t MinHeapDeltaBytes                        = 1048576                                   {product} {ergonomic}
    uintx NonNMethodCodeHeapSize                   = 5836300                                {pd product} {ergonomic}
    uintx NonProfiledCodeHeapSize                  = 122910970                              {pd product} {ergonomic}
    uintx ProfiledCodeHeapSize                     = 122910970                              {pd product} {ergonomic}
    uintx ReservedCodeCacheSize                    = 251658240                              {pd product} {ergonomic}
     bool SegmentedCodeCache                       = true                                      {product} {ergonomic}
     bool UseCompressedClassPointers               = true                                 {lp64_product} {ergonomic}
     bool UseCompressedOops                        = true                                 {lp64_product} {ergonomic}
     bool UseG1GC                                  = true                                      {product} {ergonomic}

Logging:
Log output configuration:
 #0: stdout all=warning uptime,level,tags
 #1: stderr all=off uptime,level,tags

Environment Variables:
PATH=/usr/local/cuda-11.2/bin:/home/hsuan-pu/go/bin:/usr/local/go/bin:/usr/local/sbin:/usr/local/bin:/usr/sbin:/usr/bin:/sbin:/bin:/usr/games:/usr/local/games:/snap/bin
USERNAME=hsuan-pu
LD_LIBRARY_PATH=/usr/local/cuda-11.2/lib64:
SHELL=/bin/bash
DISPLAY=:0
LANG=zh_TW.UTF-8

Signal Handlers:
SIGSEGV: [libjvm.so+0xeef6f0], sa_mask[0]=11111111011111111101111111111110, sa_flags=SA_RESTART|SA_SIGINFO
SIGBUS: [libjvm.so+0xeef6f0], sa_mask[0]=11111111011111111101111111111110, sa_flags=SA_RESTART|SA_SIGINFO
SIGFPE: [libjvm.so+0xeef6f0], sa_mask[0]=11111111011111111101111111111110, sa_flags=SA_RESTART|SA_SIGINFO
SIGPIPE: [libjvm.so+0xc12a00], sa_mask[0]=11111111011111111101111111111110, sa_flags=SA_RESTART|SA_SIGINFO
SIGXFSZ: [libjvm.so+0xc12a00], sa_mask[0]=11111111011111111101111111111110, sa_flags=SA_RESTART|SA_SIGINFO
SIGILL: [libjvm.so+0xeef6f0], sa_mask[0]=11111111011111111101111111111110, sa_flags=SA_RESTART|SA_SIGINFO
SIGUSR2: [libjvm.so+0xc128a0], sa_mask[0]=00000000000000000000000000000000, sa_flags=SA_RESTART|SA_SIGINFO
SIGHUP: [libjvm.so+0xc12c00], sa_mask[0]=11111111011111111101111111111110, sa_flags=SA_RESTART|SA_SIGINFO
SIGINT: [libjvm.so+0xc12c00], sa_mask[0]=11111111011111111101111111111110, sa_flags=SA_RESTART|SA_SIGINFO
SIGTERM: [libjvm.so+0xc12c00], sa_mask[0]=11111111011111111101111111111110, sa_flags=SA_RESTART|SA_SIGINFO
SIGQUIT: [libjvm.so+0xc12c00], sa_mask[0]=11111111011111111101111111111110, sa_flags=SA_RESTART|SA_SIGINFO


---------------  S Y S T E M  ---------------

OS:DISTRIB_ID=Ubuntu
DISTRIB_RELEASE=18.04
DISTRIB_CODENAME=bionic
DISTRIB_DESCRIPTION="Ubuntu 18.04.5 LTS"
uname:Linux 5.4.0-67-generic #75~18.04.1-Ubuntu SMP Tue Feb 23 19:17:50 UTC 2021 x86_64
OS uptime: 0 days 12:26 hours
libc:glibc 2.27 NPTL 2.27 
rlimit (soft/hard): STACK 8192k/infinity , CORE 0k/infinity , NPROC 62742/62742 , NOFILE 4096/4096 , AS infinity/infinity , CPU infinity/infinity , DATA infinity/infinity , FSIZE infinity/infinity , MEMLOCK 16384k/16384k
load average:0.85 0.61 0.49

/proc/meminfo:
MemTotal:       16111220 kB
MemFree:         6189056 kB
MemAvailable:    9977228 kB
Buffers:          508828 kB
Cached:          3804832 kB
SwapCached:            0 kB
Active:          7083524 kB
Inactive:        2047516 kB
Active(anon):    4840364 kB
Inactive(anon):   381220 kB
Active(file):    2243160 kB
Inactive(file):  1666296 kB
Unevictable:        4232 kB
Mlocked:              80 kB
SwapTotal:       8000508 kB
SwapFree:        8000508 kB
Dirty:               852 kB
Writeback:             0 kB
AnonPages:       4821628 kB
Mapped:           855232 kB
Shmem:            404208 kB
KReclaimable:     220972 kB
Slab:             454508 kB
SReclaimable:     220972 kB
SUnreclaim:       233536 kB
KernelStack:       21332 kB
PageTables:        97444 kB
NFS_Unstable:          0 kB
Bounce:                0 kB
WritebackTmp:          0 kB
CommitLimit:    16056116 kB
Committed_AS:   19504600 kB
VmallocTotal:   34359738367 kB
VmallocUsed:       80868 kB
VmallocChunk:          0 kB
Percpu:            13312 kB
HardwareCorrupted:     0 kB
AnonHugePages:         0 kB
ShmemHugePages:        0 kB
ShmemPmdMapped:        0 kB
FileHugePages:         0 kB
FilePmdMapped:         0 kB
CmaTotal:              0 kB
CmaFree:               0 kB
HugePages_Total:       0
HugePages_Free:        0
HugePages_Rsvd:        0
HugePages_Surp:        0
Hugepagesize:       2048 kB
Hugetlb:               0 kB
DirectMap4k:      672020 kB
DirectMap2M:    11624448 kB
DirectMap1G:     5242880 kB

/sys/kernel/mm/transparent_hugepage/enabled:
always [madvise] never
/sys/kernel/mm/transparent_hugepage/defrag (defrag/compaction efforts parameter):
always defer defer+madvise [madvise] never

/proc/sys/kernel/threads-max (system-wide limit on the number of threads):
125485
/proc/sys/vm/max_map_count (maximum number of memory map areas a process may have):
65530
/proc/sys/kernel/pid_max (system-wide limit on number of process identifiers):
32768

container (cgroup) information:
container_type: cgroupv1
cpu_cpuset_cpus: 0-11
cpu_memory_nodes: 0
active_processor_count: 12
cpu_quota: -1
cpu_period: 100000
cpu_shares: -1
memory_limit_in_bytes: -1
memory_and_swap_limit_in_bytes: -2
memory_soft_limit_in_bytes: -1
memory_usage_in_bytes: 7302737920
memory_max_usage_in_bytes: 7792320512

Steal ticks since vm start: 0
Steal ticks percentage since vm start:  0.000

CPU:total 12 (initial active 12) (6 cores per cpu, 2 threads per core) family 6 model 158 stepping 10 microcode 0xde, cmov, cx8, fxsr, mmx, sse, sse2, sse3, ssse3, sse4.1, sse4.2, popcnt, avx, avx2, aes, clmul, erms, 3dnowpref, lzcnt, ht, tsc, tscinvbit, bmi1, bmi2, adx, fma
CPU Model and flags from /proc/cpuinfo:
model name	: Intel(R) Core(TM) i7-8750H CPU @ 2.20GHz
flags		: fpu vme de pse tsc msr pae mce cx8 apic sep mtrr pge mca cmov pat pse36 clflush dts acpi mmx fxsr sse sse2 ss ht tm pbe syscall nx pdpe1gb rdtscp lm constant_tsc art arch_perfmon pebs bts rep_good nopl xtopology nonstop_tsc cpuid aperfmperf pni pclmulqdq dtes64 monitor ds_cpl vmx est tm2 ssse3 sdbg fma cx16 xtpr pdcm pcid sse4_1 sse4_2 x2apic movbe popcnt tsc_deadline_timer aes xsave avx f16c rdrand lahf_lm abm 3dnowprefetch cpuid_fault epb invpcid_single pti ssbd ibrs ibpb stibp tpr_shadow vnmi flexpriority ept vpid ept_ad fsgsbase tsc_adjust bmi1 avx2 smep bmi2 erms invpcid mpx rdseed adx smap clflushopt intel_pt xsaveopt xsavec xgetbv1 xsaves dtherm ida arat pln pts hwp hwp_notify hwp_act_window hwp_epp md_clear flush_l1d
Online cpus:
0-11
Offline cpus:

BIOS frequency limitation:
<Not Available>
Frequency switch latency (ns):
0
Available cpu frequencies:
<Not Available>
Current governor:
powersave
Core performance/turbo boost:
<Not Available>

Memory: 4k page, physical 16111220k(6189056k free), swap 8000508k(8000508k free)

vm_info: OpenJDK 64-Bit Server VM (11.0.10+9-Ubuntu-0ubuntu1.18.04) for linux-amd64 JRE (11.0.10+9-Ubuntu-0ubuntu1.18.04), built on Jan 20 2021 02:32:18 by "unknown" with gcc 7.5.0

END.
