#
# A fatal error has been detected by the Java Runtime Environment:
#
#  SIGSEGV (0xb) at pc=0x00007fd8bccc4174, pid=3454, tid=3455
#
# JRE version: OpenJDK Runtime Environment (11.0.10+9) (build 11.0.10+9-Ubuntu-0ubuntu1.18.04)
# Java VM: OpenJDK 64-Bit Server VM (11.0.10+9-Ubuntu-0ubuntu1.18.04, mixed mode, sharing, tiered, compressed oops, g1 gc, linux-amd64)
# Problematic frame:
# V  [libjvm.so+0xa35174]
#
# Core dump will be written. Default location: Core dumps may be processed with "/usr/share/apport/apport %p %s %c %d %P %E" (or dumping to /home/hsuan-pu/CompilerConstruction/HW3/Compiler_StudentID_HW3/core.3454)
#
# If you would like to submit a bug report, please visit:
#   https://bugs.launchpad.net/ubuntu/+source/openjdk-lts
#

---------------  S U M M A R Y ------------

Command Line: -Xverify:none Main

Host: Intel(R) Core(TM) i7-8750H CPU @ 2.20GHz, 12 cores, 15G, Ubuntu 18.04.5 LTS
Time: Thu Jun 24 21:32:22 2021 CST elapsed time: 0.022800 seconds (0d 0h 0m 0s)

---------------  T H R E A D  ---------------

Current thread (0x00007fd8b4016800):  JavaThread "main" [_thread_in_vm, id=3455, stack(0x00007fd8be523000,0x00007fd8be624000)]

Stack: [0x00007fd8be523000,0x00007fd8be624000],  sp=0x00007fd8be6222d0,  free space=1020k
Native frames: (J=compiled Java code, A=aot compiled Java code, j=interpreted, Vv=VM code, C=native code)
V  [libjvm.so+0xa35174]
V  [libjvm.so+0xa6e9d6]
V  [libjvm.so+0x875d46]
V  [libjvm.so+0x876c3d]
j  java.lang.String.valueOf(Ljava/lang/Object;)Ljava/lang/String;+10 java.base@11.0.10
j  java.io.PrintStream.print(Ljava/lang/String;)V+2 java.base@11.0.10
j  Main.main([Ljava/lang/String;)V+24
v  ~StubRoutines::call_stub
V  [libjvm.so+0x880719]
V  [libjvm.so+0x8ff1fd]
V  [libjvm.so+0x9014ae]
C  [libjli.so+0x5953]
C  [libjli.so+0x949d]

Java frames: (J=compiled Java code, j=interpreted, Vv=VM code)
j  java.lang.String.valueOf(Ljava/lang/Object;)Ljava/lang/String;+10 java.base@11.0.10
j  java.io.PrintStream.print(Ljava/lang/String;)V+2 java.base@11.0.10
j  Main.main([Ljava/lang/String;)V+24
v  ~StubRoutines::call_stub

siginfo: si_signo: 11 (SIGSEGV), si_code: 1 (SEGV_MAPERR), si_addr: 0x0000000c4e001520

Register to memory mapping:

RAX={method} {0x0000000800002950} 'toString' '()Ljava/lang/String;' in 'java/lang/Object'
RBX=0x00007fd8be6224f0 is pointing into the stack for thread: 0x00007fd8b4016800
RCX=0x000000080050db90 is pointing into metadata
RDX=0x0 is NULL
RSP=0x00007fd8be6222d0 is pointing into the stack for thread: 0x00007fd8b4016800
RBP=0x00007fd8be622360 is pointing into the stack for thread: 0x00007fd8b4016800
RSI=0x0000000000000002 is an unknown value
RDI=0x0000000c4e001340 is an unknown value
R8 =0x0000000c4e001340 is an unknown value
R9 =0x0000000000000001 is an unknown value
R10=0x00007fd8be6223b0 is pointing into the stack for thread: 0x00007fd8b4016800
R11=0x000000000000002b is an unknown value
R12=0x0000000000000001 is an unknown value
R13=0x0000000000000002 is an unknown value
R14=0x0 is NULL
R15=0x00007fd8b4016800 is a thread


Registers:
RAX=0x0000000800002950, RBX=0x00007fd8be6224f0, RCX=0x000000080050db90, RDX=0x0000000000000000
RSP=0x00007fd8be6222d0, RBP=0x00007fd8be622360, RSI=0x0000000000000002, RDI=0x0000000c4e001340
R8 =0x0000000c4e001340, R9 =0x0000000000000001, R10=0x00007fd8be6223b0, R11=0x000000000000002b
R12=0x0000000000000001, R13=0x0000000000000002, R14=0x0000000000000000, R15=0x00007fd8b4016800
RIP=0x00007fd8bccc4174, EFLAGS=0x0000000000010213, CSGSFS=0x002b000000000033, ERR=0x0000000000000004
  TRAPNO=0x000000000000000e

Top of Stack: (sp=0x00007fd8be6222d0)
0x00007fd8be6222d0:   00007fd8be622360 00007fd8bccf61db
0x00007fd8be6222e0:   00007fd8be622370 00007fd8bc907e87
0x00007fd8be6222f0:   0000000000000000 0000000800002478
0x00007fd8be622300:   0000000c4e001340 00007fd8be6223a0 

Instructions: (pc=0x00007fd8bccc4174)
0x00007fd8bccc4074:   75 15 80 e6 04 48 8d 05 90 7f 59 00 48 8d 15 a2
0x00007fd8bccc4084:   56 54 00 48 0f 44 c2 5d c3 90 66 90 55 48 81 c7
0x00007fd8bccc4094:   c0 00 00 00 b8 01 00 00 00 48 89 e5 f0 0f c1 07
0x00007fd8bccc40a4:   83 c0 01 5d c3 90 66 0f 1f 44 00 00 48 8d 15 99
0x00007fd8bccc40b4:   24 aa 00 55 89 f8 48 89 e5 8b 4a 08 5d 48 d3 e0
0x00007fd8bccc40c4:   48 03 02 c3 0f 1f 84 00 00 00 00 00 40 f6 c7 07
0x00007fd8bccc40d4:   75 09 48 81 ff ff 0f 00 00 77 09 31 c0 c3 66 0f
0x00007fd8bccc40e4:   1f 44 00 00 55 48 89 e5 41 54 4c 8d a7 d0 00 00
0x00007fd8bccc40f4:   00 53 48 89 fb 4c 89 e6 e8 df 6c 1d 00 84 c0 75
0x00007fd8bccc4104:   0b 5b 31 c0 41 5c 5d c3 0f 1f 40 00 4c 89 e6 48
0x00007fd8bccc4114:   89 df e8 85 5b 14 00 84 c0 74 e6 48 8b 7b 18 e8
0x00007fd8bccc4124:   88 91 3f 00 84 c0 74 d9 48 8b bb 98 00 00 00 5b
0x00007fd8bccc4134:   41 5c 5d e9 84 86 b9 ff 0f 1f 40 00 8b 97 c4 00
0x00007fd8bccc4144:   00 00 55 48 89 f8 48 89 e5 5d 48 c1 e2 20 48 81
0x00007fd8bccc4154:   ca d0 01 00 00 c3 66 0f 1f 44 00 00 55 48 8d 87
0x00007fd8bccc4164:   d0 01 00 00 48 89 e5 5d c3 90 66 90 55 48 63 f6
0x00007fd8bccc4174:   48 8b 84 f7 d0 01 00 00 48 89 e5 5d c3 90 0f 1f
0x00007fd8bccc4184:   40 00 66 2e 0f 1f 84 00 00 00 00 00 55 b8 d0 01
0x00007fd8bccc4194:   00 00 48 89 e5 5d c3 90 0f 1f 40 00 55 48 89 e5
0x00007fd8bccc41a4:   41 57 41 56 41 55 41 54 49 89 ff 53 41 89 f6 48
0x00007fd8bccc41b4:   83 ec 68 8b 47 08 89 55 98 85 c0 7e 0d f6 87 3a
0x00007fd8bccc41c4:   01 00 00 20 0f 85 b2 02 00 00 49 8b 7f 18 48 85
0x00007fd8bccc41d4:   ff 0f 84 95 01 00 00 e8 20 83 3f 00 48 89 c7 48
0x00007fd8bccc41e4:   89 45 90 e8 f4 42 84 ff 48 8d 58 01 49 89 c4 41
0x00007fd8bccc41f4:   8b 47 08 4c 89 ff 3d 00 00 00 c0 7d 0a 49 8b bf
0x00007fd8bccc4204:   f0 00 00 00 8b 47 08 85 c0 0f 8e 7d 01 00 00 48
0x00007fd8bccc4214:   8b 07 ff 90 88 00 00 00 48 8b 78 10 49 89 c5 48
0x00007fd8bccc4224:   85 ff 0f 84 2c 02 00 00 e8 5f 75 3f 00 48 89 c7
0x00007fd8bccc4234:   48 89 45 80 4c 8d 25 e8 2a 5a 00 e8 9c 42 84 ff
0x00007fd8bccc4244:   4c 89 ef 48 01 c3 e8 d1 ec 17 00 48 8d 0d 06 6e
0x00007fd8bccc4254:   57 00 84 c0 88 85 7f ff ff ff 48 89 4d a0 0f 85
0x00007fd8bccc4264:   c8 02 00 00 0f 1f 84 00 00 00 00 00 49 8b 87 98 


Stack slot to memory mapping:
stack at sp + 0 slots: 0x00007fd8be622360 is pointing into the stack for thread: 0x00007fd8b4016800
stack at sp + 1 slots: 0x00007fd8bccf61db: <offset 0x0000000000a671db> in /usr/lib/jvm/java-11-openjdk-amd64/lib/server/libjvm.so at 0x00007fd8bc28f000
stack at sp + 2 slots: 0x00007fd8be622370 is pointing into the stack for thread: 0x00007fd8b4016800
stack at sp + 3 slots: 0x00007fd8bc907e87: <offset 0x0000000000678e87> in /usr/lib/jvm/java-11-openjdk-amd64/lib/server/libjvm.so at 0x00007fd8bc28f000
stack at sp + 4 slots: 0x0 is NULL
stack at sp + 5 slots: 0x0000000800002478 is pointing into metadata
stack at sp + 6 slots: 0x0000000c4e001340 is an unknown value
stack at sp + 7 slots: 0x00007fd8be6223a0 is pointing into the stack for thread: 0x00007fd8b4016800


---------------  P R O C E S S  ---------------

Threads class SMR info:
_java_thread_list=0x00007fd8b4220f30, length=9, elements={
0x00007fd8b4016800, 0x00007fd8b41d4000, 0x00007fd8b41d6000, 0x00007fd8b41dc800,
0x00007fd8b41de800, 0x00007fd8b41e0800, 0x00007fd8b41e2800, 0x00007fd8b41e4800,
0x00007fd8b421f800
}

Java Threads: ( => current thread )
=>0x00007fd8b4016800 JavaThread "main" [_thread_in_vm, id=3455, stack(0x00007fd8be523000,0x00007fd8be624000)]
  0x00007fd8b41d4000 JavaThread "Reference Handler" daemon [_thread_blocked, id=3462, stack(0x00007fd8895fd000,0x00007fd8896fe000)]
  0x00007fd8b41d6000 JavaThread "Finalizer" daemon [_thread_blocked, id=3463, stack(0x00007fd8894fc000,0x00007fd8895fd000)]
  0x00007fd8b41dc800 JavaThread "Signal Dispatcher" daemon [_thread_blocked, id=3464, stack(0x00007fd889082000,0x00007fd889183000)]
  0x00007fd8b41de800 JavaThread "Service Thread" daemon [_thread_blocked, id=3465, stack(0x00007fd888f81000,0x00007fd889082000)]
  0x00007fd8b41e0800 JavaThread "C2 CompilerThread0" daemon [_thread_blocked, id=3466, stack(0x00007fd888e80000,0x00007fd888f81000)]
  0x00007fd8b41e2800 JavaThread "C1 CompilerThread0" daemon [_thread_blocked, id=3467, stack(0x00007fd888d7f000,0x00007fd888e80000)]
  0x00007fd8b41e4800 JavaThread "Sweeper thread" daemon [_thread_blocked, id=3468, stack(0x00007fd888c7e000,0x00007fd888d7f000)]
  0x00007fd8b421f800 JavaThread "Common-Cleaner" daemon [_thread_blocked, id=3470, stack(0x00007fd888a7b000,0x00007fd888b7c000)]

Other Threads:
  0x00007fd8b41d1000 VMThread "VM Thread" [stack: 0x00007fd889700000,0x00007fd889800000] [id=3461]
  0x00007fd8b421d000 WatcherThread [stack: 0x00007fd888b7e000,0x00007fd888c7e000] [id=3469]
  0x00007fd8b402f800 GCTaskThread "GC Thread#0" [stack: 0x00007fd8ba3e7000,0x00007fd8ba4e7000] [id=3456]
  0x00007fd8b408d000 ConcurrentGCThread "G1 Main Marker" [stack: 0x00007fd8b80d0000,0x00007fd8b81d0000] [id=3457]
  0x00007fd8b408e800 ConcurrentGCThread "G1 Conc#0" [stack: 0x00007fd89c791000,0x00007fd89c891000] [id=3458]
  0x00007fd8b4193800 ConcurrentGCThread "G1 Refine#0" [stack: 0x00007fd89010d000,0x00007fd89020d000] [id=3459]
  0x00007fd8b4195000 ConcurrentGCThread "G1 Young RemSet Sampling" [stack: 0x00007fd89000b000,0x00007fd89010b000] [id=3460]

Threads with active compile tasks:

VM state:not at safepoint (normal execution)

VM Mutex/Monitor currently owned by a thread: None

Heap address: 0x000000070a200000, size: 3934 MB, Compressed Oops mode: Zero based, Oop shift amount: 3
Narrow klass base: 0x0000000800000000, Narrow klass shift: 3
Compressed class space size: 1073741824 Address: 0x0000000840000000

Heap:
 garbage-first heap   total 253952K, used 712K [0x000000070a200000, 0x0000000800000000)
  region size 1024K, 1 young (1024K), 0 survivors (0K)
 Metaspace       used 156K, capacity 4486K, committed 4864K, reserved 1056768K
  class space    used 5K, capacity 386K, committed 512K, reserved 1048576K
Heap Regions: E=young(eden), S=young(survivor), O=old, HS=humongous(starts), HC=humongous(continues), CS=collection set, F=free, A=archive, TAMS=top-at-mark-start (previous, next)
|   0|0x000000070a200000, 0x000000070a200000, 0x000000070a300000|  0%| F|  |TAMS 0x000000070a200000, 0x000000070a200000| Untracked 
|   1|0x000000070a300000, 0x000000070a300000, 0x000000070a400000|  0%| F|  |TAMS 0x000000070a300000, 0x000000070a300000| Untracked 
|   2|0x000000070a400000, 0x000000070a400000, 0x000000070a500000|  0%| F|  |TAMS 0x000000070a400000, 0x000000070a400000| Untracked 
|   3|0x000000070a500000, 0x000000070a500000, 0x000000070a600000|  0%| F|  |TAMS 0x000000070a500000, 0x000000070a500000| Untracked 
|   4|0x000000070a600000, 0x000000070a600000, 0x000000070a700000|  0%| F|  |TAMS 0x000000070a600000, 0x000000070a600000| Untracked 
|   5|0x000000070a700000, 0x000000070a700000, 0x000000070a800000|  0%| F|  |TAMS 0x000000070a700000, 0x000000070a700000| Untracked 
|   6|0x000000070a800000, 0x000000070a800000, 0x000000070a900000|  0%| F|  |TAMS 0x000000070a800000, 0x000000070a800000| Untracked 
|   7|0x000000070a900000, 0x000000070a900000, 0x000000070aa00000|  0%| F|  |TAMS 0x000000070a900000, 0x000000070a900000| Untracked 
|   8|0x000000070aa00000, 0x000000070aa00000, 0x000000070ab00000|  0%| F|  |TAMS 0x000000070aa00000, 0x000000070aa00000| Untracked 
|   9|0x000000070ab00000, 0x000000070ab00000, 0x000000070ac00000|  0%| F|  |TAMS 0x000000070ab00000, 0x000000070ab00000| Untracked 
|  10|0x000000070ac00000, 0x000000070ac00000, 0x000000070ad00000|  0%| F|  |TAMS 0x000000070ac00000, 0x000000070ac00000| Untracked 
|  11|0x000000070ad00000, 0x000000070ad00000, 0x000000070ae00000|  0%| F|  |TAMS 0x000000070ad00000, 0x000000070ad00000| Untracked 
|  12|0x000000070ae00000, 0x000000070ae00000, 0x000000070af00000|  0%| F|  |TAMS 0x000000070ae00000, 0x000000070ae00000| Untracked 
|  13|0x000000070af00000, 0x000000070af00000, 0x000000070b000000|  0%| F|  |TAMS 0x000000070af00000, 0x000000070af00000| Untracked 
|  14|0x000000070b000000, 0x000000070b000000, 0x000000070b100000|  0%| F|  |TAMS 0x000000070b000000, 0x000000070b000000| Untracked 
|  15|0x000000070b100000, 0x000000070b100000, 0x000000070b200000|  0%| F|  |TAMS 0x000000070b100000, 0x000000070b100000| Untracked 
|  16|0x000000070b200000, 0x000000070b200000, 0x000000070b300000|  0%| F|  |TAMS 0x000000070b200000, 0x000000070b200000| Untracked 
|  17|0x000000070b300000, 0x000000070b300000, 0x000000070b400000|  0%| F|  |TAMS 0x000000070b300000, 0x000000070b300000| Untracked 
|  18|0x000000070b400000, 0x000000070b400000, 0x000000070b500000|  0%| F|  |TAMS 0x000000070b400000, 0x000000070b400000| Untracked 
|  19|0x000000070b500000, 0x000000070b500000, 0x000000070b600000|  0%| F|  |TAMS 0x000000070b500000, 0x000000070b500000| Untracked 
|  20|0x000000070b600000, 0x000000070b600000, 0x000000070b700000|  0%| F|  |TAMS 0x000000070b600000, 0x000000070b600000| Untracked 
|  21|0x000000070b700000, 0x000000070b700000, 0x000000070b800000|  0%| F|  |TAMS 0x000000070b700000, 0x000000070b700000| Untracked 
|  22|0x000000070b800000, 0x000000070b800000, 0x000000070b900000|  0%| F|  |TAMS 0x000000070b800000, 0x000000070b800000| Untracked 
|  23|0x000000070b900000, 0x000000070b900000, 0x000000070ba00000|  0%| F|  |TAMS 0x000000070b900000, 0x000000070b900000| Untracked 
|  24|0x000000070ba00000, 0x000000070ba00000, 0x000000070bb00000|  0%| F|  |TAMS 0x000000070ba00000, 0x000000070ba00000| Untracked 
|  25|0x000000070bb00000, 0x000000070bb00000, 0x000000070bc00000|  0%| F|  |TAMS 0x000000070bb00000, 0x000000070bb00000| Untracked 
|  26|0x000000070bc00000, 0x000000070bc00000, 0x000000070bd00000|  0%| F|  |TAMS 0x000000070bc00000, 0x000000070bc00000| Untracked 
|  27|0x000000070bd00000, 0x000000070bd00000, 0x000000070be00000|  0%| F|  |TAMS 0x000000070bd00000, 0x000000070bd00000| Untracked 
|  28|0x000000070be00000, 0x000000070be00000, 0x000000070bf00000|  0%| F|  |TAMS 0x000000070be00000, 0x000000070be00000| Untracked 
|  29|0x000000070bf00000, 0x000000070bf00000, 0x000000070c000000|  0%| F|  |TAMS 0x000000070bf00000, 0x000000070bf00000| Untracked 
|  30|0x000000070c000000, 0x000000070c000000, 0x000000070c100000|  0%| F|  |TAMS 0x000000070c000000, 0x000000070c000000| Untracked 
|  31|0x000000070c100000, 0x000000070c100000, 0x000000070c200000|  0%| F|  |TAMS 0x000000070c100000, 0x000000070c100000| Untracked 
|  32|0x000000070c200000, 0x000000070c200000, 0x000000070c300000|  0%| F|  |TAMS 0x000000070c200000, 0x000000070c200000| Untracked 
|  33|0x000000070c300000, 0x000000070c300000, 0x000000070c400000|  0%| F|  |TAMS 0x000000070c300000, 0x000000070c300000| Untracked 
|  34|0x000000070c400000, 0x000000070c400000, 0x000000070c500000|  0%| F|  |TAMS 0x000000070c400000, 0x000000070c400000| Untracked 
|  35|0x000000070c500000, 0x000000070c500000, 0x000000070c600000|  0%| F|  |TAMS 0x000000070c500000, 0x000000070c500000| Untracked 
|  36|0x000000070c600000, 0x000000070c600000, 0x000000070c700000|  0%| F|  |TAMS 0x000000070c600000, 0x000000070c600000| Untracked 
|  37|0x000000070c700000, 0x000000070c700000, 0x000000070c800000|  0%| F|  |TAMS 0x000000070c700000, 0x000000070c700000| Untracked 
|  38|0x000000070c800000, 0x000000070c800000, 0x000000070c900000|  0%| F|  |TAMS 0x000000070c800000, 0x000000070c800000| Untracked 
|  39|0x000000070c900000, 0x000000070c900000, 0x000000070ca00000|  0%| F|  |TAMS 0x000000070c900000, 0x000000070c900000| Untracked 
|  40|0x000000070ca00000, 0x000000070ca00000, 0x000000070cb00000|  0%| F|  |TAMS 0x000000070ca00000, 0x000000070ca00000| Untracked 
|  41|0x000000070cb00000, 0x000000070cb00000, 0x000000070cc00000|  0%| F|  |TAMS 0x000000070cb00000, 0x000000070cb00000| Untracked 
|  42|0x000000070cc00000, 0x000000070cc00000, 0x000000070cd00000|  0%| F|  |TAMS 0x000000070cc00000, 0x000000070cc00000| Untracked 
|  43|0x000000070cd00000, 0x000000070cd00000, 0x000000070ce00000|  0%| F|  |TAMS 0x000000070cd00000, 0x000000070cd00000| Untracked 
|  44|0x000000070ce00000, 0x000000070ce00000, 0x000000070cf00000|  0%| F|  |TAMS 0x000000070ce00000, 0x000000070ce00000| Untracked 
|  45|0x000000070cf00000, 0x000000070cf00000, 0x000000070d000000|  0%| F|  |TAMS 0x000000070cf00000, 0x000000070cf00000| Untracked 
|  46|0x000000070d000000, 0x000000070d000000, 0x000000070d100000|  0%| F|  |TAMS 0x000000070d000000, 0x000000070d000000| Untracked 
|  47|0x000000070d100000, 0x000000070d100000, 0x000000070d200000|  0%| F|  |TAMS 0x000000070d100000, 0x000000070d100000| Untracked 
|  48|0x000000070d200000, 0x000000070d200000, 0x000000070d300000|  0%| F|  |TAMS 0x000000070d200000, 0x000000070d200000| Untracked 
|  49|0x000000070d300000, 0x000000070d300000, 0x000000070d400000|  0%| F|  |TAMS 0x000000070d300000, 0x000000070d300000| Untracked 
|  50|0x000000070d400000, 0x000000070d400000, 0x000000070d500000|  0%| F|  |TAMS 0x000000070d400000, 0x000000070d400000| Untracked 
|  51|0x000000070d500000, 0x000000070d500000, 0x000000070d600000|  0%| F|  |TAMS 0x000000070d500000, 0x000000070d500000| Untracked 
|  52|0x000000070d600000, 0x000000070d600000, 0x000000070d700000|  0%| F|  |TAMS 0x000000070d600000, 0x000000070d600000| Untracked 
|  53|0x000000070d700000, 0x000000070d700000, 0x000000070d800000|  0%| F|  |TAMS 0x000000070d700000, 0x000000070d700000| Untracked 
|  54|0x000000070d800000, 0x000000070d800000, 0x000000070d900000|  0%| F|  |TAMS 0x000000070d800000, 0x000000070d800000| Untracked 
|  55|0x000000070d900000, 0x000000070d900000, 0x000000070da00000|  0%| F|  |TAMS 0x000000070d900000, 0x000000070d900000| Untracked 
|  56|0x000000070da00000, 0x000000070da00000, 0x000000070db00000|  0%| F|  |TAMS 0x000000070da00000, 0x000000070da00000| Untracked 
|  57|0x000000070db00000, 0x000000070db00000, 0x000000070dc00000|  0%| F|  |TAMS 0x000000070db00000, 0x000000070db00000| Untracked 
|  58|0x000000070dc00000, 0x000000070dc00000, 0x000000070dd00000|  0%| F|  |TAMS 0x000000070dc00000, 0x000000070dc00000| Untracked 
|  59|0x000000070dd00000, 0x000000070dd00000, 0x000000070de00000|  0%| F|  |TAMS 0x000000070dd00000, 0x000000070dd00000| Untracked 
|  60|0x000000070de00000, 0x000000070de00000, 0x000000070df00000|  0%| F|  |TAMS 0x000000070de00000, 0x000000070de00000| Untracked 
|  61|0x000000070df00000, 0x000000070df00000, 0x000000070e000000|  0%| F|  |TAMS 0x000000070df00000, 0x000000070df00000| Untracked 
|  62|0x000000070e000000, 0x000000070e000000, 0x000000070e100000|  0%| F|  |TAMS 0x000000070e000000, 0x000000070e000000| Untracked 
|  63|0x000000070e100000, 0x000000070e100000, 0x000000070e200000|  0%| F|  |TAMS 0x000000070e100000, 0x000000070e100000| Untracked 
|  64|0x000000070e200000, 0x000000070e200000, 0x000000070e300000|  0%| F|  |TAMS 0x000000070e200000, 0x000000070e200000| Untracked 
|  65|0x000000070e300000, 0x000000070e300000, 0x000000070e400000|  0%| F|  |TAMS 0x000000070e300000, 0x000000070e300000| Untracked 
|  66|0x000000070e400000, 0x000000070e400000, 0x000000070e500000|  0%| F|  |TAMS 0x000000070e400000, 0x000000070e400000| Untracked 
|  67|0x000000070e500000, 0x000000070e500000, 0x000000070e600000|  0%| F|  |TAMS 0x000000070e500000, 0x000000070e500000| Untracked 
|  68|0x000000070e600000, 0x000000070e600000, 0x000000070e700000|  0%| F|  |TAMS 0x000000070e600000, 0x000000070e600000| Untracked 
|  69|0x000000070e700000, 0x000000070e700000, 0x000000070e800000|  0%| F|  |TAMS 0x000000070e700000, 0x000000070e700000| Untracked 
|  70|0x000000070e800000, 0x000000070e800000, 0x000000070e900000|  0%| F|  |TAMS 0x000000070e800000, 0x000000070e800000| Untracked 
|  71|0x000000070e900000, 0x000000070e900000, 0x000000070ea00000|  0%| F|  |TAMS 0x000000070e900000, 0x000000070e900000| Untracked 
|  72|0x000000070ea00000, 0x000000070ea00000, 0x000000070eb00000|  0%| F|  |TAMS 0x000000070ea00000, 0x000000070ea00000| Untracked 
|  73|0x000000070eb00000, 0x000000070eb00000, 0x000000070ec00000|  0%| F|  |TAMS 0x000000070eb00000, 0x000000070eb00000| Untracked 
|  74|0x000000070ec00000, 0x000000070ec00000, 0x000000070ed00000|  0%| F|  |TAMS 0x000000070ec00000, 0x000000070ec00000| Untracked 
|  75|0x000000070ed00000, 0x000000070ed00000, 0x000000070ee00000|  0%| F|  |TAMS 0x000000070ed00000, 0x000000070ed00000| Untracked 
|  76|0x000000070ee00000, 0x000000070ee00000, 0x000000070ef00000|  0%| F|  |TAMS 0x000000070ee00000, 0x000000070ee00000| Untracked 
|  77|0x000000070ef00000, 0x000000070ef00000, 0x000000070f000000|  0%| F|  |TAMS 0x000000070ef00000, 0x000000070ef00000| Untracked 
|  78|0x000000070f000000, 0x000000070f000000, 0x000000070f100000|  0%| F|  |TAMS 0x000000070f000000, 0x000000070f000000| Untracked 
|  79|0x000000070f100000, 0x000000070f100000, 0x000000070f200000|  0%| F|  |TAMS 0x000000070f100000, 0x000000070f100000| Untracked 
|  80|0x000000070f200000, 0x000000070f200000, 0x000000070f300000|  0%| F|  |TAMS 0x000000070f200000, 0x000000070f200000| Untracked 
|  81|0x000000070f300000, 0x000000070f300000, 0x000000070f400000|  0%| F|  |TAMS 0x000000070f300000, 0x000000070f300000| Untracked 
|  82|0x000000070f400000, 0x000000070f400000, 0x000000070f500000|  0%| F|  |TAMS 0x000000070f400000, 0x000000070f400000| Untracked 
|  83|0x000000070f500000, 0x000000070f500000, 0x000000070f600000|  0%| F|  |TAMS 0x000000070f500000, 0x000000070f500000| Untracked 
|  84|0x000000070f600000, 0x000000070f600000, 0x000000070f700000|  0%| F|  |TAMS 0x000000070f600000, 0x000000070f600000| Untracked 
|  85|0x000000070f700000, 0x000000070f700000, 0x000000070f800000|  0%| F|  |TAMS 0x000000070f700000, 0x000000070f700000| Untracked 
|  86|0x000000070f800000, 0x000000070f800000, 0x000000070f900000|  0%| F|  |TAMS 0x000000070f800000, 0x000000070f800000| Untracked 
|  87|0x000000070f900000, 0x000000070f900000, 0x000000070fa00000|  0%| F|  |TAMS 0x000000070f900000, 0x000000070f900000| Untracked 
|  88|0x000000070fa00000, 0x000000070fa00000, 0x000000070fb00000|  0%| F|  |TAMS 0x000000070fa00000, 0x000000070fa00000| Untracked 
|  89|0x000000070fb00000, 0x000000070fb00000, 0x000000070fc00000|  0%| F|  |TAMS 0x000000070fb00000, 0x000000070fb00000| Untracked 
|  90|0x000000070fc00000, 0x000000070fc00000, 0x000000070fd00000|  0%| F|  |TAMS 0x000000070fc00000, 0x000000070fc00000| Untracked 
|  91|0x000000070fd00000, 0x000000070fd00000, 0x000000070fe00000|  0%| F|  |TAMS 0x000000070fd00000, 0x000000070fd00000| Untracked 
|  92|0x000000070fe00000, 0x000000070fe00000, 0x000000070ff00000|  0%| F|  |TAMS 0x000000070fe00000, 0x000000070fe00000| Untracked 
|  93|0x000000070ff00000, 0x000000070ff00000, 0x0000000710000000|  0%| F|  |TAMS 0x000000070ff00000, 0x000000070ff00000| Untracked 
|  94|0x0000000710000000, 0x0000000710000000, 0x0000000710100000|  0%| F|  |TAMS 0x0000000710000000, 0x0000000710000000| Untracked 
|  95|0x0000000710100000, 0x0000000710100000, 0x0000000710200000|  0%| F|  |TAMS 0x0000000710100000, 0x0000000710100000| Untracked 
|  96|0x0000000710200000, 0x0000000710200000, 0x0000000710300000|  0%| F|  |TAMS 0x0000000710200000, 0x0000000710200000| Untracked 
|  97|0x0000000710300000, 0x0000000710300000, 0x0000000710400000|  0%| F|  |TAMS 0x0000000710300000, 0x0000000710300000| Untracked 
|  98|0x0000000710400000, 0x0000000710400000, 0x0000000710500000|  0%| F|  |TAMS 0x0000000710400000, 0x0000000710400000| Untracked 
|  99|0x0000000710500000, 0x0000000710500000, 0x0000000710600000|  0%| F|  |TAMS 0x0000000710500000, 0x0000000710500000| Untracked 
| 100|0x0000000710600000, 0x0000000710600000, 0x0000000710700000|  0%| F|  |TAMS 0x0000000710600000, 0x0000000710600000| Untracked 
| 101|0x0000000710700000, 0x0000000710700000, 0x0000000710800000|  0%| F|  |TAMS 0x0000000710700000, 0x0000000710700000| Untracked 
| 102|0x0000000710800000, 0x0000000710800000, 0x0000000710900000|  0%| F|  |TAMS 0x0000000710800000, 0x0000000710800000| Untracked 
| 103|0x0000000710900000, 0x0000000710900000, 0x0000000710a00000|  0%| F|  |TAMS 0x0000000710900000, 0x0000000710900000| Untracked 
| 104|0x0000000710a00000, 0x0000000710a00000, 0x0000000710b00000|  0%| F|  |TAMS 0x0000000710a00000, 0x0000000710a00000| Untracked 
| 105|0x0000000710b00000, 0x0000000710b00000, 0x0000000710c00000|  0%| F|  |TAMS 0x0000000710b00000, 0x0000000710b00000| Untracked 
| 106|0x0000000710c00000, 0x0000000710c00000, 0x0000000710d00000|  0%| F|  |TAMS 0x0000000710c00000, 0x0000000710c00000| Untracked 
| 107|0x0000000710d00000, 0x0000000710d00000, 0x0000000710e00000|  0%| F|  |TAMS 0x0000000710d00000, 0x0000000710d00000| Untracked 
| 108|0x0000000710e00000, 0x0000000710e00000, 0x0000000710f00000|  0%| F|  |TAMS 0x0000000710e00000, 0x0000000710e00000| Untracked 
| 109|0x0000000710f00000, 0x0000000710f00000, 0x0000000711000000|  0%| F|  |TAMS 0x0000000710f00000, 0x0000000710f00000| Untracked 
| 110|0x0000000711000000, 0x0000000711000000, 0x0000000711100000|  0%| F|  |TAMS 0x0000000711000000, 0x0000000711000000| Untracked 
| 111|0x0000000711100000, 0x0000000711100000, 0x0000000711200000|  0%| F|  |TAMS 0x0000000711100000, 0x0000000711100000| Untracked 
| 112|0x0000000711200000, 0x0000000711200000, 0x0000000711300000|  0%| F|  |TAMS 0x0000000711200000, 0x0000000711200000| Untracked 
| 113|0x0000000711300000, 0x0000000711300000, 0x0000000711400000|  0%| F|  |TAMS 0x0000000711300000, 0x0000000711300000| Untracked 
| 114|0x0000000711400000, 0x0000000711400000, 0x0000000711500000|  0%| F|  |TAMS 0x0000000711400000, 0x0000000711400000| Untracked 
| 115|0x0000000711500000, 0x0000000711500000, 0x0000000711600000|  0%| F|  |TAMS 0x0000000711500000, 0x0000000711500000| Untracked 
| 116|0x0000000711600000, 0x0000000711600000, 0x0000000711700000|  0%| F|  |TAMS 0x0000000711600000, 0x0000000711600000| Untracked 
| 117|0x0000000711700000, 0x0000000711700000, 0x0000000711800000|  0%| F|  |TAMS 0x0000000711700000, 0x0000000711700000| Untracked 
| 118|0x0000000711800000, 0x0000000711800000, 0x0000000711900000|  0%| F|  |TAMS 0x0000000711800000, 0x0000000711800000| Untracked 
| 119|0x0000000711900000, 0x0000000711900000, 0x0000000711a00000|  0%| F|  |TAMS 0x0000000711900000, 0x0000000711900000| Untracked 
| 120|0x0000000711a00000, 0x0000000711a00000, 0x0000000711b00000|  0%| F|  |TAMS 0x0000000711a00000, 0x0000000711a00000| Untracked 
| 121|0x0000000711b00000, 0x0000000711b00000, 0x0000000711c00000|  0%| F|  |TAMS 0x0000000711b00000, 0x0000000711b00000| Untracked 
| 122|0x0000000711c00000, 0x0000000711c00000, 0x0000000711d00000|  0%| F|  |TAMS 0x0000000711c00000, 0x0000000711c00000| Untracked 
| 123|0x0000000711d00000, 0x0000000711d00000, 0x0000000711e00000|  0%| F|  |TAMS 0x0000000711d00000, 0x0000000711d00000| Untracked 
| 124|0x0000000711e00000, 0x0000000711e00000, 0x0000000711f00000|  0%| F|  |TAMS 0x0000000711e00000, 0x0000000711e00000| Untracked 
| 125|0x0000000711f00000, 0x0000000711f00000, 0x0000000712000000|  0%| F|  |TAMS 0x0000000711f00000, 0x0000000711f00000| Untracked 
| 126|0x0000000712000000, 0x0000000712000000, 0x0000000712100000|  0%| F|  |TAMS 0x0000000712000000, 0x0000000712000000| Untracked 
| 127|0x0000000712100000, 0x0000000712100000, 0x0000000712200000|  0%| F|  |TAMS 0x0000000712100000, 0x0000000712100000| Untracked 
| 128|0x0000000712200000, 0x0000000712200000, 0x0000000712300000|  0%| F|  |TAMS 0x0000000712200000, 0x0000000712200000| Untracked 
| 129|0x0000000712300000, 0x0000000712300000, 0x0000000712400000|  0%| F|  |TAMS 0x0000000712300000, 0x0000000712300000| Untracked 
| 130|0x0000000712400000, 0x0000000712400000, 0x0000000712500000|  0%| F|  |TAMS 0x0000000712400000, 0x0000000712400000| Untracked 
| 131|0x0000000712500000, 0x0000000712500000, 0x0000000712600000|  0%| F|  |TAMS 0x0000000712500000, 0x0000000712500000| Untracked 
| 132|0x0000000712600000, 0x0000000712600000, 0x0000000712700000|  0%| F|  |TAMS 0x0000000712600000, 0x0000000712600000| Untracked 
| 133|0x0000000712700000, 0x0000000712700000, 0x0000000712800000|  0%| F|  |TAMS 0x0000000712700000, 0x0000000712700000| Untracked 
| 134|0x0000000712800000, 0x0000000712800000, 0x0000000712900000|  0%| F|  |TAMS 0x0000000712800000, 0x0000000712800000| Untracked 
| 135|0x0000000712900000, 0x0000000712900000, 0x0000000712a00000|  0%| F|  |TAMS 0x0000000712900000, 0x0000000712900000| Untracked 
| 136|0x0000000712a00000, 0x0000000712a00000, 0x0000000712b00000|  0%| F|  |TAMS 0x0000000712a00000, 0x0000000712a00000| Untracked 
| 137|0x0000000712b00000, 0x0000000712b00000, 0x0000000712c00000|  0%| F|  |TAMS 0x0000000712b00000, 0x0000000712b00000| Untracked 
| 138|0x0000000712c00000, 0x0000000712c00000, 0x0000000712d00000|  0%| F|  |TAMS 0x0000000712c00000, 0x0000000712c00000| Untracked 
| 139|0x0000000712d00000, 0x0000000712d00000, 0x0000000712e00000|  0%| F|  |TAMS 0x0000000712d00000, 0x0000000712d00000| Untracked 
| 140|0x0000000712e00000, 0x0000000712e00000, 0x0000000712f00000|  0%| F|  |TAMS 0x0000000712e00000, 0x0000000712e00000| Untracked 
| 141|0x0000000712f00000, 0x0000000712f00000, 0x0000000713000000|  0%| F|  |TAMS 0x0000000712f00000, 0x0000000712f00000| Untracked 
| 142|0x0000000713000000, 0x0000000713000000, 0x0000000713100000|  0%| F|  |TAMS 0x0000000713000000, 0x0000000713000000| Untracked 
| 143|0x0000000713100000, 0x0000000713100000, 0x0000000713200000|  0%| F|  |TAMS 0x0000000713100000, 0x0000000713100000| Untracked 
| 144|0x0000000713200000, 0x0000000713200000, 0x0000000713300000|  0%| F|  |TAMS 0x0000000713200000, 0x0000000713200000| Untracked 
| 145|0x0000000713300000, 0x0000000713300000, 0x0000000713400000|  0%| F|  |TAMS 0x0000000713300000, 0x0000000713300000| Untracked 
| 146|0x0000000713400000, 0x0000000713400000, 0x0000000713500000|  0%| F|  |TAMS 0x0000000713400000, 0x0000000713400000| Untracked 
| 147|0x0000000713500000, 0x0000000713500000, 0x0000000713600000|  0%| F|  |TAMS 0x0000000713500000, 0x0000000713500000| Untracked 
| 148|0x0000000713600000, 0x0000000713600000, 0x0000000713700000|  0%| F|  |TAMS 0x0000000713600000, 0x0000000713600000| Untracked 
| 149|0x0000000713700000, 0x0000000713700000, 0x0000000713800000|  0%| F|  |TAMS 0x0000000713700000, 0x0000000713700000| Untracked 
| 150|0x0000000713800000, 0x0000000713800000, 0x0000000713900000|  0%| F|  |TAMS 0x0000000713800000, 0x0000000713800000| Untracked 
| 151|0x0000000713900000, 0x0000000713900000, 0x0000000713a00000|  0%| F|  |TAMS 0x0000000713900000, 0x0000000713900000| Untracked 
| 152|0x0000000713a00000, 0x0000000713a00000, 0x0000000713b00000|  0%| F|  |TAMS 0x0000000713a00000, 0x0000000713a00000| Untracked 
| 153|0x0000000713b00000, 0x0000000713b00000, 0x0000000713c00000|  0%| F|  |TAMS 0x0000000713b00000, 0x0000000713b00000| Untracked 
| 154|0x0000000713c00000, 0x0000000713c00000, 0x0000000713d00000|  0%| F|  |TAMS 0x0000000713c00000, 0x0000000713c00000| Untracked 
| 155|0x0000000713d00000, 0x0000000713d00000, 0x0000000713e00000|  0%| F|  |TAMS 0x0000000713d00000, 0x0000000713d00000| Untracked 
| 156|0x0000000713e00000, 0x0000000713e00000, 0x0000000713f00000|  0%| F|  |TAMS 0x0000000713e00000, 0x0000000713e00000| Untracked 
| 157|0x0000000713f00000, 0x0000000713f00000, 0x0000000714000000|  0%| F|  |TAMS 0x0000000713f00000, 0x0000000713f00000| Untracked 
| 158|0x0000000714000000, 0x0000000714000000, 0x0000000714100000|  0%| F|  |TAMS 0x0000000714000000, 0x0000000714000000| Untracked 
| 159|0x0000000714100000, 0x0000000714100000, 0x0000000714200000|  0%| F|  |TAMS 0x0000000714100000, 0x0000000714100000| Untracked 
| 160|0x0000000714200000, 0x0000000714200000, 0x0000000714300000|  0%| F|  |TAMS 0x0000000714200000, 0x0000000714200000| Untracked 
| 161|0x0000000714300000, 0x0000000714300000, 0x0000000714400000|  0%| F|  |TAMS 0x0000000714300000, 0x0000000714300000| Untracked 
| 162|0x0000000714400000, 0x0000000714400000, 0x0000000714500000|  0%| F|  |TAMS 0x0000000714400000, 0x0000000714400000| Untracked 
| 163|0x0000000714500000, 0x0000000714500000, 0x0000000714600000|  0%| F|  |TAMS 0x0000000714500000, 0x0000000714500000| Untracked 
| 164|0x0000000714600000, 0x0000000714600000, 0x0000000714700000|  0%| F|  |TAMS 0x0000000714600000, 0x0000000714600000| Untracked 
| 165|0x0000000714700000, 0x0000000714700000, 0x0000000714800000|  0%| F|  |TAMS 0x0000000714700000, 0x0000000714700000| Untracked 
| 166|0x0000000714800000, 0x0000000714800000, 0x0000000714900000|  0%| F|  |TAMS 0x0000000714800000, 0x0000000714800000| Untracked 
| 167|0x0000000714900000, 0x0000000714900000, 0x0000000714a00000|  0%| F|  |TAMS 0x0000000714900000, 0x0000000714900000| Untracked 
| 168|0x0000000714a00000, 0x0000000714a00000, 0x0000000714b00000|  0%| F|  |TAMS 0x0000000714a00000, 0x0000000714a00000| Untracked 
| 169|0x0000000714b00000, 0x0000000714b00000, 0x0000000714c00000|  0%| F|  |TAMS 0x0000000714b00000, 0x0000000714b00000| Untracked 
| 170|0x0000000714c00000, 0x0000000714c00000, 0x0000000714d00000|  0%| F|  |TAMS 0x0000000714c00000, 0x0000000714c00000| Untracked 
| 171|0x0000000714d00000, 0x0000000714d00000, 0x0000000714e00000|  0%| F|  |TAMS 0x0000000714d00000, 0x0000000714d00000| Untracked 
| 172|0x0000000714e00000, 0x0000000714e00000, 0x0000000714f00000|  0%| F|  |TAMS 0x0000000714e00000, 0x0000000714e00000| Untracked 
| 173|0x0000000714f00000, 0x0000000714f00000, 0x0000000715000000|  0%| F|  |TAMS 0x0000000714f00000, 0x0000000714f00000| Untracked 
| 174|0x0000000715000000, 0x0000000715000000, 0x0000000715100000|  0%| F|  |TAMS 0x0000000715000000, 0x0000000715000000| Untracked 
| 175|0x0000000715100000, 0x0000000715100000, 0x0000000715200000|  0%| F|  |TAMS 0x0000000715100000, 0x0000000715100000| Untracked 
| 176|0x0000000715200000, 0x0000000715200000, 0x0000000715300000|  0%| F|  |TAMS 0x0000000715200000, 0x0000000715200000| Untracked 
| 177|0x0000000715300000, 0x0000000715300000, 0x0000000715400000|  0%| F|  |TAMS 0x0000000715300000, 0x0000000715300000| Untracked 
| 178|0x0000000715400000, 0x0000000715400000, 0x0000000715500000|  0%| F|  |TAMS 0x0000000715400000, 0x0000000715400000| Untracked 
| 179|0x0000000715500000, 0x0000000715500000, 0x0000000715600000|  0%| F|  |TAMS 0x0000000715500000, 0x0000000715500000| Untracked 
| 180|0x0000000715600000, 0x0000000715600000, 0x0000000715700000|  0%| F|  |TAMS 0x0000000715600000, 0x0000000715600000| Untracked 
| 181|0x0000000715700000, 0x0000000715700000, 0x0000000715800000|  0%| F|  |TAMS 0x0000000715700000, 0x0000000715700000| Untracked 
| 182|0x0000000715800000, 0x0000000715800000, 0x0000000715900000|  0%| F|  |TAMS 0x0000000715800000, 0x0000000715800000| Untracked 
| 183|0x0000000715900000, 0x0000000715900000, 0x0000000715a00000|  0%| F|  |TAMS 0x0000000715900000, 0x0000000715900000| Untracked 
| 184|0x0000000715a00000, 0x0000000715a00000, 0x0000000715b00000|  0%| F|  |TAMS 0x0000000715a00000, 0x0000000715a00000| Untracked 
| 185|0x0000000715b00000, 0x0000000715b00000, 0x0000000715c00000|  0%| F|  |TAMS 0x0000000715b00000, 0x0000000715b00000| Untracked 
| 186|0x0000000715c00000, 0x0000000715c00000, 0x0000000715d00000|  0%| F|  |TAMS 0x0000000715c00000, 0x0000000715c00000| Untracked 
| 187|0x0000000715d00000, 0x0000000715d00000, 0x0000000715e00000|  0%| F|  |TAMS 0x0000000715d00000, 0x0000000715d00000| Untracked 
| 188|0x0000000715e00000, 0x0000000715e00000, 0x0000000715f00000|  0%| F|  |TAMS 0x0000000715e00000, 0x0000000715e00000| Untracked 
| 189|0x0000000715f00000, 0x0000000715f00000, 0x0000000716000000|  0%| F|  |TAMS 0x0000000715f00000, 0x0000000715f00000| Untracked 
| 190|0x0000000716000000, 0x0000000716000000, 0x0000000716100000|  0%| F|  |TAMS 0x0000000716000000, 0x0000000716000000| Untracked 
| 191|0x0000000716100000, 0x0000000716100000, 0x0000000716200000|  0%| F|  |TAMS 0x0000000716100000, 0x0000000716100000| Untracked 
| 192|0x0000000716200000, 0x0000000716200000, 0x0000000716300000|  0%| F|  |TAMS 0x0000000716200000, 0x0000000716200000| Untracked 
| 193|0x0000000716300000, 0x0000000716300000, 0x0000000716400000|  0%| F|  |TAMS 0x0000000716300000, 0x0000000716300000| Untracked 
| 194|0x0000000716400000, 0x0000000716400000, 0x0000000716500000|  0%| F|  |TAMS 0x0000000716400000, 0x0000000716400000| Untracked 
| 195|0x0000000716500000, 0x0000000716500000, 0x0000000716600000|  0%| F|  |TAMS 0x0000000716500000, 0x0000000716500000| Untracked 
| 196|0x0000000716600000, 0x0000000716600000, 0x0000000716700000|  0%| F|  |TAMS 0x0000000716600000, 0x0000000716600000| Untracked 
| 197|0x0000000716700000, 0x0000000716700000, 0x0000000716800000|  0%| F|  |TAMS 0x0000000716700000, 0x0000000716700000| Untracked 
| 198|0x0000000716800000, 0x0000000716800000, 0x0000000716900000|  0%| F|  |TAMS 0x0000000716800000, 0x0000000716800000| Untracked 
| 199|0x0000000716900000, 0x0000000716900000, 0x0000000716a00000|  0%| F|  |TAMS 0x0000000716900000, 0x0000000716900000| Untracked 
| 200|0x0000000716a00000, 0x0000000716a00000, 0x0000000716b00000|  0%| F|  |TAMS 0x0000000716a00000, 0x0000000716a00000| Untracked 
| 201|0x0000000716b00000, 0x0000000716b00000, 0x0000000716c00000|  0%| F|  |TAMS 0x0000000716b00000, 0x0000000716b00000| Untracked 
| 202|0x0000000716c00000, 0x0000000716c00000, 0x0000000716d00000|  0%| F|  |TAMS 0x0000000716c00000, 0x0000000716c00000| Untracked 
| 203|0x0000000716d00000, 0x0000000716d00000, 0x0000000716e00000|  0%| F|  |TAMS 0x0000000716d00000, 0x0000000716d00000| Untracked 
| 204|0x0000000716e00000, 0x0000000716e00000, 0x0000000716f00000|  0%| F|  |TAMS 0x0000000716e00000, 0x0000000716e00000| Untracked 
| 205|0x0000000716f00000, 0x0000000716f00000, 0x0000000717000000|  0%| F|  |TAMS 0x0000000716f00000, 0x0000000716f00000| Untracked 
| 206|0x0000000717000000, 0x0000000717000000, 0x0000000717100000|  0%| F|  |TAMS 0x0000000717000000, 0x0000000717000000| Untracked 
| 207|0x0000000717100000, 0x0000000717100000, 0x0000000717200000|  0%| F|  |TAMS 0x0000000717100000, 0x0000000717100000| Untracked 
| 208|0x0000000717200000, 0x0000000717200000, 0x0000000717300000|  0%| F|  |TAMS 0x0000000717200000, 0x0000000717200000| Untracked 
| 209|0x0000000717300000, 0x0000000717300000, 0x0000000717400000|  0%| F|  |TAMS 0x0000000717300000, 0x0000000717300000| Untracked 
| 210|0x0000000717400000, 0x0000000717400000, 0x0000000717500000|  0%| F|  |TAMS 0x0000000717400000, 0x0000000717400000| Untracked 
| 211|0x0000000717500000, 0x0000000717500000, 0x0000000717600000|  0%| F|  |TAMS 0x0000000717500000, 0x0000000717500000| Untracked 
| 212|0x0000000717600000, 0x0000000717600000, 0x0000000717700000|  0%| F|  |TAMS 0x0000000717600000, 0x0000000717600000| Untracked 
| 213|0x0000000717700000, 0x0000000717700000, 0x0000000717800000|  0%| F|  |TAMS 0x0000000717700000, 0x0000000717700000| Untracked 
| 214|0x0000000717800000, 0x0000000717800000, 0x0000000717900000|  0%| F|  |TAMS 0x0000000717800000, 0x0000000717800000| Untracked 
| 215|0x0000000717900000, 0x0000000717900000, 0x0000000717a00000|  0%| F|  |TAMS 0x0000000717900000, 0x0000000717900000| Untracked 
| 216|0x0000000717a00000, 0x0000000717a00000, 0x0000000717b00000|  0%| F|  |TAMS 0x0000000717a00000, 0x0000000717a00000| Untracked 
| 217|0x0000000717b00000, 0x0000000717b00000, 0x0000000717c00000|  0%| F|  |TAMS 0x0000000717b00000, 0x0000000717b00000| Untracked 
| 218|0x0000000717c00000, 0x0000000717c00000, 0x0000000717d00000|  0%| F|  |TAMS 0x0000000717c00000, 0x0000000717c00000| Untracked 
| 219|0x0000000717d00000, 0x0000000717d00000, 0x0000000717e00000|  0%| F|  |TAMS 0x0000000717d00000, 0x0000000717d00000| Untracked 
| 220|0x0000000717e00000, 0x0000000717e00000, 0x0000000717f00000|  0%| F|  |TAMS 0x0000000717e00000, 0x0000000717e00000| Untracked 
| 221|0x0000000717f00000, 0x0000000717f00000, 0x0000000718000000|  0%| F|  |TAMS 0x0000000717f00000, 0x0000000717f00000| Untracked 
| 222|0x0000000718000000, 0x0000000718000000, 0x0000000718100000|  0%| F|  |TAMS 0x0000000718000000, 0x0000000718000000| Untracked 
| 223|0x0000000718100000, 0x0000000718100000, 0x0000000718200000|  0%| F|  |TAMS 0x0000000718100000, 0x0000000718100000| Untracked 
| 224|0x0000000718200000, 0x0000000718200000, 0x0000000718300000|  0%| F|  |TAMS 0x0000000718200000, 0x0000000718200000| Untracked 
| 225|0x0000000718300000, 0x0000000718300000, 0x0000000718400000|  0%| F|  |TAMS 0x0000000718300000, 0x0000000718300000| Untracked 
| 226|0x0000000718400000, 0x0000000718400000, 0x0000000718500000|  0%| F|  |TAMS 0x0000000718400000, 0x0000000718400000| Untracked 
| 227|0x0000000718500000, 0x0000000718500000, 0x0000000718600000|  0%| F|  |TAMS 0x0000000718500000, 0x0000000718500000| Untracked 
| 228|0x0000000718600000, 0x0000000718600000, 0x0000000718700000|  0%| F|  |TAMS 0x0000000718600000, 0x0000000718600000| Untracked 
| 229|0x0000000718700000, 0x0000000718700000, 0x0000000718800000|  0%| F|  |TAMS 0x0000000718700000, 0x0000000718700000| Untracked 
| 230|0x0000000718800000, 0x0000000718800000, 0x0000000718900000|  0%| F|  |TAMS 0x0000000718800000, 0x0000000718800000| Untracked 
| 231|0x0000000718900000, 0x0000000718900000, 0x0000000718a00000|  0%| F|  |TAMS 0x0000000718900000, 0x0000000718900000| Untracked 
| 232|0x0000000718a00000, 0x0000000718a00000, 0x0000000718b00000|  0%| F|  |TAMS 0x0000000718a00000, 0x0000000718a00000| Untracked 
| 233|0x0000000718b00000, 0x0000000718b00000, 0x0000000718c00000|  0%| F|  |TAMS 0x0000000718b00000, 0x0000000718b00000| Untracked 
| 234|0x0000000718c00000, 0x0000000718c00000, 0x0000000718d00000|  0%| F|  |TAMS 0x0000000718c00000, 0x0000000718c00000| Untracked 
| 235|0x0000000718d00000, 0x0000000718d00000, 0x0000000718e00000|  0%| F|  |TAMS 0x0000000718d00000, 0x0000000718d00000| Untracked 
| 236|0x0000000718e00000, 0x0000000718e00000, 0x0000000718f00000|  0%| F|  |TAMS 0x0000000718e00000, 0x0000000718e00000| Untracked 
| 237|0x0000000718f00000, 0x0000000718f00000, 0x0000000719000000|  0%| F|  |TAMS 0x0000000718f00000, 0x0000000718f00000| Untracked 
| 238|0x0000000719000000, 0x0000000719000000, 0x0000000719100000|  0%| F|  |TAMS 0x0000000719000000, 0x0000000719000000| Untracked 
| 239|0x0000000719100000, 0x0000000719100000, 0x0000000719200000|  0%| F|  |TAMS 0x0000000719100000, 0x0000000719100000| Untracked 
| 240|0x0000000719200000, 0x0000000719200000, 0x0000000719300000|  0%| F|  |TAMS 0x0000000719200000, 0x0000000719200000| Untracked 
| 241|0x0000000719300000, 0x0000000719300000, 0x0000000719400000|  0%| F|  |TAMS 0x0000000719300000, 0x0000000719300000| Untracked 
| 242|0x0000000719400000, 0x0000000719400000, 0x0000000719500000|  0%| F|  |TAMS 0x0000000719400000, 0x0000000719400000| Untracked 
| 243|0x0000000719500000, 0x0000000719500000, 0x0000000719600000|  0%| F|  |TAMS 0x0000000719500000, 0x0000000719500000| Untracked 
| 244|0x0000000719600000, 0x0000000719600000, 0x0000000719700000|  0%| F|  |TAMS 0x0000000719600000, 0x0000000719600000| Untracked 
| 245|0x0000000719700000, 0x0000000719800000, 0x0000000719800000|100%| E|  |TAMS 0x0000000719700000, 0x0000000719700000| Complete 
|2908|0x00000007bfe00000, 0x00000007bfe47000, 0x00000007bff00000| 27%|OA|  |TAMS 0x00000007bfe00000, 0x00000007bfe00000| Untracked 
|2909|0x00000007bff00000, 0x00000007bff6b000, 0x00000007c0000000| 41%|CA|  |TAMS 0x00000007bff00000, 0x00000007bff00000| Untracked 

Card table byte_map: [0x00007fd8b8a7d000,0x00007fd8b922c000] _byte_map_base: 0x00007fd8b522c000

Marking Bits (Prev, Next): (CMBitMap*) 0x00007fd8b407c7f8, (CMBitMap*) 0x00007fd8b407c830
 Prev Bits: [0x00007fd894288000, 0x00007fd898000000)
 Next Bits: [0x00007fd890510000, 0x00007fd894288000)

Polling page: 0x00007fd8be63e000

Metaspace:

Usage:
  Non-class:      4.00 MB capacity,   150.84 KB (  4%) used,     3.86 MB ( 96%) free+waste,   128 bytes ( <1%) overhead. 
      Class:    386.00 KB capacity,     5.67 KB (  1%) used,   380.20 KB ( 98%) free+waste,   128 bytes ( <1%) overhead. 
       Both:      4.38 MB capacity,   156.51 KB (  3%) used,     4.23 MB ( 97%) free+waste,   256 bytes ( <1%) overhead. 

Virtual space:
  Non-class space:        8.00 MB reserved,       4.25 MB ( 53%) committed 
      Class space:        1.00 GB reserved,     512.00 KB ( <1%) committed 
             Both:        1.01 GB reserved,       4.75 MB ( <1%) committed 

Chunk freelists:
   Non-Class:  0 bytes
       Class:  0 bytes
        Both:  0 bytes

MaxMetaspaceSize: unlimited
CompressedClassSpaceSize: 1.00 GB

CodeHeap 'non-profiled nmethods': size=120032Kb used=14Kb max_used=14Kb free=120017Kb
 bounds [0x00007fd8a4359000, 0x00007fd8a45c9000, 0x00007fd8ab891000]
CodeHeap 'profiled nmethods': size=120028Kb used=79Kb max_used=79Kb free=119949Kb
 bounds [0x00007fd89ce22000, 0x00007fd89d092000, 0x00007fd8a4359000]
CodeHeap 'non-nmethods': size=5700Kb used=983Kb max_used=992Kb free=4716Kb
 bounds [0x00007fd89c891000, 0x00007fd89cb01000, 0x00007fd89ce22000]
 total_blobs=299 nmethods=57 adapters=155
 compilation: enabled
              stopped_count=0, restarted_count=0
 full_count=0

Compilation events (20 events):
Event: 0.020 Thread 0x00007fd8b41e0800 nmethod 55 0x00007fd8a435bf90 code [0x00007fd8a435c120, 0x00007fd8a435c1d8]
Event: 0.020 Thread 0x00007fd8b41e2800 nmethod 48 0x00007fd89ce31110 code [0x00007fd89ce313e0, 0x00007fd89ce32980]
Event: 0.020 Thread 0x00007fd8b41e2800   53       3       java.util.HashMap::putIfAbsent (13 bytes)
Event: 0.020 Thread 0x00007fd8b41e2800 nmethod 53 0x00007fd89ce32e10 code [0x00007fd89ce32fe0, 0x00007fd89ce332f0]
Event: 0.020 Thread 0x00007fd8b41e2800   45       3       java.util.HashSet::add (20 bytes)
Event: 0.020 Thread 0x00007fd8b41e2800 nmethod 45 0x00007fd89ce33410 code [0x00007fd89ce33600, 0x00007fd89ce33a70]
Event: 0.020 Thread 0x00007fd8b41e2800   49       3       jdk.internal.module.ModuleBootstrap$2::hasNext (30 bytes)
Event: 0.020 Thread 0x00007fd8b41e2800 nmethod 49 0x00007fd89ce33c10 code [0x00007fd89ce33de0, 0x00007fd89ce34130]
Event: 0.020 Thread 0x00007fd8b41e2800   50       3       jdk.internal.module.ModuleBootstrap$2::next (52 bytes)
Event: 0.021 Thread 0x00007fd8b41e2800 nmethod 50 0x00007fd89ce34210 code [0x00007fd89ce34420, 0x00007fd89ce349a0]
Event: 0.021 Thread 0x00007fd8b41e2800   44       1       java.lang.module.ModuleDescriptor::isOpen (5 bytes)
Event: 0.021 Thread 0x00007fd8b41e2800 nmethod 44 0x00007fd8a435c290 code [0x00007fd8a435c440, 0x00007fd8a435c510]
Event: 0.021 Thread 0x00007fd8b41e2800   47       3       java.util.ImmutableCollections$Set12$1::next (92 bytes)
Event: 0.021 Thread 0x00007fd8b41e2800 nmethod 47 0x00007fd89ce34b10 code [0x00007fd89ce34ce0, 0x00007fd89ce34f60]
Event: 0.021 Thread 0x00007fd8b41e2800   56       3       java.lang.String::charAt (25 bytes)
Event: 0.021 Thread 0x00007fd8b41e2800 nmethod 56 0x00007fd89ce35090 code [0x00007fd89ce35280, 0x00007fd89ce35650]
Event: 0.021 Thread 0x00007fd8b41e2800   57       3       java.lang.StringLatin1::charAt (28 bytes)
Event: 0.021 Thread 0x00007fd8b41e2800 nmethod 57 0x00007fd89ce35790 code [0x00007fd89ce35960, 0x00007fd89ce35b40]
Event: 0.021 Thread 0x00007fd8b41e2800   51       1       java.lang.Module::getDescriptor (5 bytes)
Event: 0.021 Thread 0x00007fd8b41e2800 nmethod 51 0x00007fd8a435c590 code [0x00007fd8a435c740, 0x00007fd8a435c810]

GC Heap History (0 events):
No events

Deoptimization events (0 events):
No events

Classes redefined (0 events):
No events

Internal exceptions (0 events):
No events

Events (20 events):
Event: 0.011 Thread 0x00007fd8b41e0800 Thread added: 0x00007fd8b41e0800
Event: 0.011 Protecting memory [0x00007fd888e80000,0x00007fd888e84000] with protection modes 0
Event: 0.011 Thread 0x00007fd8b41e2800 Thread added: 0x00007fd8b41e2800
Event: 0.011 Protecting memory [0x00007fd888d7f000,0x00007fd888d83000] with protection modes 0
Event: 0.011 Thread 0x00007fd8b41e4800 Thread added: 0x00007fd8b41e4800
Event: 0.011 Protecting memory [0x00007fd888c7e000,0x00007fd888c82000] with protection modes 0
Event: 0.020 Executing VM operation: EnableBiasedLocking
Event: 0.020 Executing VM operation: EnableBiasedLocking done
Event: 0.020 loading class jdk/internal/vm/PostVMInitHook
Event: 0.020 loading class jdk/internal/vm/PostVMInitHook done
Event: 0.020 loading class Main
Event: 0.020 loading class Main done
Event: 0.021 loading class jdk/internal/loader/URLClassPath$FileLoader
Event: 0.021 loading class jdk/internal/loader/URLClassPath$FileLoader done
Event: 0.021 loading class jdk/internal/loader/URLClassPath$FileLoader$1
Event: 0.021 loading class jdk/internal/loader/URLClassPath$FileLoader$1 done
Event: 0.021 Thread 0x00007fd8b421f800 Thread added: 0x00007fd8b421f800
Event: 0.021 Protecting memory [0x00007fd888a7b000,0x00007fd888a7f000] with protection modes 0
Event: 0.022 Executing VM operation: RevokeBias
Event: 0.022 Executing VM operation: RevokeBias done


Dynamic libraries:
70a200000-719800000 rw-p 00000000 00:00 0 
719800000-7bfe00000 ---p 00000000 00:00 0 
7bfe00000-7bfe47000 rw-p 01111000 103:06 1198613                         /usr/lib/jvm/java-11-openjdk-amd64/lib/server/classes.jsa
7bfe47000-7bff00000 rw-p 00000000 00:00 0 
7bff00000-7bff6b000 rw-p 010a6000 103:06 1198613                         /usr/lib/jvm/java-11-openjdk-amd64/lib/server/classes.jsa
7bff6b000-7c0000000 rw-p 00000000 00:00 0 
7c0000000-800000000 ---p 00000000 00:00 0 
800000000-800002000 rwxp 00001000 103:06 1198613                         /usr/lib/jvm/java-11-openjdk-amd64/lib/server/classes.jsa
800002000-8003b9000 rw-p 00003000 103:06 1198613                         /usr/lib/jvm/java-11-openjdk-amd64/lib/server/classes.jsa
8003b9000-800a96000 r--p 003ba000 103:06 1198613                         /usr/lib/jvm/java-11-openjdk-amd64/lib/server/classes.jsa
800a96000-800a97000 rw-p 00a97000 103:06 1198613                         /usr/lib/jvm/java-11-openjdk-amd64/lib/server/classes.jsa
800a97000-8010a5000 r--p 00a98000 103:06 1198613                         /usr/lib/jvm/java-11-openjdk-amd64/lib/server/classes.jsa
840000000-840080000 rw-p 00000000 00:00 0 
840080000-880000000 ---p 00000000 00:00 0 
557af3b56000-557af3b57000 r-xp 00000000 103:06 1193512                   /usr/lib/jvm/java-11-openjdk-amd64/bin/java
557af3d57000-557af3d58000 r--p 00001000 103:06 1193512                   /usr/lib/jvm/java-11-openjdk-amd64/bin/java
557af3d58000-557af3d59000 rw-p 00002000 103:06 1193512                   /usr/lib/jvm/java-11-openjdk-amd64/bin/java
557af4e4d000-557af4e6e000 rw-p 00000000 00:00 0                          [heap]
7fd850000000-7fd850021000 rw-p 00000000 00:00 0 
7fd850021000-7fd854000000 ---p 00000000 00:00 0 
7fd858000000-7fd858021000 rw-p 00000000 00:00 0 
7fd858021000-7fd85c000000 ---p 00000000 00:00 0 
7fd85c000000-7fd85c021000 rw-p 00000000 00:00 0 
7fd85c021000-7fd860000000 ---p 00000000 00:00 0 
7fd860000000-7fd860096000 rw-p 00000000 00:00 0 
7fd860096000-7fd864000000 ---p 00000000 00:00 0 
7fd864000000-7fd86406e000 rw-p 00000000 00:00 0 
7fd86406e000-7fd868000000 ---p 00000000 00:00 0 
7fd868000000-7fd868021000 rw-p 00000000 00:00 0 
7fd868021000-7fd86c000000 ---p 00000000 00:00 0 
7fd86c000000-7fd86c021000 rw-p 00000000 00:00 0 
7fd86c021000-7fd870000000 ---p 00000000 00:00 0 
7fd870000000-7fd870021000 rw-p 00000000 00:00 0 
7fd870021000-7fd874000000 ---p 00000000 00:00 0 
7fd874000000-7fd874021000 rw-p 00000000 00:00 0 
7fd874021000-7fd878000000 ---p 00000000 00:00 0 
7fd878000000-7fd878021000 rw-p 00000000 00:00 0 
7fd878021000-7fd87c000000 ---p 00000000 00:00 0 
7fd87c000000-7fd87c021000 rw-p 00000000 00:00 0 
7fd87c021000-7fd880000000 ---p 00000000 00:00 0 
7fd880000000-7fd880021000 rw-p 00000000 00:00 0 
7fd880021000-7fd884000000 ---p 00000000 00:00 0 
7fd884000000-7fd884021000 rw-p 00000000 00:00 0 
7fd884021000-7fd888000000 ---p 00000000 00:00 0 
7fd888a7b000-7fd888a7f000 ---p 00000000 00:00 0 
7fd888a7f000-7fd888b7c000 rw-p 00000000 00:00 0 
7fd888b7c000-7fd888b7d000 ---p 00000000 00:00 0 
7fd888b7d000-7fd888c7e000 rw-p 00000000 00:00 0 
7fd888c7e000-7fd888c82000 ---p 00000000 00:00 0 
7fd888c82000-7fd888d7f000 rw-p 00000000 00:00 0 
7fd888d7f000-7fd888d83000 ---p 00000000 00:00 0 
7fd888d83000-7fd888e80000 rw-p 00000000 00:00 0 
7fd888e80000-7fd888e84000 ---p 00000000 00:00 0 
7fd888e84000-7fd888f81000 rw-p 00000000 00:00 0 
7fd888f81000-7fd888f85000 ---p 00000000 00:00 0 
7fd888f85000-7fd889082000 rw-p 00000000 00:00 0 
7fd889082000-7fd889086000 ---p 00000000 00:00 0 
7fd889086000-7fd889183000 rw-p 00000000 00:00 0 
7fd889183000-7fd8894fc000 r--p 00000000 103:06 1182520                   /usr/lib/locale/locale-archive
7fd8894fc000-7fd889500000 ---p 00000000 00:00 0 
7fd889500000-7fd8895fd000 rw-p 00000000 00:00 0 
7fd8895fd000-7fd889601000 ---p 00000000 00:00 0 
7fd889601000-7fd8896fe000 rw-p 00000000 00:00 0 
7fd8896fe000-7fd8896ff000 ---p 00000000 00:00 0 
7fd8896ff000-7fd889c40000 rw-p 00000000 00:00 0 
7fd889c40000-7fd88a000000 ---p 00000000 00:00 0 
7fd88a000000-7fd88c000000 rw-p 00000000 00:00 0 
7fd88c000000-7fd88c021000 rw-p 00000000 00:00 0 
7fd88c021000-7fd890000000 ---p 00000000 00:00 0 
7fd890009000-7fd89000a000 ---p 00000000 00:00 0 
7fd89000a000-7fd89010b000 rw-p 00000000 00:00 0 
7fd89010b000-7fd89010c000 ---p 00000000 00:00 0 
7fd89010c000-7fd8908e8000 rw-p 00000000 00:00 0 
7fd8908e8000-7fd893280000 ---p 00000000 00:00 0 
7fd893280000-7fd893288000 rw-p 00000000 00:00 0 
7fd893288000-7fd894288000 ---p 00000000 00:00 0 
7fd894288000-7fd894660000 rw-p 00000000 00:00 0 
7fd894660000-7fd896ff8000 ---p 00000000 00:00 0 
7fd896ff8000-7fd897000000 rw-p 00000000 00:00 0 
7fd897000000-7fd898000000 ---p 00000000 00:00 0 
7fd898000000-7fd898021000 rw-p 00000000 00:00 0 
7fd898021000-7fd89c000000 ---p 00000000 00:00 0 
7fd89c088000-7fd89c78f000 rw-p 00000000 00:00 0 
7fd89c78f000-7fd89c790000 ---p 00000000 00:00 0 
7fd89c790000-7fd89c891000 rw-p 00000000 00:00 0 
7fd89c891000-7fd89cb01000 rwxp 00000000 00:00 0 
7fd89cb01000-7fd89ce22000 ---p 00000000 00:00 0 
7fd89ce22000-7fd89d092000 rwxp 00000000 00:00 0 
7fd89d092000-7fd8a4359000 ---p 00000000 00:00 0 
7fd8a4359000-7fd8a45c9000 rwxp 00000000 00:00 0 
7fd8a45c9000-7fd8ab891000 ---p 00000000 00:00 0 
7fd8ab891000-7fd8b4000000 r--s 00000000 103:06 1193674                   /usr/lib/jvm/java-11-openjdk-amd64/lib/modules
7fd8b4000000-7fd8b422d000 rw-p 00000000 00:00 0 
7fd8b422d000-7fd8b8000000 ---p 00000000 00:00 0 
7fd8b804d000-7fd8b80ce000 rw-p 00000000 00:00 0 
7fd8b80ce000-7fd8b80cf000 ---p 00000000 00:00 0 
7fd8b80cf000-7fd8b8349000 rw-p 00000000 00:00 0 
7fd8b8349000-7fd8b887c000 ---p 00000000 00:00 0 
7fd8b887c000-7fd8b887d000 rw-p 00000000 00:00 0 
7fd8b887d000-7fd8b8a7d000 ---p 00000000 00:00 0 
7fd8b8a7d000-7fd8b8af8000 rw-p 00000000 00:00 0 
7fd8b8af8000-7fd8b902b000 ---p 00000000 00:00 0 
7fd8b902b000-7fd8b902c000 rw-p 00000000 00:00 0 
7fd8b902c000-7fd8b922c000 ---p 00000000 00:00 0 
7fd8b922c000-7fd8b92a7000 rw-p 00000000 00:00 0 
7fd8b92a7000-7fd8b97da000 ---p 00000000 00:00 0 
7fd8b97da000-7fd8b97db000 rw-p 00000000 00:00 0 
7fd8b97db000-7fd8b99db000 ---p 00000000 00:00 0 
7fd8b99db000-7fd8ba3e5000 rw-p 00000000 00:00 0 
7fd8ba3e5000-7fd8ba3e6000 ---p 00000000 00:00 0 
7fd8ba3e6000-7fd8ba4ec000 rw-p 00000000 00:00 0 
7fd8ba4ec000-7fd8ba5d2000 ---p 00000000 00:00 0 
7fd8ba5d2000-7fd8ba5d7000 rw-p 00000000 00:00 0 
7fd8ba5d7000-7fd8ba6bd000 ---p 00000000 00:00 0 
7fd8ba6bd000-7fd8ba6c4000 r-xp 00000000 103:06 1193673                   /usr/lib/jvm/java-11-openjdk-amd64/lib/libzip.so
7fd8ba6c4000-7fd8ba8c3000 ---p 00007000 103:06 1193673                   /usr/lib/jvm/java-11-openjdk-amd64/lib/libzip.so
7fd8ba8c3000-7fd8ba8c4000 r--p 00006000 103:06 1193673                   /usr/lib/jvm/java-11-openjdk-amd64/lib/libzip.so
7fd8ba8c4000-7fd8ba8c5000 rw-p 00007000 103:06 1193673                   /usr/lib/jvm/java-11-openjdk-amd64/lib/libzip.so
7fd8ba8c5000-7fd8ba8d0000 r-xp 00000000 103:06 2500042                   /lib/x86_64-linux-gnu/libnss_files-2.27.so
7fd8ba8d0000-7fd8baacf000 ---p 0000b000 103:06 2500042                   /lib/x86_64-linux-gnu/libnss_files-2.27.so
7fd8baacf000-7fd8baad0000 r--p 0000a000 103:06 2500042                   /lib/x86_64-linux-gnu/libnss_files-2.27.so
7fd8baad0000-7fd8baad1000 rw-p 0000b000 103:06 2500042                   /lib/x86_64-linux-gnu/libnss_files-2.27.so
7fd8baad1000-7fd8baad7000 rw-p 00000000 00:00 0 
7fd8baad7000-7fd8baaee000 r-xp 00000000 103:06 2500039                   /lib/x86_64-linux-gnu/libnsl-2.27.so
7fd8baaee000-7fd8baced000 ---p 00017000 103:06 2500039                   /lib/x86_64-linux-gnu/libnsl-2.27.so
7fd8baced000-7fd8bacee000 r--p 00016000 103:06 2500039                   /lib/x86_64-linux-gnu/libnsl-2.27.so
7fd8bacee000-7fd8bacef000 rw-p 00017000 103:06 2500039                   /lib/x86_64-linux-gnu/libnsl-2.27.so
7fd8bacef000-7fd8bacf1000 rw-p 00000000 00:00 0 
7fd8bacf1000-7fd8bacfc000 r-xp 00000000 103:06 2500044                   /lib/x86_64-linux-gnu/libnss_nis-2.27.so
7fd8bacfc000-7fd8baefb000 ---p 0000b000 103:06 2500044                   /lib/x86_64-linux-gnu/libnss_nis-2.27.so
7fd8baefb000-7fd8baefc000 r--p 0000a000 103:06 2500044                   /lib/x86_64-linux-gnu/libnss_nis-2.27.so
7fd8baefc000-7fd8baefd000 rw-p 0000b000 103:06 2500044                   /lib/x86_64-linux-gnu/libnss_nis-2.27.so
7fd8baefd000-7fd8baf05000 r-xp 00000000 103:06 2500040                   /lib/x86_64-linux-gnu/libnss_compat-2.27.so
7fd8baf05000-7fd8bb105000 ---p 00008000 103:06 2500040                   /lib/x86_64-linux-gnu/libnss_compat-2.27.so
7fd8bb105000-7fd8bb106000 r--p 00008000 103:06 2500040                   /lib/x86_64-linux-gnu/libnss_compat-2.27.so
7fd8bb106000-7fd8bb107000 rw-p 00009000 103:06 2500040                   /lib/x86_64-linux-gnu/libnss_compat-2.27.so
7fd8bb107000-7fd8bb10c000 r-xp 00000000 103:06 1193656                   /usr/lib/jvm/java-11-openjdk-amd64/lib/libjimage.so
7fd8bb10c000-7fd8bb30b000 ---p 00005000 103:06 1193656                   /usr/lib/jvm/java-11-openjdk-amd64/lib/libjimage.so
7fd8bb30b000-7fd8bb30c000 r--p 00004000 103:06 1193656                   /usr/lib/jvm/java-11-openjdk-amd64/lib/libjimage.so
7fd8bb30c000-7fd8bb30d000 rw-p 00005000 103:06 1193656                   /usr/lib/jvm/java-11-openjdk-amd64/lib/libjimage.so
7fd8bb30d000-7fd8bb336000 r-xp 00000000 103:06 1193652                   /usr/lib/jvm/java-11-openjdk-amd64/lib/libjava.so
7fd8bb336000-7fd8bb536000 ---p 00029000 103:06 1193652                   /usr/lib/jvm/java-11-openjdk-amd64/lib/libjava.so
7fd8bb536000-7fd8bb537000 r--p 00029000 103:06 1193652                   /usr/lib/jvm/java-11-openjdk-amd64/lib/libjava.so
7fd8bb537000-7fd8bb538000 rw-p 0002a000 103:06 1193652                   /usr/lib/jvm/java-11-openjdk-amd64/lib/libjava.so
7fd8bb538000-7fd8bb539000 rw-p 00000000 00:00 0 
7fd8bb539000-7fd8bb546000 r-xp 00000000 103:06 1193672                   /usr/lib/jvm/java-11-openjdk-amd64/lib/libverify.so
7fd8bb546000-7fd8bb745000 ---p 0000d000 103:06 1193672                   /usr/lib/jvm/java-11-openjdk-amd64/lib/libverify.so
7fd8bb745000-7fd8bb747000 r--p 0000c000 103:06 1193672                   /usr/lib/jvm/java-11-openjdk-amd64/lib/libverify.so
7fd8bb747000-7fd8bb748000 rw-p 0000e000 103:06 1193672                   /usr/lib/jvm/java-11-openjdk-amd64/lib/libverify.so
7fd8bb748000-7fd8bb74f000 r-xp 00000000 103:06 2500049                   /lib/x86_64-linux-gnu/librt-2.27.so
7fd8bb74f000-7fd8bb94e000 ---p 00007000 103:06 2500049                   /lib/x86_64-linux-gnu/librt-2.27.so
7fd8bb94e000-7fd8bb94f000 r--p 00006000 103:06 2500049                   /lib/x86_64-linux-gnu/librt-2.27.so
7fd8bb94f000-7fd8bb950000 rw-p 00007000 103:06 2500049                   /lib/x86_64-linux-gnu/librt-2.27.so
7fd8bb950000-7fd8bb967000 r-xp 00000000 103:06 2496109                   /lib/x86_64-linux-gnu/libgcc_s.so.1
7fd8bb967000-7fd8bbb66000 ---p 00017000 103:06 2496109                   /lib/x86_64-linux-gnu/libgcc_s.so.1
7fd8bbb66000-7fd8bbb67000 r--p 00016000 103:06 2496109                   /lib/x86_64-linux-gnu/libgcc_s.so.1
7fd8bbb67000-7fd8bbb68000 rw-p 00017000 103:06 2496109                   /lib/x86_64-linux-gnu/libgcc_s.so.1
7fd8bbb68000-7fd8bbd05000 r-xp 00000000 103:06 2500036                   /lib/x86_64-linux-gnu/libm-2.27.so
7fd8bbd05000-7fd8bbf04000 ---p 0019d000 103:06 2500036                   /lib/x86_64-linux-gnu/libm-2.27.so
7fd8bbf04000-7fd8bbf05000 r--p 0019c000 103:06 2500036                   /lib/x86_64-linux-gnu/libm-2.27.so
7fd8bbf05000-7fd8bbf06000 rw-p 0019d000 103:06 2500036                   /lib/x86_64-linux-gnu/libm-2.27.so
7fd8bbf06000-7fd8bc07f000 r-xp 00000000 103:06 1189731                   /usr/lib/x86_64-linux-gnu/libstdc++.so.6.0.25
7fd8bc07f000-7fd8bc27f000 ---p 00179000 103:06 1189731                   /usr/lib/x86_64-linux-gnu/libstdc++.so.6.0.25
7fd8bc27f000-7fd8bc289000 r--p 00179000 103:06 1189731                   /usr/lib/x86_64-linux-gnu/libstdc++.so.6.0.25
7fd8bc289000-7fd8bc28b000 rw-p 00183000 103:06 1189731                   /usr/lib/x86_64-linux-gnu/libstdc++.so.6.0.25
7fd8bc28b000-7fd8bc28f000 rw-p 00000000 00:00 0 
7fd8bc28f000-7fd8bd485000 r-xp 00000000 103:06 1193679                   /usr/lib/jvm/java-11-openjdk-amd64/lib/server/libjvm.so
7fd8bd485000-7fd8bd684000 ---p 011f6000 103:06 1193679                   /usr/lib/jvm/java-11-openjdk-amd64/lib/server/libjvm.so
7fd8bd684000-7fd8bd745000 r--p 011f5000 103:06 1193679                   /usr/lib/jvm/java-11-openjdk-amd64/lib/server/libjvm.so
7fd8bd745000-7fd8bd780000 rw-p 012b6000 103:06 1193679                   /usr/lib/jvm/java-11-openjdk-amd64/lib/server/libjvm.so
7fd8bd780000-7fd8bd7d7000 rw-p 00000000 00:00 0 
7fd8bd7d7000-7fd8bd7f1000 r-xp 00000000 103:06 2500047                   /lib/x86_64-linux-gnu/libpthread-2.27.so
7fd8bd7f1000-7fd8bd9f0000 ---p 0001a000 103:06 2500047                   /lib/x86_64-linux-gnu/libpthread-2.27.so
7fd8bd9f0000-7fd8bd9f1000 r--p 00019000 103:06 2500047                   /lib/x86_64-linux-gnu/libpthread-2.27.so
7fd8bd9f1000-7fd8bd9f2000 rw-p 0001a000 103:06 2500047                   /lib/x86_64-linux-gnu/libpthread-2.27.so
7fd8bd9f2000-7fd8bd9f6000 rw-p 00000000 00:00 0 
7fd8bd9f6000-7fd8bd9f9000 r-xp 00000000 103:06 2500035                   /lib/x86_64-linux-gnu/libdl-2.27.so
7fd8bd9f9000-7fd8bdbf8000 ---p 00003000 103:06 2500035                   /lib/x86_64-linux-gnu/libdl-2.27.so
7fd8bdbf8000-7fd8bdbf9000 r--p 00002000 103:06 2500035                   /lib/x86_64-linux-gnu/libdl-2.27.so
7fd8bdbf9000-7fd8bdbfa000 rw-p 00003000 103:06 2500035                   /lib/x86_64-linux-gnu/libdl-2.27.so
7fd8bdbfa000-7fd8bdc16000 r-xp 00000000 103:06 2496244                   /lib/x86_64-linux-gnu/libz.so.1.2.11
7fd8bdc16000-7fd8bde15000 ---p 0001c000 103:06 2496244                   /lib/x86_64-linux-gnu/libz.so.1.2.11
7fd8bde15000-7fd8bde16000 r--p 0001b000 103:06 2496244                   /lib/x86_64-linux-gnu/libz.so.1.2.11
7fd8bde16000-7fd8bde17000 rw-p 0001c000 103:06 2496244                   /lib/x86_64-linux-gnu/libz.so.1.2.11
7fd8bde17000-7fd8bdffe000 r-xp 00000000 103:06 2500032                   /lib/x86_64-linux-gnu/libc-2.27.so
7fd8bdffe000-7fd8be1fe000 ---p 001e7000 103:06 2500032                   /lib/x86_64-linux-gnu/libc-2.27.so
7fd8be1fe000-7fd8be202000 r--p 001e7000 103:06 2500032                   /lib/x86_64-linux-gnu/libc-2.27.so
7fd8be202000-7fd8be204000 rw-p 001eb000 103:06 2500032                   /lib/x86_64-linux-gnu/libc-2.27.so
7fd8be204000-7fd8be208000 rw-p 00000000 00:00 0 
7fd8be208000-7fd8be218000 r-xp 00000000 103:06 1193636                   /usr/lib/jvm/java-11-openjdk-amd64/lib/jli/libjli.so
7fd8be218000-7fd8be417000 ---p 00010000 103:06 1193636                   /usr/lib/jvm/java-11-openjdk-amd64/lib/jli/libjli.so
7fd8be417000-7fd8be418000 r--p 0000f000 103:06 1193636                   /usr/lib/jvm/java-11-openjdk-amd64/lib/jli/libjli.so
7fd8be418000-7fd8be419000 rw-p 00010000 103:06 1193636                   /usr/lib/jvm/java-11-openjdk-amd64/lib/jli/libjli.so
7fd8be419000-7fd8be442000 r-xp 00000000 103:06 2500028                   /lib/x86_64-linux-gnu/ld-2.27.so
7fd8be45e000-7fd8be523000 rw-p 00000000 00:00 0 
7fd8be523000-7fd8be527000 ---p 00000000 00:00 0 
7fd8be527000-7fd8be626000 rw-p 00000000 00:00 0 
7fd8be628000-7fd8be62d000 rw-p 00000000 00:00 0 
7fd8be62d000-7fd8be634000 ---p 00000000 00:00 0 
7fd8be634000-7fd8be636000 r--s 00007000 103:06 1585438                   /usr/share/java/java-atk-wrapper.jar
7fd8be636000-7fd8be63e000 rw-s 00000000 103:06 3936691                   /tmp/hsperfdata_hsuan-pu/3454
7fd8be63e000-7fd8be63f000 ---p 00000000 00:00 0 
7fd8be63f000-7fd8be640000 r--p 00000000 00:00 0 
7fd8be640000-7fd8be642000 rw-p 00000000 00:00 0 
7fd8be642000-7fd8be643000 r--p 00029000 103:06 2500028                   /lib/x86_64-linux-gnu/ld-2.27.so
7fd8be643000-7fd8be644000 rw-p 0002a000 103:06 2500028                   /lib/x86_64-linux-gnu/ld-2.27.so
7fd8be644000-7fd8be645000 rw-p 00000000 00:00 0 
7fff6e5cf000-7fff6e5f0000 rw-p 00000000 00:00 0                          [stack]
7fff6e5f3000-7fff6e5f6000 r--p 00000000 00:00 0                          [vvar]
7fff6e5f6000-7fff6e5f7000 r-xp 00000000 00:00 0                          [vdso]
ffffffffff600000-ffffffffff601000 --xp 00000000 00:00 0                  [vsyscall]


VM Arguments:
jvm_args: -Xverify:none 
java_command: Main
java_class_path (initial): .
Launcher Type: SUN_STANDARD

[Global flags]
     bool BytecodeVerificationLocal                = false                                     {product} {command line}
     bool BytecodeVerificationRemote               = false                                     {product} {command line}
     intx CICompilerCount                          = 4                                         {product} {ergonomic}
     uint ConcGCThreads                            = 3                                         {product} {ergonomic}
     uint G1ConcRefinementThreads                  = 10                                        {product} {ergonomic}
   size_t G1HeapRegionSize                         = 1048576                                   {product} {ergonomic}
    uintx GCDrainStackTargetSize                   = 64                                        {product} {ergonomic}
   size_t InitialHeapSize                          = 257949696                                 {product} {ergonomic}
   size_t MarkStackSize                            = 4194304                                   {product} {ergonomic}
   size_t MaxHeapSize                              = 4125097984                                {product} {ergonomic}
   size_t MaxNewSize                               = 2474639360                                {product} {ergonomic}
   size_t MinHeapDeltaBytes                        = 1048576                                   {product} {ergonomic}
    uintx NonNMethodCodeHeapSize                   = 5836300                                {pd product} {ergonomic}
    uintx NonProfiledCodeHeapSize                  = 122910970                              {pd product} {ergonomic}
    uintx ProfiledCodeHeapSize                     = 122910970                              {pd product} {ergonomic}
    uintx ReservedCodeCacheSize                    = 251658240                              {pd product} {ergonomic}
     bool SegmentedCodeCache                       = true                                      {product} {ergonomic}
     bool UseCompressedClassPointers               = true                                 {lp64_product} {ergonomic}
     bool UseCompressedOops                        = true                                 {lp64_product} {ergonomic}
     bool UseG1GC                                  = true                                      {product} {ergonomic}

Logging:
Log output configuration:
 #0: stdout all=warning uptime,level,tags
 #1: stderr all=off uptime,level,tags

Environment Variables:
PATH=/usr/local/cuda-11.2/bin:/home/hsuan-pu/go/bin:/usr/local/go/bin:/usr/local/sbin:/usr/local/bin:/usr/sbin:/usr/bin:/sbin:/bin:/usr/games:/usr/local/games:/snap/bin
USERNAME=hsuan-pu
LD_LIBRARY_PATH=/usr/local/cuda-11.2/lib64:
SHELL=/bin/bash
DISPLAY=:0
LANG=zh_TW.UTF-8

Signal Handlers:
SIGSEGV: [libjvm.so+0xeef6f0], sa_mask[0]=11111111011111111101111111111110, sa_flags=SA_RESTART|SA_SIGINFO
SIGBUS: [libjvm.so+0xeef6f0], sa_mask[0]=11111111011111111101111111111110, sa_flags=SA_RESTART|SA_SIGINFO
SIGFPE: [libjvm.so+0xeef6f0], sa_mask[0]=11111111011111111101111111111110, sa_flags=SA_RESTART|SA_SIGINFO
SIGPIPE: [libjvm.so+0xc12a00], sa_mask[0]=11111111011111111101111111111110, sa_flags=SA_RESTART|SA_SIGINFO
SIGXFSZ: [libjvm.so+0xc12a00], sa_mask[0]=11111111011111111101111111111110, sa_flags=SA_RESTART|SA_SIGINFO
SIGILL: [libjvm.so+0xeef6f0], sa_mask[0]=11111111011111111101111111111110, sa_flags=SA_RESTART|SA_SIGINFO
SIGUSR2: [libjvm.so+0xc128a0], sa_mask[0]=00000000000000000000000000000000, sa_flags=SA_RESTART|SA_SIGINFO
SIGHUP: [libjvm.so+0xc12c00], sa_mask[0]=11111111011111111101111111111110, sa_flags=SA_RESTART|SA_SIGINFO
SIGINT: [libjvm.so+0xc12c00], sa_mask[0]=11111111011111111101111111111110, sa_flags=SA_RESTART|SA_SIGINFO
SIGTERM: [libjvm.so+0xc12c00], sa_mask[0]=11111111011111111101111111111110, sa_flags=SA_RESTART|SA_SIGINFO
SIGQUIT: [libjvm.so+0xc12c00], sa_mask[0]=11111111011111111101111111111110, sa_flags=SA_RESTART|SA_SIGINFO


---------------  S Y S T E M  ---------------

OS:DISTRIB_ID=Ubuntu
DISTRIB_RELEASE=18.04
DISTRIB_CODENAME=bionic
DISTRIB_DESCRIPTION="Ubuntu 18.04.5 LTS"
uname:Linux 5.4.0-67-generic #75~18.04.1-Ubuntu SMP Tue Feb 23 19:17:50 UTC 2021 x86_64
OS uptime: 0 days 12:22 hours
libc:glibc 2.27 NPTL 2.27 
rlimit (soft/hard): STACK 8192k/infinity , CORE 0k/infinity , NPROC 62742/62742 , NOFILE 4096/4096 , AS infinity/infinity , CPU infinity/infinity , DATA infinity/infinity , FSIZE infinity/infinity , MEMLOCK 16384k/16384k
load average:0.47 0.38 0.40

/proc/meminfo:
MemTotal:       16111220 kB
MemFree:         6195884 kB
MemAvailable:    9980384 kB
Buffers:          507884 kB
Cached:          3801360 kB
SwapCached:            0 kB
Active:          7079256 kB
Inactive:        2044184 kB
Active(anon):    4837180 kB
Inactive(anon):   380292 kB
Active(file):    2242076 kB
Inactive(file):  1663892 kB
Unevictable:        4232 kB
Mlocked:              80 kB
SwapTotal:       8000508 kB
SwapFree:        8000508 kB
Dirty:               428 kB
Writeback:             0 kB
AnonPages:       4818360 kB
Mapped:           851276 kB
Shmem:            403280 kB
KReclaimable:     220788 kB
Slab:             454820 kB
SReclaimable:     220788 kB
SUnreclaim:       234032 kB
KernelStack:       21468 kB
PageTables:        97928 kB
NFS_Unstable:          0 kB
Bounce:                0 kB
WritebackTmp:          0 kB
CommitLimit:    16056116 kB
Committed_AS:   19562332 kB
VmallocTotal:   34359738367 kB
VmallocUsed:       81012 kB
VmallocChunk:          0 kB
Percpu:            13312 kB
HardwareCorrupted:     0 kB
AnonHugePages:         0 kB
ShmemHugePages:        0 kB
ShmemPmdMapped:        0 kB
FileHugePages:         0 kB
FilePmdMapped:         0 kB
CmaTotal:              0 kB
CmaFree:               0 kB
HugePages_Total:       0
HugePages_Free:        0
HugePages_Rsvd:        0
HugePages_Surp:        0
Hugepagesize:       2048 kB
Hugetlb:               0 kB
DirectMap4k:      672020 kB
DirectMap2M:    11624448 kB
DirectMap1G:     5242880 kB

/sys/kernel/mm/transparent_hugepage/enabled:
always [madvise] never
/sys/kernel/mm/transparent_hugepage/defrag (defrag/compaction efforts parameter):
always defer defer+madvise [madvise] never

/proc/sys/kernel/threads-max (system-wide limit on the number of threads):
125485
/proc/sys/vm/max_map_count (maximum number of memory map areas a process may have):
65530
/proc/sys/kernel/pid_max (system-wide limit on number of process identifiers):
32768

container (cgroup) information:
container_type: cgroupv1
cpu_cpuset_cpus: 0-11
cpu_memory_nodes: 0
active_processor_count: 12
cpu_quota: -1
cpu_period: 100000
cpu_shares: -1
memory_limit_in_bytes: -1
memory_and_swap_limit_in_bytes: -2
memory_soft_limit_in_bytes: -1
memory_usage_in_bytes: 7296598016
memory_max_usage_in_bytes: 7792320512

Steal ticks since vm start: 0
Steal ticks percentage since vm start:  0.000

CPU:total 12 (initial active 12) (6 cores per cpu, 2 threads per core) family 6 model 158 stepping 10 microcode 0xde, cmov, cx8, fxsr, mmx, sse, sse2, sse3, ssse3, sse4.1, sse4.2, popcnt, avx, avx2, aes, clmul, erms, 3dnowpref, lzcnt, ht, tsc, tscinvbit, bmi1, bmi2, adx, fma
CPU Model and flags from /proc/cpuinfo:
model name	: Intel(R) Core(TM) i7-8750H CPU @ 2.20GHz
flags		: fpu vme de pse tsc msr pae mce cx8 apic sep mtrr pge mca cmov pat pse36 clflush dts acpi mmx fxsr sse sse2 ss ht tm pbe syscall nx pdpe1gb rdtscp lm constant_tsc art arch_perfmon pebs bts rep_good nopl xtopology nonstop_tsc cpuid aperfmperf pni pclmulqdq dtes64 monitor ds_cpl vmx est tm2 ssse3 sdbg fma cx16 xtpr pdcm pcid sse4_1 sse4_2 x2apic movbe popcnt tsc_deadline_timer aes xsave avx f16c rdrand lahf_lm abm 3dnowprefetch cpuid_fault epb invpcid_single pti ssbd ibrs ibpb stibp tpr_shadow vnmi flexpriority ept vpid ept_ad fsgsbase tsc_adjust bmi1 avx2 smep bmi2 erms invpcid mpx rdseed adx smap clflushopt intel_pt xsaveopt xsavec xgetbv1 xsaves dtherm ida arat pln pts hwp hwp_notify hwp_act_window hwp_epp md_clear flush_l1d
Online cpus:
0-11
Offline cpus:

BIOS frequency limitation:
<Not Available>
Frequency switch latency (ns):
0
Available cpu frequencies:
<Not Available>
Current governor:
powersave
Core performance/turbo boost:
<Not Available>

Memory: 4k page, physical 16111220k(6195884k free), swap 8000508k(8000508k free)

vm_info: OpenJDK 64-Bit Server VM (11.0.10+9-Ubuntu-0ubuntu1.18.04) for linux-amd64 JRE (11.0.10+9-Ubuntu-0ubuntu1.18.04), built on Jan 20 2021 02:32:18 by "unknown" with gcc 7.5.0

END.
