非終結語詞在文法中無用

   Literal


終端機在文法中未使用

   INT
   FLOAT
   BOOL
   STRING
   INT_LIT
   FLOAT_LIT


規則在文法中無用

    6 Literal: INT_LIT
    7        | FLOAT_LIT


文法

    0 $accept: Program $end

    1 Program: StatementList

    2 StatementList: Statement
    3              | StatementList Statement

    4 Statement: DeclarationStmt

    5 DeclarationStmt: IDENT SEMICOLON


終結語詞，附有它們出現處的規則

$end (0) 0
error (256)
INT (258)
FLOAT (259)
BOOL (260)
STRING (261)
SEMICOLON (262) 5
INT_LIT (263)
FLOAT_LIT (264)
IDENT (265) 5


非終結語詞，附有它們出現處的規則

$accept (11)
    於左側： 0
Program (12)
    於左側： 1, 於右側： 0
StatementList (13)
    於左側： 2 3, 於右側： 1 3
Statement (14)
    於左側： 4, 於右側： 2 3
DeclarationStmt (15)
    於左側： 5, 於右側： 4


狀態 0

    0 $accept: . Program $end

    IDENT  偏移，並進入狀態 1

    Program          進入狀態 2
    StatementList    進入狀態 3
    Statement        進入狀態 4
    DeclarationStmt  進入狀態 5


狀態 1

    5 DeclarationStmt: IDENT . SEMICOLON

    SEMICOLON  偏移，並進入狀態 6


狀態 2

    0 $accept: Program . $end

    $end  偏移，並進入狀態 7


狀態 3

    1 Program: StatementList .
    3 StatementList: StatementList . Statement

    IDENT  偏移，並進入狀態 1

    $預設  使用規則 1 以縮減 (Program)

    Statement        進入狀態 8
    DeclarationStmt  進入狀態 5


狀態 4

    2 StatementList: Statement .

    $預設  使用規則 2 以縮減 (StatementList)


狀態 5

    4 Statement: DeclarationStmt .

    $預設  使用規則 4 以縮減 (Statement)


狀態 6

    5 DeclarationStmt: IDENT SEMICOLON .

    $預設  使用規則 5 以縮減 (DeclarationStmt)


狀態 7

    0 $accept: Program $end .

    $預設  接受


狀態 8

    3 StatementList: StatementList Statement .

    $預設  使用規則 3 以縮減 (StatementList)
