非終結語詞在文法中無用

   Type


終端機在文法中未使用

   ENDL
   NEWLINE
   PRINTLN


規則在文法中無用

   98 Type: INT
   99     | FLOAT
  100     | STRING


狀態 7 衝突：1 項偏移/縮減
狀態 12 衝突：5 項偏移/縮減
狀態 121 衝突：13 項偏移/縮減


文法

    0 $accept: Program $end

    1 Program: StatementList

    2 StatementList: Statement StatementList
    3              | Statement

    4 Expression: UnaryExpr
    5           | Expression binary_op Expression

    6 UnaryExpr: PrimaryExpr
    7          | unary_op UnaryExpr

    8 PrimaryExpr: Operand
    9            | IndexExpr
   10            | ConversionExpr

   11 unary_op: '+'
   12         | '-'
   13         | '!'

   14 binary_op: LAND
   15          | LOR
   16          | cmp_op
   17          | add_op
   18          | mul_op

   19 cmp_op: EQL
   20       | NEQ
   21       | '<'
   22       | LEQ
   23       | '>'
   24       | GEQ

   25 add_op: '+'
   26       | '-'

   27 mul_op: '*'
   28       | '/'
   29       | '%'

   30 Operand: Literal
   31        | IDENT
   32        | '(' Expression ')'

   33 IndexExpr: PrimaryExpr '[' Expression ']'

   34 ConversionExpr: '(' INT ')' Operand
   35               | '(' FLOAT ')' Operand

   36 Statement: ForStmt
   37          | DeclarationStmt
   38          | AssignmentStmt
   39          | CalculateStmt
   40          | IncDecStmt
   41          | PrintStmt
   42          | WhileStmt
   43          | IfStmt
   44          | Block

   45 $@1: %empty

   46 DeclarationStmt: INT IDENT $@1 '=' Expression SEMICOLON
   47                | INT IDENT SEMICOLON
   48                | INT IDENT '[' Expression ']' SEMICOLON

   49 $@2: %empty

   50 DeclarationStmt: FLOAT IDENT $@2 '=' Expression SEMICOLON
   51                | FLOAT IDENT SEMICOLON
   52                | FLOAT IDENT '[' Expression ']' SEMICOLON
   53                | STRING IDENT '=' '"' Expression '"' SEMICOLON
   54                | STRING IDENT SEMICOLON
   55                | STRING IDENT '[' Expression ']' SEMICOLON
   56                | BOOL IDENT '=' TRUE SEMICOLON
   57                | BOOL IDENT '=' FALSE SEMICOLON

   58 CalculateStmt: IDENT '+' IDENT SEMICOLON
   59              | IDENT '-' IDENT SEMICOLON
   60              | IDENT '*' IDENT SEMICOLON
   61              | IDENT '/' IDENT SEMICOLON
   62              | IDENT '%' IDENT SEMICOLON

   63 AssignmentExpr: Expression assign_p Expression
   64               | Expression assign_p '"' Expression '"'
   65               | Expression assign_p TRUE
   66               | Expression assign_p FALSE

   67 AssignmentStmt: AssignmentExpr SEMICOLON

   68 assign_p: '='
   69         | ADD_ASSIGN
   70         | SUB_ASSIGN
   71         | MUL_ASSIGN
   72         | QUO_ASSIGN
   73         | REM_ASSIGN

   74 IncDecStmt: IncDecExpr SEMICOLON

   75 IncDecExpr: IDENT INC
   76           | IDENT DEC

   77 IfStmt: IF '(' Condition ')' Block
   78       | IF '(' Condition ')' Block ELSE IfStmt
   79       | IF '(' Condition ')' Block ELSE Block

   80 WhileStmt: WHILE '(' Condition ')' Block

   81 Condition: Expression

   82 $@3: %empty

   83 Block: $@3 '{' StatementList '}'

   84 ForStmt: FOR
   85        | FOR '(' ForClause ')' Block

   86 ForClause: InitStmt SEMICOLON Condition SEMICOLON Poststmt

   87 InitStmt: SimpleExpr

   88 Poststmt: SimpleExpr

   89 SimpleExpr: AssignmentExpr
   90           | Expression
   91           | IncDecExpr

   92 Literal: INT_LIT
   93        | FLOAT_LIT
   94        | STRING_LIT

   95 PrintStmt: PRINT INT_LIT
   96          | PRINT '(' Expression ')' SEMICOLON
   97          | PRINT '(' '"' Expression '"' ')' SEMICOLON


終結語詞，附有它們出現處的規則

$end (0) 0
'!' (33) 13
'"' (34) 53 64 97
'%' (37) 29 62
'(' (40) 32 34 35 77 78 79 80 85 96 97
')' (41) 32 34 35 77 78 79 80 85 96 97
'*' (42) 27 60
'+' (43) 11 25 58
'-' (45) 12 26 59
'/' (47) 28 61
'<' (60) 21
'=' (61) 46 50 53 56 57 68
'>' (62) 23
'[' (91) 33 48 52 55
']' (93) 33 48 52 55
'{' (123) 83
'}' (125) 83
error (256)
BOOL (258) 56 57
STRING (259) 53 54 55
INT (260) 34 46 47 48
FLOAT (261) 35 50 51 52
ENDL (262)
SEMICOLON (263) 46 47 48 50 51 52 53 54 55 56 57 58 59 60 61 62 67
    74 86 96 97
INC (264) 75
DEC (265) 76
GEQ (266) 24
LEQ (267) 22
EQL (268) 19
NEQ (269) 20
ADD_ASSIGN (270) 69
SUB_ASSIGN (271) 70
MUL_ASSIGN (272) 71
QUO_ASSIGN (273) 72
REM_ASSIGN (274) 73
LAND (275) 14
LOR (276) 15
NEWLINE (277)
PRINT (278) 95 96 97
PRINTLN (279)
IF (280) 77 78 79
ELSE (281) 78 79
FOR (282) 84 85
WHILE (283) 80
TRUE (284) 56 65
FALSE (285) 57 66
INT_LIT (286) 92 95
FLOAT_LIT (287) 93
STRING_LIT (288) 94
IDENT (289) 31 46 47 48 50 51 52 53 54 55 56 57 58 59 60 61 62 75 76


非終結語詞，附有它們出現處的規則

$accept (51)
    於左側： 0
Program (52)
    於左側： 1, 於右側： 0
StatementList (53)
    於左側： 2 3, 於右側： 1 2 83
Expression (54)
    於左側： 4 5, 於右側： 5 32 33 46 48 50 52 53 55 63 64
    65 66 81 90 96 97
UnaryExpr (55)
    於左側： 6 7, 於右側： 4 7
PrimaryExpr (56)
    於左側： 8 9 10, 於右側： 6 33
unary_op (57)
    於左側： 11 12 13, 於右側： 7
binary_op (58)
    於左側： 14 15 16 17 18, 於右側： 5
cmp_op (59)
    於左側： 19 20 21 22 23 24, 於右側： 16
add_op (60)
    於左側： 25 26, 於右側： 17
mul_op (61)
    於左側： 27 28 29, 於右側： 18
Operand (62)
    於左側： 30 31 32, 於右側： 8 34 35
IndexExpr (63)
    於左側： 33, 於右側： 9
ConversionExpr (64)
    於左側： 34 35, 於右側： 10
Statement (65)
    於左側： 36 37 38 39 40 41 42 43 44, 於右側： 2 3
DeclarationStmt (66)
    於左側： 46 47 48 50 51 52 53 54 55 56 57, 於右側： 37
$@1 (67)
    於左側： 45, 於右側： 46
$@2 (68)
    於左側： 49, 於右側： 50
CalculateStmt (69)
    於左側： 58 59 60 61 62, 於右側： 39
AssignmentExpr (70)
    於左側： 63 64 65 66, 於右側： 67 89
AssignmentStmt (71)
    於左側： 67, 於右側： 38
assign_p (72)
    於左側： 68 69 70 71 72 73, 於右側： 63 64 65 66
IncDecStmt (73)
    於左側： 74, 於右側： 40
IncDecExpr (74)
    於左側： 75 76, 於右側： 74 91
IfStmt (75)
    於左側： 77 78 79, 於右側： 43 78
WhileStmt (76)
    於左側： 80, 於右側： 42
Condition (77)
    於左側： 81, 於右側： 77 78 79 80 86
Block (78)
    於左側： 83, 於右側： 44 77 78 79 80 85
$@3 (79)
    於左側： 82, 於右側： 83
ForStmt (80)
    於左側： 84 85, 於右側： 36
ForClause (81)
    於左側： 86, 於右側： 85
InitStmt (82)
    於左側： 87, 於右側： 86
Poststmt (83)
    於左側： 88, 於右側： 86
SimpleExpr (84)
    於左側： 89 90 91, 於右側： 87 88
Literal (85)
    於左側： 92 93 94, 於右側： 30
PrintStmt (86)
    於左側： 95 96 97, 於右側： 41


狀態 0

    0 $accept: . Program $end

    BOOL        偏移，並進入狀態 1
    STRING      偏移，並進入狀態 2
    INT         偏移，並進入狀態 3
    FLOAT       偏移，並進入狀態 4
    PRINT       偏移，並進入狀態 5
    IF          偏移，並進入狀態 6
    FOR         偏移，並進入狀態 7
    WHILE       偏移，並進入狀態 8
    INT_LIT     偏移，並進入狀態 9
    FLOAT_LIT   偏移，並進入狀態 10
    STRING_LIT  偏移，並進入狀態 11
    IDENT       偏移，並進入狀態 12
    '+'         偏移，並進入狀態 13
    '-'         偏移，並進入狀態 14
    '!'         偏移，並進入狀態 15
    '('         偏移，並進入狀態 16

    $預設  使用規則 82 以縮減 ($@3)

    Program          進入狀態 17
    StatementList    進入狀態 18
    Expression       進入狀態 19
    UnaryExpr        進入狀態 20
    PrimaryExpr      進入狀態 21
    unary_op         進入狀態 22
    Operand          進入狀態 23
    IndexExpr        進入狀態 24
    ConversionExpr   進入狀態 25
    Statement        進入狀態 26
    DeclarationStmt  進入狀態 27
    CalculateStmt    進入狀態 28
    AssignmentExpr   進入狀態 29
    AssignmentStmt   進入狀態 30
    IncDecStmt       進入狀態 31
    IncDecExpr       進入狀態 32
    IfStmt           進入狀態 33
    WhileStmt        進入狀態 34
    Block            進入狀態 35
    $@3              進入狀態 36
    ForStmt          進入狀態 37
    Literal          進入狀態 38
    PrintStmt        進入狀態 39


狀態 1

   56 DeclarationStmt: BOOL . IDENT '=' TRUE SEMICOLON
   57                | BOOL . IDENT '=' FALSE SEMICOLON

    IDENT  偏移，並進入狀態 40


狀態 2

   53 DeclarationStmt: STRING . IDENT '=' '"' Expression '"' SEMICOLON
   54                | STRING . IDENT SEMICOLON
   55                | STRING . IDENT '[' Expression ']' SEMICOLON

    IDENT  偏移，並進入狀態 41


狀態 3

   46 DeclarationStmt: INT . IDENT $@1 '=' Expression SEMICOLON
   47                | INT . IDENT SEMICOLON
   48                | INT . IDENT '[' Expression ']' SEMICOLON

    IDENT  偏移，並進入狀態 42


狀態 4

   50 DeclarationStmt: FLOAT . IDENT $@2 '=' Expression SEMICOLON
   51                | FLOAT . IDENT SEMICOLON
   52                | FLOAT . IDENT '[' Expression ']' SEMICOLON

    IDENT  偏移，並進入狀態 43


狀態 5

   95 PrintStmt: PRINT . INT_LIT
   96          | PRINT . '(' Expression ')' SEMICOLON
   97          | PRINT . '(' '"' Expression '"' ')' SEMICOLON

    INT_LIT  偏移，並進入狀態 44
    '('      偏移，並進入狀態 45


狀態 6

   77 IfStmt: IF . '(' Condition ')' Block
   78       | IF . '(' Condition ')' Block ELSE IfStmt
   79       | IF . '(' Condition ')' Block ELSE Block

    '('  偏移，並進入狀態 46


狀態 7

   84 ForStmt: FOR .
   85        | FOR . '(' ForClause ')' Block

    '('  偏移，並進入狀態 47

    '('      [使用規則 84 以縮減 (ForStmt)]
    $預設  使用規則 84 以縮減 (ForStmt)


狀態 8

   80 WhileStmt: WHILE . '(' Condition ')' Block

    '('  偏移，並進入狀態 48


狀態 9

   92 Literal: INT_LIT .

    $預設  使用規則 92 以縮減 (Literal)


狀態 10

   93 Literal: FLOAT_LIT .

    $預設  使用規則 93 以縮減 (Literal)


狀態 11

   94 Literal: STRING_LIT .

    $預設  使用規則 94 以縮減 (Literal)


狀態 12

   31 Operand: IDENT .
   58 CalculateStmt: IDENT . '+' IDENT SEMICOLON
   59              | IDENT . '-' IDENT SEMICOLON
   60              | IDENT . '*' IDENT SEMICOLON
   61              | IDENT . '/' IDENT SEMICOLON
   62              | IDENT . '%' IDENT SEMICOLON
   75 IncDecExpr: IDENT . INC
   76           | IDENT . DEC

    INC  偏移，並進入狀態 49
    DEC  偏移，並進入狀態 50
    '+'  偏移，並進入狀態 51
    '-'  偏移，並進入狀態 52
    '*'  偏移，並進入狀態 53
    '/'  偏移，並進入狀態 54
    '%'  偏移，並進入狀態 55

    '+'      [使用規則 31 以縮減 (Operand)]
    '-'      [使用規則 31 以縮減 (Operand)]
    '*'      [使用規則 31 以縮減 (Operand)]
    '/'      [使用規則 31 以縮減 (Operand)]
    '%'      [使用規則 31 以縮減 (Operand)]
    $預設  使用規則 31 以縮減 (Operand)


狀態 13

   11 unary_op: '+' .

    $預設  使用規則 11 以縮減 (unary_op)


狀態 14

   12 unary_op: '-' .

    $預設  使用規則 12 以縮減 (unary_op)


狀態 15

   13 unary_op: '!' .

    $預設  使用規則 13 以縮減 (unary_op)


狀態 16

   32 Operand: '(' . Expression ')'
   34 ConversionExpr: '(' . INT ')' Operand
   35               | '(' . FLOAT ')' Operand

    INT         偏移，並進入狀態 56
    FLOAT       偏移，並進入狀態 57
    INT_LIT     偏移，並進入狀態 9
    FLOAT_LIT   偏移，並進入狀態 10
    STRING_LIT  偏移，並進入狀態 11
    IDENT       偏移，並進入狀態 58
    '+'         偏移，並進入狀態 13
    '-'         偏移，並進入狀態 14
    '!'         偏移，並進入狀態 15
    '('         偏移，並進入狀態 16

    Expression      進入狀態 59
    UnaryExpr       進入狀態 20
    PrimaryExpr     進入狀態 21
    unary_op        進入狀態 22
    Operand         進入狀態 23
    IndexExpr       進入狀態 24
    ConversionExpr  進入狀態 25
    Literal         進入狀態 38


狀態 17

    0 $accept: Program . $end

    $end  偏移，並進入狀態 60


狀態 18

    1 Program: StatementList .

    $預設  使用規則 1 以縮減 (Program)


狀態 19

    5 Expression: Expression . binary_op Expression
   63 AssignmentExpr: Expression . assign_p Expression
   64               | Expression . assign_p '"' Expression '"'
   65               | Expression . assign_p TRUE
   66               | Expression . assign_p FALSE

    GEQ         偏移，並進入狀態 61
    LEQ         偏移，並進入狀態 62
    EQL         偏移，並進入狀態 63
    NEQ         偏移，並進入狀態 64
    ADD_ASSIGN  偏移，並進入狀態 65
    SUB_ASSIGN  偏移，並進入狀態 66
    MUL_ASSIGN  偏移，並進入狀態 67
    QUO_ASSIGN  偏移，並進入狀態 68
    REM_ASSIGN  偏移，並進入狀態 69
    LAND        偏移，並進入狀態 70
    LOR         偏移，並進入狀態 71
    '+'         偏移，並進入狀態 72
    '-'         偏移，並進入狀態 73
    '<'         偏移，並進入狀態 74
    '>'         偏移，並進入狀態 75
    '*'         偏移，並進入狀態 76
    '/'         偏移，並進入狀態 77
    '%'         偏移，並進入狀態 78
    '='         偏移，並進入狀態 79

    binary_op  進入狀態 80
    cmp_op     進入狀態 81
    add_op     進入狀態 82
    mul_op     進入狀態 83
    assign_p   進入狀態 84


狀態 20

    4 Expression: UnaryExpr .

    $預設  使用規則 4 以縮減 (Expression)


狀態 21

    6 UnaryExpr: PrimaryExpr .
   33 IndexExpr: PrimaryExpr . '[' Expression ']'

    '['  偏移，並進入狀態 85

    $預設  使用規則 6 以縮減 (UnaryExpr)


狀態 22

    7 UnaryExpr: unary_op . UnaryExpr

    INT_LIT     偏移，並進入狀態 9
    FLOAT_LIT   偏移，並進入狀態 10
    STRING_LIT  偏移，並進入狀態 11
    IDENT       偏移，並進入狀態 58
    '+'         偏移，並進入狀態 13
    '-'         偏移，並進入狀態 14
    '!'         偏移，並進入狀態 15
    '('         偏移，並進入狀態 16

    UnaryExpr       進入狀態 86
    PrimaryExpr     進入狀態 21
    unary_op        進入狀態 22
    Operand         進入狀態 23
    IndexExpr       進入狀態 24
    ConversionExpr  進入狀態 25
    Literal         進入狀態 38


狀態 23

    8 PrimaryExpr: Operand .

    $預設  使用規則 8 以縮減 (PrimaryExpr)


狀態 24

    9 PrimaryExpr: IndexExpr .

    $預設  使用規則 9 以縮減 (PrimaryExpr)


狀態 25

   10 PrimaryExpr: ConversionExpr .

    $預設  使用規則 10 以縮減 (PrimaryExpr)


狀態 26

    2 StatementList: Statement . StatementList
    3              | Statement .

    BOOL        偏移，並進入狀態 1
    STRING      偏移，並進入狀態 2
    INT         偏移，並進入狀態 3
    FLOAT       偏移，並進入狀態 4
    PRINT       偏移，並進入狀態 5
    IF          偏移，並進入狀態 6
    FOR         偏移，並進入狀態 7
    WHILE       偏移，並進入狀態 8
    INT_LIT     偏移，並進入狀態 9
    FLOAT_LIT   偏移，並進入狀態 10
    STRING_LIT  偏移，並進入狀態 11
    IDENT       偏移，並進入狀態 12
    '+'         偏移，並進入狀態 13
    '-'         偏移，並進入狀態 14
    '!'         偏移，並進入狀態 15
    '('         偏移，並進入狀態 16

    '{'      使用規則 82 以縮減 ($@3)
    $預設  使用規則 3 以縮減 (StatementList)

    StatementList    進入狀態 87
    Expression       進入狀態 19
    UnaryExpr        進入狀態 20
    PrimaryExpr      進入狀態 21
    unary_op         進入狀態 22
    Operand          進入狀態 23
    IndexExpr        進入狀態 24
    ConversionExpr   進入狀態 25
    Statement        進入狀態 26
    DeclarationStmt  進入狀態 27
    CalculateStmt    進入狀態 28
    AssignmentExpr   進入狀態 29
    AssignmentStmt   進入狀態 30
    IncDecStmt       進入狀態 31
    IncDecExpr       進入狀態 32
    IfStmt           進入狀態 33
    WhileStmt        進入狀態 34
    Block            進入狀態 35
    $@3              進入狀態 36
    ForStmt          進入狀態 37
    Literal          進入狀態 38
    PrintStmt        進入狀態 39


狀態 27

   37 Statement: DeclarationStmt .

    $預設  使用規則 37 以縮減 (Statement)


狀態 28

   39 Statement: CalculateStmt .

    $預設  使用規則 39 以縮減 (Statement)


狀態 29

   67 AssignmentStmt: AssignmentExpr . SEMICOLON

    SEMICOLON  偏移，並進入狀態 88


狀態 30

   38 Statement: AssignmentStmt .

    $預設  使用規則 38 以縮減 (Statement)


狀態 31

   40 Statement: IncDecStmt .

    $預設  使用規則 40 以縮減 (Statement)


狀態 32

   74 IncDecStmt: IncDecExpr . SEMICOLON

    SEMICOLON  偏移，並進入狀態 89


狀態 33

   43 Statement: IfStmt .

    $預設  使用規則 43 以縮減 (Statement)


狀態 34

   42 Statement: WhileStmt .

    $預設  使用規則 42 以縮減 (Statement)


狀態 35

   44 Statement: Block .

    $預設  使用規則 44 以縮減 (Statement)


狀態 36

   83 Block: $@3 . '{' StatementList '}'

    '{'  偏移，並進入狀態 90


狀態 37

   36 Statement: ForStmt .

    $預設  使用規則 36 以縮減 (Statement)


狀態 38

   30 Operand: Literal .

    $預設  使用規則 30 以縮減 (Operand)


狀態 39

   41 Statement: PrintStmt .

    $預設  使用規則 41 以縮減 (Statement)


狀態 40

   56 DeclarationStmt: BOOL IDENT . '=' TRUE SEMICOLON
   57                | BOOL IDENT . '=' FALSE SEMICOLON

    '='  偏移，並進入狀態 91


狀態 41

   53 DeclarationStmt: STRING IDENT . '=' '"' Expression '"' SEMICOLON
   54                | STRING IDENT . SEMICOLON
   55                | STRING IDENT . '[' Expression ']' SEMICOLON

    SEMICOLON  偏移，並進入狀態 92
    '['        偏移，並進入狀態 93
    '='        偏移，並進入狀態 94


狀態 42

   46 DeclarationStmt: INT IDENT . $@1 '=' Expression SEMICOLON
   47                | INT IDENT . SEMICOLON
   48                | INT IDENT . '[' Expression ']' SEMICOLON

    SEMICOLON  偏移，並進入狀態 95
    '['        偏移，並進入狀態 96

    $預設  使用規則 45 以縮減 ($@1)

    $@1  進入狀態 97


狀態 43

   50 DeclarationStmt: FLOAT IDENT . $@2 '=' Expression SEMICOLON
   51                | FLOAT IDENT . SEMICOLON
   52                | FLOAT IDENT . '[' Expression ']' SEMICOLON

    SEMICOLON  偏移，並進入狀態 98
    '['        偏移，並進入狀態 99

    $預設  使用規則 49 以縮減 ($@2)

    $@2  進入狀態 100


狀態 44

   95 PrintStmt: PRINT INT_LIT .

    $預設  使用規則 95 以縮減 (PrintStmt)


狀態 45

   96 PrintStmt: PRINT '(' . Expression ')' SEMICOLON
   97          | PRINT '(' . '"' Expression '"' ')' SEMICOLON

    INT_LIT     偏移，並進入狀態 9
    FLOAT_LIT   偏移，並進入狀態 10
    STRING_LIT  偏移，並進入狀態 11
    IDENT       偏移，並進入狀態 58
    '+'         偏移，並進入狀態 13
    '-'         偏移，並進入狀態 14
    '!'         偏移，並進入狀態 15
    '('         偏移，並進入狀態 16
    '"'         偏移，並進入狀態 101

    Expression      進入狀態 102
    UnaryExpr       進入狀態 20
    PrimaryExpr     進入狀態 21
    unary_op        進入狀態 22
    Operand         進入狀態 23
    IndexExpr       進入狀態 24
    ConversionExpr  進入狀態 25
    Literal         進入狀態 38


狀態 46

   77 IfStmt: IF '(' . Condition ')' Block
   78       | IF '(' . Condition ')' Block ELSE IfStmt
   79       | IF '(' . Condition ')' Block ELSE Block

    INT_LIT     偏移，並進入狀態 9
    FLOAT_LIT   偏移，並進入狀態 10
    STRING_LIT  偏移，並進入狀態 11
    IDENT       偏移，並進入狀態 58
    '+'         偏移，並進入狀態 13
    '-'         偏移，並進入狀態 14
    '!'         偏移，並進入狀態 15
    '('         偏移，並進入狀態 16

    Expression      進入狀態 103
    UnaryExpr       進入狀態 20
    PrimaryExpr     進入狀態 21
    unary_op        進入狀態 22
    Operand         進入狀態 23
    IndexExpr       進入狀態 24
    ConversionExpr  進入狀態 25
    Condition       進入狀態 104
    Literal         進入狀態 38


狀態 47

   85 ForStmt: FOR '(' . ForClause ')' Block

    INT_LIT     偏移，並進入狀態 9
    FLOAT_LIT   偏移，並進入狀態 10
    STRING_LIT  偏移，並進入狀態 11
    IDENT       偏移，並進入狀態 105
    '+'         偏移，並進入狀態 13
    '-'         偏移，並進入狀態 14
    '!'         偏移，並進入狀態 15
    '('         偏移，並進入狀態 16

    Expression      進入狀態 106
    UnaryExpr       進入狀態 20
    PrimaryExpr     進入狀態 21
    unary_op        進入狀態 22
    Operand         進入狀態 23
    IndexExpr       進入狀態 24
    ConversionExpr  進入狀態 25
    AssignmentExpr  進入狀態 107
    IncDecExpr      進入狀態 108
    ForClause       進入狀態 109
    InitStmt        進入狀態 110
    SimpleExpr      進入狀態 111
    Literal         進入狀態 38


狀態 48

   80 WhileStmt: WHILE '(' . Condition ')' Block

    INT_LIT     偏移，並進入狀態 9
    FLOAT_LIT   偏移，並進入狀態 10
    STRING_LIT  偏移，並進入狀態 11
    IDENT       偏移，並進入狀態 58
    '+'         偏移，並進入狀態 13
    '-'         偏移，並進入狀態 14
    '!'         偏移，並進入狀態 15
    '('         偏移，並進入狀態 16

    Expression      進入狀態 103
    UnaryExpr       進入狀態 20
    PrimaryExpr     進入狀態 21
    unary_op        進入狀態 22
    Operand         進入狀態 23
    IndexExpr       進入狀態 24
    ConversionExpr  進入狀態 25
    Condition       進入狀態 112
    Literal         進入狀態 38


狀態 49

   75 IncDecExpr: IDENT INC .

    $預設  使用規則 75 以縮減 (IncDecExpr)


狀態 50

   76 IncDecExpr: IDENT DEC .

    $預設  使用規則 76 以縮減 (IncDecExpr)


狀態 51

   58 CalculateStmt: IDENT '+' . IDENT SEMICOLON

    IDENT  偏移，並進入狀態 113


狀態 52

   59 CalculateStmt: IDENT '-' . IDENT SEMICOLON

    IDENT  偏移，並進入狀態 114


狀態 53

   60 CalculateStmt: IDENT '*' . IDENT SEMICOLON

    IDENT  偏移，並進入狀態 115


狀態 54

   61 CalculateStmt: IDENT '/' . IDENT SEMICOLON

    IDENT  偏移，並進入狀態 116


狀態 55

   62 CalculateStmt: IDENT '%' . IDENT SEMICOLON

    IDENT  偏移，並進入狀態 117


狀態 56

   34 ConversionExpr: '(' INT . ')' Operand

    ')'  偏移，並進入狀態 118


狀態 57

   35 ConversionExpr: '(' FLOAT . ')' Operand

    ')'  偏移，並進入狀態 119


狀態 58

   31 Operand: IDENT .

    $預設  使用規則 31 以縮減 (Operand)


狀態 59

    5 Expression: Expression . binary_op Expression
   32 Operand: '(' Expression . ')'

    GEQ   偏移，並進入狀態 61
    LEQ   偏移，並進入狀態 62
    EQL   偏移，並進入狀態 63
    NEQ   偏移，並進入狀態 64
    LAND  偏移，並進入狀態 70
    LOR   偏移，並進入狀態 71
    '+'   偏移，並進入狀態 72
    '-'   偏移，並進入狀態 73
    '<'   偏移，並進入狀態 74
    '>'   偏移，並進入狀態 75
    '*'   偏移，並進入狀態 76
    '/'   偏移，並進入狀態 77
    '%'   偏移，並進入狀態 78
    ')'   偏移，並進入狀態 120

    binary_op  進入狀態 80
    cmp_op     進入狀態 81
    add_op     進入狀態 82
    mul_op     進入狀態 83


狀態 60

    0 $accept: Program $end .

    $預設  接受


狀態 61

   24 cmp_op: GEQ .

    $預設  使用規則 24 以縮減 (cmp_op)


狀態 62

   22 cmp_op: LEQ .

    $預設  使用規則 22 以縮減 (cmp_op)


狀態 63

   19 cmp_op: EQL .

    $預設  使用規則 19 以縮減 (cmp_op)


狀態 64

   20 cmp_op: NEQ .

    $預設  使用規則 20 以縮減 (cmp_op)


狀態 65

   69 assign_p: ADD_ASSIGN .

    $預設  使用規則 69 以縮減 (assign_p)


狀態 66

   70 assign_p: SUB_ASSIGN .

    $預設  使用規則 70 以縮減 (assign_p)


狀態 67

   71 assign_p: MUL_ASSIGN .

    $預設  使用規則 71 以縮減 (assign_p)


狀態 68

   72 assign_p: QUO_ASSIGN .

    $預設  使用規則 72 以縮減 (assign_p)


狀態 69

   73 assign_p: REM_ASSIGN .

    $預設  使用規則 73 以縮減 (assign_p)


狀態 70

   14 binary_op: LAND .

    $預設  使用規則 14 以縮減 (binary_op)


狀態 71

   15 binary_op: LOR .

    $預設  使用規則 15 以縮減 (binary_op)


狀態 72

   25 add_op: '+' .

    $預設  使用規則 25 以縮減 (add_op)


狀態 73

   26 add_op: '-' .

    $預設  使用規則 26 以縮減 (add_op)


狀態 74

   21 cmp_op: '<' .

    $預設  使用規則 21 以縮減 (cmp_op)


狀態 75

   23 cmp_op: '>' .

    $預設  使用規則 23 以縮減 (cmp_op)


狀態 76

   27 mul_op: '*' .

    $預設  使用規則 27 以縮減 (mul_op)


狀態 77

   28 mul_op: '/' .

    $預設  使用規則 28 以縮減 (mul_op)


狀態 78

   29 mul_op: '%' .

    $預設  使用規則 29 以縮減 (mul_op)


狀態 79

   68 assign_p: '=' .

    $預設  使用規則 68 以縮減 (assign_p)


狀態 80

    5 Expression: Expression binary_op . Expression

    INT_LIT     偏移，並進入狀態 9
    FLOAT_LIT   偏移，並進入狀態 10
    STRING_LIT  偏移，並進入狀態 11
    IDENT       偏移，並進入狀態 58
    '+'         偏移，並進入狀態 13
    '-'         偏移，並進入狀態 14
    '!'         偏移，並進入狀態 15
    '('         偏移，並進入狀態 16

    Expression      進入狀態 121
    UnaryExpr       進入狀態 20
    PrimaryExpr     進入狀態 21
    unary_op        進入狀態 22
    Operand         進入狀態 23
    IndexExpr       進入狀態 24
    ConversionExpr  進入狀態 25
    Literal         進入狀態 38


狀態 81

   16 binary_op: cmp_op .

    $預設  使用規則 16 以縮減 (binary_op)


狀態 82

   17 binary_op: add_op .

    $預設  使用規則 17 以縮減 (binary_op)


狀態 83

   18 binary_op: mul_op .

    $預設  使用規則 18 以縮減 (binary_op)


狀態 84

   63 AssignmentExpr: Expression assign_p . Expression
   64               | Expression assign_p . '"' Expression '"'
   65               | Expression assign_p . TRUE
   66               | Expression assign_p . FALSE

    TRUE        偏移，並進入狀態 122
    FALSE       偏移，並進入狀態 123
    INT_LIT     偏移，並進入狀態 9
    FLOAT_LIT   偏移，並進入狀態 10
    STRING_LIT  偏移，並進入狀態 11
    IDENT       偏移，並進入狀態 58
    '+'         偏移，並進入狀態 13
    '-'         偏移，並進入狀態 14
    '!'         偏移，並進入狀態 15
    '('         偏移，並進入狀態 16
    '"'         偏移，並進入狀態 124

    Expression      進入狀態 125
    UnaryExpr       進入狀態 20
    PrimaryExpr     進入狀態 21
    unary_op        進入狀態 22
    Operand         進入狀態 23
    IndexExpr       進入狀態 24
    ConversionExpr  進入狀態 25
    Literal         進入狀態 38


狀態 85

   33 IndexExpr: PrimaryExpr '[' . Expression ']'

    INT_LIT     偏移，並進入狀態 9
    FLOAT_LIT   偏移，並進入狀態 10
    STRING_LIT  偏移，並進入狀態 11
    IDENT       偏移，並進入狀態 58
    '+'         偏移，並進入狀態 13
    '-'         偏移，並進入狀態 14
    '!'         偏移，並進入狀態 15
    '('         偏移，並進入狀態 16

    Expression      進入狀態 126
    UnaryExpr       進入狀態 20
    PrimaryExpr     進入狀態 21
    unary_op        進入狀態 22
    Operand         進入狀態 23
    IndexExpr       進入狀態 24
    ConversionExpr  進入狀態 25
    Literal         進入狀態 38


狀態 86

    7 UnaryExpr: unary_op UnaryExpr .

    $預設  使用規則 7 以縮減 (UnaryExpr)


狀態 87

    2 StatementList: Statement StatementList .

    $預設  使用規則 2 以縮減 (StatementList)


狀態 88

   67 AssignmentStmt: AssignmentExpr SEMICOLON .

    $預設  使用規則 67 以縮減 (AssignmentStmt)


狀態 89

   74 IncDecStmt: IncDecExpr SEMICOLON .

    $預設  使用規則 74 以縮減 (IncDecStmt)


狀態 90

   83 Block: $@3 '{' . StatementList '}'

    BOOL        偏移，並進入狀態 1
    STRING      偏移，並進入狀態 2
    INT         偏移，並進入狀態 3
    FLOAT       偏移，並進入狀態 4
    PRINT       偏移，並進入狀態 5
    IF          偏移，並進入狀態 6
    FOR         偏移，並進入狀態 7
    WHILE       偏移，並進入狀態 8
    INT_LIT     偏移，並進入狀態 9
    FLOAT_LIT   偏移，並進入狀態 10
    STRING_LIT  偏移，並進入狀態 11
    IDENT       偏移，並進入狀態 12
    '+'         偏移，並進入狀態 13
    '-'         偏移，並進入狀態 14
    '!'         偏移，並進入狀態 15
    '('         偏移，並進入狀態 16

    $預設  使用規則 82 以縮減 ($@3)

    StatementList    進入狀態 127
    Expression       進入狀態 19
    UnaryExpr        進入狀態 20
    PrimaryExpr      進入狀態 21
    unary_op         進入狀態 22
    Operand          進入狀態 23
    IndexExpr        進入狀態 24
    ConversionExpr   進入狀態 25
    Statement        進入狀態 26
    DeclarationStmt  進入狀態 27
    CalculateStmt    進入狀態 28
    AssignmentExpr   進入狀態 29
    AssignmentStmt   進入狀態 30
    IncDecStmt       進入狀態 31
    IncDecExpr       進入狀態 32
    IfStmt           進入狀態 33
    WhileStmt        進入狀態 34
    Block            進入狀態 35
    $@3              進入狀態 36
    ForStmt          進入狀態 37
    Literal          進入狀態 38
    PrintStmt        進入狀態 39


狀態 91

   56 DeclarationStmt: BOOL IDENT '=' . TRUE SEMICOLON
   57                | BOOL IDENT '=' . FALSE SEMICOLON

    TRUE   偏移，並進入狀態 128
    FALSE  偏移，並進入狀態 129


狀態 92

   54 DeclarationStmt: STRING IDENT SEMICOLON .

    $預設  使用規則 54 以縮減 (DeclarationStmt)


狀態 93

   55 DeclarationStmt: STRING IDENT '[' . Expression ']' SEMICOLON

    INT_LIT     偏移，並進入狀態 9
    FLOAT_LIT   偏移，並進入狀態 10
    STRING_LIT  偏移，並進入狀態 11
    IDENT       偏移，並進入狀態 58
    '+'         偏移，並進入狀態 13
    '-'         偏移，並進入狀態 14
    '!'         偏移，並進入狀態 15
    '('         偏移，並進入狀態 16

    Expression      進入狀態 130
    UnaryExpr       進入狀態 20
    PrimaryExpr     進入狀態 21
    unary_op        進入狀態 22
    Operand         進入狀態 23
    IndexExpr       進入狀態 24
    ConversionExpr  進入狀態 25
    Literal         進入狀態 38


狀態 94

   53 DeclarationStmt: STRING IDENT '=' . '"' Expression '"' SEMICOLON

    '"'  偏移，並進入狀態 131


狀態 95

   47 DeclarationStmt: INT IDENT SEMICOLON .

    $預設  使用規則 47 以縮減 (DeclarationStmt)


狀態 96

   48 DeclarationStmt: INT IDENT '[' . Expression ']' SEMICOLON

    INT_LIT     偏移，並進入狀態 9
    FLOAT_LIT   偏移，並進入狀態 10
    STRING_LIT  偏移，並進入狀態 11
    IDENT       偏移，並進入狀態 58
    '+'         偏移，並進入狀態 13
    '-'         偏移，並進入狀態 14
    '!'         偏移，並進入狀態 15
    '('         偏移，並進入狀態 16

    Expression      進入狀態 132
    UnaryExpr       進入狀態 20
    PrimaryExpr     進入狀態 21
    unary_op        進入狀態 22
    Operand         進入狀態 23
    IndexExpr       進入狀態 24
    ConversionExpr  進入狀態 25
    Literal         進入狀態 38


狀態 97

   46 DeclarationStmt: INT IDENT $@1 . '=' Expression SEMICOLON

    '='  偏移，並進入狀態 133


狀態 98

   51 DeclarationStmt: FLOAT IDENT SEMICOLON .

    $預設  使用規則 51 以縮減 (DeclarationStmt)


狀態 99

   52 DeclarationStmt: FLOAT IDENT '[' . Expression ']' SEMICOLON

    INT_LIT     偏移，並進入狀態 9
    FLOAT_LIT   偏移，並進入狀態 10
    STRING_LIT  偏移，並進入狀態 11
    IDENT       偏移，並進入狀態 58
    '+'         偏移，並進入狀態 13
    '-'         偏移，並進入狀態 14
    '!'         偏移，並進入狀態 15
    '('         偏移，並進入狀態 16

    Expression      進入狀態 134
    UnaryExpr       進入狀態 20
    PrimaryExpr     進入狀態 21
    unary_op        進入狀態 22
    Operand         進入狀態 23
    IndexExpr       進入狀態 24
    ConversionExpr  進入狀態 25
    Literal         進入狀態 38


狀態 100

   50 DeclarationStmt: FLOAT IDENT $@2 . '=' Expression SEMICOLON

    '='  偏移，並進入狀態 135


狀態 101

   97 PrintStmt: PRINT '(' '"' . Expression '"' ')' SEMICOLON

    INT_LIT     偏移，並進入狀態 9
    FLOAT_LIT   偏移，並進入狀態 10
    STRING_LIT  偏移，並進入狀態 11
    IDENT       偏移，並進入狀態 58
    '+'         偏移，並進入狀態 13
    '-'         偏移，並進入狀態 14
    '!'         偏移，並進入狀態 15
    '('         偏移，並進入狀態 16

    Expression      進入狀態 136
    UnaryExpr       進入狀態 20
    PrimaryExpr     進入狀態 21
    unary_op        進入狀態 22
    Operand         進入狀態 23
    IndexExpr       進入狀態 24
    ConversionExpr  進入狀態 25
    Literal         進入狀態 38


狀態 102

    5 Expression: Expression . binary_op Expression
   96 PrintStmt: PRINT '(' Expression . ')' SEMICOLON

    GEQ   偏移，並進入狀態 61
    LEQ   偏移，並進入狀態 62
    EQL   偏移，並進入狀態 63
    NEQ   偏移，並進入狀態 64
    LAND  偏移，並進入狀態 70
    LOR   偏移，並進入狀態 71
    '+'   偏移，並進入狀態 72
    '-'   偏移，並進入狀態 73
    '<'   偏移，並進入狀態 74
    '>'   偏移，並進入狀態 75
    '*'   偏移，並進入狀態 76
    '/'   偏移，並進入狀態 77
    '%'   偏移，並進入狀態 78
    ')'   偏移，並進入狀態 137

    binary_op  進入狀態 80
    cmp_op     進入狀態 81
    add_op     進入狀態 82
    mul_op     進入狀態 83


狀態 103

    5 Expression: Expression . binary_op Expression
   81 Condition: Expression .

    GEQ   偏移，並進入狀態 61
    LEQ   偏移，並進入狀態 62
    EQL   偏移，並進入狀態 63
    NEQ   偏移，並進入狀態 64
    LAND  偏移，並進入狀態 70
    LOR   偏移，並進入狀態 71
    '+'   偏移，並進入狀態 72
    '-'   偏移，並進入狀態 73
    '<'   偏移，並進入狀態 74
    '>'   偏移，並進入狀態 75
    '*'   偏移，並進入狀態 76
    '/'   偏移，並進入狀態 77
    '%'   偏移，並進入狀態 78

    $預設  使用規則 81 以縮減 (Condition)

    binary_op  進入狀態 80
    cmp_op     進入狀態 81
    add_op     進入狀態 82
    mul_op     進入狀態 83


狀態 104

   77 IfStmt: IF '(' Condition . ')' Block
   78       | IF '(' Condition . ')' Block ELSE IfStmt
   79       | IF '(' Condition . ')' Block ELSE Block

    ')'  偏移，並進入狀態 138


狀態 105

   31 Operand: IDENT .
   75 IncDecExpr: IDENT . INC
   76           | IDENT . DEC

    INC  偏移，並進入狀態 49
    DEC  偏移，並進入狀態 50

    $預設  使用規則 31 以縮減 (Operand)


狀態 106

    5 Expression: Expression . binary_op Expression
   63 AssignmentExpr: Expression . assign_p Expression
   64               | Expression . assign_p '"' Expression '"'
   65               | Expression . assign_p TRUE
   66               | Expression . assign_p FALSE
   90 SimpleExpr: Expression .

    GEQ         偏移，並進入狀態 61
    LEQ         偏移，並進入狀態 62
    EQL         偏移，並進入狀態 63
    NEQ         偏移，並進入狀態 64
    ADD_ASSIGN  偏移，並進入狀態 65
    SUB_ASSIGN  偏移，並進入狀態 66
    MUL_ASSIGN  偏移，並進入狀態 67
    QUO_ASSIGN  偏移，並進入狀態 68
    REM_ASSIGN  偏移，並進入狀態 69
    LAND        偏移，並進入狀態 70
    LOR         偏移，並進入狀態 71
    '+'         偏移，並進入狀態 72
    '-'         偏移，並進入狀態 73
    '<'         偏移，並進入狀態 74
    '>'         偏移，並進入狀態 75
    '*'         偏移，並進入狀態 76
    '/'         偏移，並進入狀態 77
    '%'         偏移，並進入狀態 78
    '='         偏移，並進入狀態 79

    $預設  使用規則 90 以縮減 (SimpleExpr)

    binary_op  進入狀態 80
    cmp_op     進入狀態 81
    add_op     進入狀態 82
    mul_op     進入狀態 83
    assign_p   進入狀態 84


狀態 107

   89 SimpleExpr: AssignmentExpr .

    $預設  使用規則 89 以縮減 (SimpleExpr)


狀態 108

   91 SimpleExpr: IncDecExpr .

    $預設  使用規則 91 以縮減 (SimpleExpr)


狀態 109

   85 ForStmt: FOR '(' ForClause . ')' Block

    ')'  偏移，並進入狀態 139


狀態 110

   86 ForClause: InitStmt . SEMICOLON Condition SEMICOLON Poststmt

    SEMICOLON  偏移，並進入狀態 140


狀態 111

   87 InitStmt: SimpleExpr .

    $預設  使用規則 87 以縮減 (InitStmt)


狀態 112

   80 WhileStmt: WHILE '(' Condition . ')' Block

    ')'  偏移，並進入狀態 141


狀態 113

   58 CalculateStmt: IDENT '+' IDENT . SEMICOLON

    SEMICOLON  偏移，並進入狀態 142


狀態 114

   59 CalculateStmt: IDENT '-' IDENT . SEMICOLON

    SEMICOLON  偏移，並進入狀態 143


狀態 115

   60 CalculateStmt: IDENT '*' IDENT . SEMICOLON

    SEMICOLON  偏移，並進入狀態 144


狀態 116

   61 CalculateStmt: IDENT '/' IDENT . SEMICOLON

    SEMICOLON  偏移，並進入狀態 145


狀態 117

   62 CalculateStmt: IDENT '%' IDENT . SEMICOLON

    SEMICOLON  偏移，並進入狀態 146


狀態 118

   34 ConversionExpr: '(' INT ')' . Operand

    INT_LIT     偏移，並進入狀態 9
    FLOAT_LIT   偏移，並進入狀態 10
    STRING_LIT  偏移，並進入狀態 11
    IDENT       偏移，並進入狀態 58
    '('         偏移，並進入狀態 147

    Operand  進入狀態 148
    Literal  進入狀態 38


狀態 119

   35 ConversionExpr: '(' FLOAT ')' . Operand

    INT_LIT     偏移，並進入狀態 9
    FLOAT_LIT   偏移，並進入狀態 10
    STRING_LIT  偏移，並進入狀態 11
    IDENT       偏移，並進入狀態 58
    '('         偏移，並進入狀態 147

    Operand  進入狀態 149
    Literal  進入狀態 38


狀態 120

   32 Operand: '(' Expression ')' .

    $預設  使用規則 32 以縮減 (Operand)


狀態 121

    5 Expression: Expression . binary_op Expression
    5           | Expression binary_op Expression .

    GEQ   偏移，並進入狀態 61
    LEQ   偏移，並進入狀態 62
    EQL   偏移，並進入狀態 63
    NEQ   偏移，並進入狀態 64
    LAND  偏移，並進入狀態 70
    LOR   偏移，並進入狀態 71
    '+'   偏移，並進入狀態 72
    '-'   偏移，並進入狀態 73
    '<'   偏移，並進入狀態 74
    '>'   偏移，並進入狀態 75
    '*'   偏移，並進入狀態 76
    '/'   偏移，並進入狀態 77
    '%'   偏移，並進入狀態 78

    GEQ      [使用規則 5 以縮減 (Expression)]
    LEQ      [使用規則 5 以縮減 (Expression)]
    EQL      [使用規則 5 以縮減 (Expression)]
    NEQ      [使用規則 5 以縮減 (Expression)]
    LAND     [使用規則 5 以縮減 (Expression)]
    LOR      [使用規則 5 以縮減 (Expression)]
    '+'      [使用規則 5 以縮減 (Expression)]
    '-'      [使用規則 5 以縮減 (Expression)]
    '<'      [使用規則 5 以縮減 (Expression)]
    '>'      [使用規則 5 以縮減 (Expression)]
    '*'      [使用規則 5 以縮減 (Expression)]
    '/'      [使用規則 5 以縮減 (Expression)]
    '%'      [使用規則 5 以縮減 (Expression)]
    $預設  使用規則 5 以縮減 (Expression)

    binary_op  進入狀態 80
    cmp_op     進入狀態 81
    add_op     進入狀態 82
    mul_op     進入狀態 83


狀態 122

   65 AssignmentExpr: Expression assign_p TRUE .

    $預設  使用規則 65 以縮減 (AssignmentExpr)


狀態 123

   66 AssignmentExpr: Expression assign_p FALSE .

    $預設  使用規則 66 以縮減 (AssignmentExpr)


狀態 124

   64 AssignmentExpr: Expression assign_p '"' . Expression '"'

    INT_LIT     偏移，並進入狀態 9
    FLOAT_LIT   偏移，並進入狀態 10
    STRING_LIT  偏移，並進入狀態 11
    IDENT       偏移，並進入狀態 58
    '+'         偏移，並進入狀態 13
    '-'         偏移，並進入狀態 14
    '!'         偏移，並進入狀態 15
    '('         偏移，並進入狀態 16

    Expression      進入狀態 150
    UnaryExpr       進入狀態 20
    PrimaryExpr     進入狀態 21
    unary_op        進入狀態 22
    Operand         進入狀態 23
    IndexExpr       進入狀態 24
    ConversionExpr  進入狀態 25
    Literal         進入狀態 38


狀態 125

    5 Expression: Expression . binary_op Expression
   63 AssignmentExpr: Expression assign_p Expression .

    GEQ   偏移，並進入狀態 61
    LEQ   偏移，並進入狀態 62
    EQL   偏移，並進入狀態 63
    NEQ   偏移，並進入狀態 64
    LAND  偏移，並進入狀態 70
    LOR   偏移，並進入狀態 71
    '+'   偏移，並進入狀態 72
    '-'   偏移，並進入狀態 73
    '<'   偏移，並進入狀態 74
    '>'   偏移，並進入狀態 75
    '*'   偏移，並進入狀態 76
    '/'   偏移，並進入狀態 77
    '%'   偏移，並進入狀態 78

    $預設  使用規則 63 以縮減 (AssignmentExpr)

    binary_op  進入狀態 80
    cmp_op     進入狀態 81
    add_op     進入狀態 82
    mul_op     進入狀態 83


狀態 126

    5 Expression: Expression . binary_op Expression
   33 IndexExpr: PrimaryExpr '[' Expression . ']'

    GEQ   偏移，並進入狀態 61
    LEQ   偏移，並進入狀態 62
    EQL   偏移，並進入狀態 63
    NEQ   偏移，並進入狀態 64
    LAND  偏移，並進入狀態 70
    LOR   偏移，並進入狀態 71
    '+'   偏移，並進入狀態 72
    '-'   偏移，並進入狀態 73
    '<'   偏移，並進入狀態 74
    '>'   偏移，並進入狀態 75
    '*'   偏移，並進入狀態 76
    '/'   偏移，並進入狀態 77
    '%'   偏移，並進入狀態 78
    ']'   偏移，並進入狀態 151

    binary_op  進入狀態 80
    cmp_op     進入狀態 81
    add_op     進入狀態 82
    mul_op     進入狀態 83


狀態 127

   83 Block: $@3 '{' StatementList . '}'

    '}'  偏移，並進入狀態 152


狀態 128

   56 DeclarationStmt: BOOL IDENT '=' TRUE . SEMICOLON

    SEMICOLON  偏移，並進入狀態 153


狀態 129

   57 DeclarationStmt: BOOL IDENT '=' FALSE . SEMICOLON

    SEMICOLON  偏移，並進入狀態 154


狀態 130

    5 Expression: Expression . binary_op Expression
   55 DeclarationStmt: STRING IDENT '[' Expression . ']' SEMICOLON

    GEQ   偏移，並進入狀態 61
    LEQ   偏移，並進入狀態 62
    EQL   偏移，並進入狀態 63
    NEQ   偏移，並進入狀態 64
    LAND  偏移，並進入狀態 70
    LOR   偏移，並進入狀態 71
    '+'   偏移，並進入狀態 72
    '-'   偏移，並進入狀態 73
    '<'   偏移，並進入狀態 74
    '>'   偏移，並進入狀態 75
    '*'   偏移，並進入狀態 76
    '/'   偏移，並進入狀態 77
    '%'   偏移，並進入狀態 78
    ']'   偏移，並進入狀態 155

    binary_op  進入狀態 80
    cmp_op     進入狀態 81
    add_op     進入狀態 82
    mul_op     進入狀態 83


狀態 131

   53 DeclarationStmt: STRING IDENT '=' '"' . Expression '"' SEMICOLON

    INT_LIT     偏移，並進入狀態 9
    FLOAT_LIT   偏移，並進入狀態 10
    STRING_LIT  偏移，並進入狀態 11
    IDENT       偏移，並進入狀態 58
    '+'         偏移，並進入狀態 13
    '-'         偏移，並進入狀態 14
    '!'         偏移，並進入狀態 15
    '('         偏移，並進入狀態 16

    Expression      進入狀態 156
    UnaryExpr       進入狀態 20
    PrimaryExpr     進入狀態 21
    unary_op        進入狀態 22
    Operand         進入狀態 23
    IndexExpr       進入狀態 24
    ConversionExpr  進入狀態 25
    Literal         進入狀態 38


狀態 132

    5 Expression: Expression . binary_op Expression
   48 DeclarationStmt: INT IDENT '[' Expression . ']' SEMICOLON

    GEQ   偏移，並進入狀態 61
    LEQ   偏移，並進入狀態 62
    EQL   偏移，並進入狀態 63
    NEQ   偏移，並進入狀態 64
    LAND  偏移，並進入狀態 70
    LOR   偏移，並進入狀態 71
    '+'   偏移，並進入狀態 72
    '-'   偏移，並進入狀態 73
    '<'   偏移，並進入狀態 74
    '>'   偏移，並進入狀態 75
    '*'   偏移，並進入狀態 76
    '/'   偏移，並進入狀態 77
    '%'   偏移，並進入狀態 78
    ']'   偏移，並進入狀態 157

    binary_op  進入狀態 80
    cmp_op     進入狀態 81
    add_op     進入狀態 82
    mul_op     進入狀態 83


狀態 133

   46 DeclarationStmt: INT IDENT $@1 '=' . Expression SEMICOLON

    INT_LIT     偏移，並進入狀態 9
    FLOAT_LIT   偏移，並進入狀態 10
    STRING_LIT  偏移，並進入狀態 11
    IDENT       偏移，並進入狀態 58
    '+'         偏移，並進入狀態 13
    '-'         偏移，並進入狀態 14
    '!'         偏移，並進入狀態 15
    '('         偏移，並進入狀態 16

    Expression      進入狀態 158
    UnaryExpr       進入狀態 20
    PrimaryExpr     進入狀態 21
    unary_op        進入狀態 22
    Operand         進入狀態 23
    IndexExpr       進入狀態 24
    ConversionExpr  進入狀態 25
    Literal         進入狀態 38


狀態 134

    5 Expression: Expression . binary_op Expression
   52 DeclarationStmt: FLOAT IDENT '[' Expression . ']' SEMICOLON

    GEQ   偏移，並進入狀態 61
    LEQ   偏移，並進入狀態 62
    EQL   偏移，並進入狀態 63
    NEQ   偏移，並進入狀態 64
    LAND  偏移，並進入狀態 70
    LOR   偏移，並進入狀態 71
    '+'   偏移，並進入狀態 72
    '-'   偏移，並進入狀態 73
    '<'   偏移，並進入狀態 74
    '>'   偏移，並進入狀態 75
    '*'   偏移，並進入狀態 76
    '/'   偏移，並進入狀態 77
    '%'   偏移，並進入狀態 78
    ']'   偏移，並進入狀態 159

    binary_op  進入狀態 80
    cmp_op     進入狀態 81
    add_op     進入狀態 82
    mul_op     進入狀態 83


狀態 135

   50 DeclarationStmt: FLOAT IDENT $@2 '=' . Expression SEMICOLON

    INT_LIT     偏移，並進入狀態 9
    FLOAT_LIT   偏移，並進入狀態 10
    STRING_LIT  偏移，並進入狀態 11
    IDENT       偏移，並進入狀態 58
    '+'         偏移，並進入狀態 13
    '-'         偏移，並進入狀態 14
    '!'         偏移，並進入狀態 15
    '('         偏移，並進入狀態 16

    Expression      進入狀態 160
    UnaryExpr       進入狀態 20
    PrimaryExpr     進入狀態 21
    unary_op        進入狀態 22
    Operand         進入狀態 23
    IndexExpr       進入狀態 24
    ConversionExpr  進入狀態 25
    Literal         進入狀態 38


狀態 136

    5 Expression: Expression . binary_op Expression
   97 PrintStmt: PRINT '(' '"' Expression . '"' ')' SEMICOLON

    GEQ   偏移，並進入狀態 61
    LEQ   偏移，並進入狀態 62
    EQL   偏移，並進入狀態 63
    NEQ   偏移，並進入狀態 64
    LAND  偏移，並進入狀態 70
    LOR   偏移，並進入狀態 71
    '+'   偏移，並進入狀態 72
    '-'   偏移，並進入狀態 73
    '<'   偏移，並進入狀態 74
    '>'   偏移，並進入狀態 75
    '*'   偏移，並進入狀態 76
    '/'   偏移，並進入狀態 77
    '%'   偏移，並進入狀態 78
    '"'   偏移，並進入狀態 161

    binary_op  進入狀態 80
    cmp_op     進入狀態 81
    add_op     進入狀態 82
    mul_op     進入狀態 83


狀態 137

   96 PrintStmt: PRINT '(' Expression ')' . SEMICOLON

    SEMICOLON  偏移，並進入狀態 162


狀態 138

   77 IfStmt: IF '(' Condition ')' . Block
   78       | IF '(' Condition ')' . Block ELSE IfStmt
   79       | IF '(' Condition ')' . Block ELSE Block

    $預設  使用規則 82 以縮減 ($@3)

    Block  進入狀態 163
    $@3    進入狀態 36


狀態 139

   85 ForStmt: FOR '(' ForClause ')' . Block

    $預設  使用規則 82 以縮減 ($@3)

    Block  進入狀態 164
    $@3    進入狀態 36


狀態 140

   86 ForClause: InitStmt SEMICOLON . Condition SEMICOLON Poststmt

    INT_LIT     偏移，並進入狀態 9
    FLOAT_LIT   偏移，並進入狀態 10
    STRING_LIT  偏移，並進入狀態 11
    IDENT       偏移，並進入狀態 58
    '+'         偏移，並進入狀態 13
    '-'         偏移，並進入狀態 14
    '!'         偏移，並進入狀態 15
    '('         偏移，並進入狀態 16

    Expression      進入狀態 103
    UnaryExpr       進入狀態 20
    PrimaryExpr     進入狀態 21
    unary_op        進入狀態 22
    Operand         進入狀態 23
    IndexExpr       進入狀態 24
    ConversionExpr  進入狀態 25
    Condition       進入狀態 165
    Literal         進入狀態 38


狀態 141

   80 WhileStmt: WHILE '(' Condition ')' . Block

    $預設  使用規則 82 以縮減 ($@3)

    Block  進入狀態 166
    $@3    進入狀態 36


狀態 142

   58 CalculateStmt: IDENT '+' IDENT SEMICOLON .

    $預設  使用規則 58 以縮減 (CalculateStmt)


狀態 143

   59 CalculateStmt: IDENT '-' IDENT SEMICOLON .

    $預設  使用規則 59 以縮減 (CalculateStmt)


狀態 144

   60 CalculateStmt: IDENT '*' IDENT SEMICOLON .

    $預設  使用規則 60 以縮減 (CalculateStmt)


狀態 145

   61 CalculateStmt: IDENT '/' IDENT SEMICOLON .

    $預設  使用規則 61 以縮減 (CalculateStmt)


狀態 146

   62 CalculateStmt: IDENT '%' IDENT SEMICOLON .

    $預設  使用規則 62 以縮減 (CalculateStmt)


狀態 147

   32 Operand: '(' . Expression ')'

    INT_LIT     偏移，並進入狀態 9
    FLOAT_LIT   偏移，並進入狀態 10
    STRING_LIT  偏移，並進入狀態 11
    IDENT       偏移，並進入狀態 58
    '+'         偏移，並進入狀態 13
    '-'         偏移，並進入狀態 14
    '!'         偏移，並進入狀態 15
    '('         偏移，並進入狀態 16

    Expression      進入狀態 59
    UnaryExpr       進入狀態 20
    PrimaryExpr     進入狀態 21
    unary_op        進入狀態 22
    Operand         進入狀態 23
    IndexExpr       進入狀態 24
    ConversionExpr  進入狀態 25
    Literal         進入狀態 38


狀態 148

   34 ConversionExpr: '(' INT ')' Operand .

    $預設  使用規則 34 以縮減 (ConversionExpr)


狀態 149

   35 ConversionExpr: '(' FLOAT ')' Operand .

    $預設  使用規則 35 以縮減 (ConversionExpr)


狀態 150

    5 Expression: Expression . binary_op Expression
   64 AssignmentExpr: Expression assign_p '"' Expression . '"'

    GEQ   偏移，並進入狀態 61
    LEQ   偏移，並進入狀態 62
    EQL   偏移，並進入狀態 63
    NEQ   偏移，並進入狀態 64
    LAND  偏移，並進入狀態 70
    LOR   偏移，並進入狀態 71
    '+'   偏移，並進入狀態 72
    '-'   偏移，並進入狀態 73
    '<'   偏移，並進入狀態 74
    '>'   偏移，並進入狀態 75
    '*'   偏移，並進入狀態 76
    '/'   偏移，並進入狀態 77
    '%'   偏移，並進入狀態 78
    '"'   偏移，並進入狀態 167

    binary_op  進入狀態 80
    cmp_op     進入狀態 81
    add_op     進入狀態 82
    mul_op     進入狀態 83


狀態 151

   33 IndexExpr: PrimaryExpr '[' Expression ']' .

    $預設  使用規則 33 以縮減 (IndexExpr)


狀態 152

   83 Block: $@3 '{' StatementList '}' .

    $預設  使用規則 83 以縮減 (Block)


狀態 153

   56 DeclarationStmt: BOOL IDENT '=' TRUE SEMICOLON .

    $預設  使用規則 56 以縮減 (DeclarationStmt)


狀態 154

   57 DeclarationStmt: BOOL IDENT '=' FALSE SEMICOLON .

    $預設  使用規則 57 以縮減 (DeclarationStmt)


狀態 155

   55 DeclarationStmt: STRING IDENT '[' Expression ']' . SEMICOLON

    SEMICOLON  偏移，並進入狀態 168


狀態 156

    5 Expression: Expression . binary_op Expression
   53 DeclarationStmt: STRING IDENT '=' '"' Expression . '"' SEMICOLON

    GEQ   偏移，並進入狀態 61
    LEQ   偏移，並進入狀態 62
    EQL   偏移，並進入狀態 63
    NEQ   偏移，並進入狀態 64
    LAND  偏移，並進入狀態 70
    LOR   偏移，並進入狀態 71
    '+'   偏移，並進入狀態 72
    '-'   偏移，並進入狀態 73
    '<'   偏移，並進入狀態 74
    '>'   偏移，並進入狀態 75
    '*'   偏移，並進入狀態 76
    '/'   偏移，並進入狀態 77
    '%'   偏移，並進入狀態 78
    '"'   偏移，並進入狀態 169

    binary_op  進入狀態 80
    cmp_op     進入狀態 81
    add_op     進入狀態 82
    mul_op     進入狀態 83


狀態 157

   48 DeclarationStmt: INT IDENT '[' Expression ']' . SEMICOLON

    SEMICOLON  偏移，並進入狀態 170


狀態 158

    5 Expression: Expression . binary_op Expression
   46 DeclarationStmt: INT IDENT $@1 '=' Expression . SEMICOLON

    SEMICOLON  偏移，並進入狀態 171
    GEQ        偏移，並進入狀態 61
    LEQ        偏移，並進入狀態 62
    EQL        偏移，並進入狀態 63
    NEQ        偏移，並進入狀態 64
    LAND       偏移，並進入狀態 70
    LOR        偏移，並進入狀態 71
    '+'        偏移，並進入狀態 72
    '-'        偏移，並進入狀態 73
    '<'        偏移，並進入狀態 74
    '>'        偏移，並進入狀態 75
    '*'        偏移，並進入狀態 76
    '/'        偏移，並進入狀態 77
    '%'        偏移，並進入狀態 78

    binary_op  進入狀態 80
    cmp_op     進入狀態 81
    add_op     進入狀態 82
    mul_op     進入狀態 83


狀態 159

   52 DeclarationStmt: FLOAT IDENT '[' Expression ']' . SEMICOLON

    SEMICOLON  偏移，並進入狀態 172


狀態 160

    5 Expression: Expression . binary_op Expression
   50 DeclarationStmt: FLOAT IDENT $@2 '=' Expression . SEMICOLON

    SEMICOLON  偏移，並進入狀態 173
    GEQ        偏移，並進入狀態 61
    LEQ        偏移，並進入狀態 62
    EQL        偏移，並進入狀態 63
    NEQ        偏移，並進入狀態 64
    LAND       偏移，並進入狀態 70
    LOR        偏移，並進入狀態 71
    '+'        偏移，並進入狀態 72
    '-'        偏移，並進入狀態 73
    '<'        偏移，並進入狀態 74
    '>'        偏移，並進入狀態 75
    '*'        偏移，並進入狀態 76
    '/'        偏移，並進入狀態 77
    '%'        偏移，並進入狀態 78

    binary_op  進入狀態 80
    cmp_op     進入狀態 81
    add_op     進入狀態 82
    mul_op     進入狀態 83


狀態 161

   97 PrintStmt: PRINT '(' '"' Expression '"' . ')' SEMICOLON

    ')'  偏移，並進入狀態 174


狀態 162

   96 PrintStmt: PRINT '(' Expression ')' SEMICOLON .

    $預設  使用規則 96 以縮減 (PrintStmt)


狀態 163

   77 IfStmt: IF '(' Condition ')' Block .
   78       | IF '(' Condition ')' Block . ELSE IfStmt
   79       | IF '(' Condition ')' Block . ELSE Block

    ELSE  偏移，並進入狀態 175

    $預設  使用規則 77 以縮減 (IfStmt)


狀態 164

   85 ForStmt: FOR '(' ForClause ')' Block .

    $預設  使用規則 85 以縮減 (ForStmt)


狀態 165

   86 ForClause: InitStmt SEMICOLON Condition . SEMICOLON Poststmt

    SEMICOLON  偏移，並進入狀態 176


狀態 166

   80 WhileStmt: WHILE '(' Condition ')' Block .

    $預設  使用規則 80 以縮減 (WhileStmt)


狀態 167

   64 AssignmentExpr: Expression assign_p '"' Expression '"' .

    $預設  使用規則 64 以縮減 (AssignmentExpr)


狀態 168

   55 DeclarationStmt: STRING IDENT '[' Expression ']' SEMICOLON .

    $預設  使用規則 55 以縮減 (DeclarationStmt)


狀態 169

   53 DeclarationStmt: STRING IDENT '=' '"' Expression '"' . SEMICOLON

    SEMICOLON  偏移，並進入狀態 177


狀態 170

   48 DeclarationStmt: INT IDENT '[' Expression ']' SEMICOLON .

    $預設  使用規則 48 以縮減 (DeclarationStmt)


狀態 171

   46 DeclarationStmt: INT IDENT $@1 '=' Expression SEMICOLON .

    $預設  使用規則 46 以縮減 (DeclarationStmt)


狀態 172

   52 DeclarationStmt: FLOAT IDENT '[' Expression ']' SEMICOLON .

    $預設  使用規則 52 以縮減 (DeclarationStmt)


狀態 173

   50 DeclarationStmt: FLOAT IDENT $@2 '=' Expression SEMICOLON .

    $預設  使用規則 50 以縮減 (DeclarationStmt)


狀態 174

   97 PrintStmt: PRINT '(' '"' Expression '"' ')' . SEMICOLON

    SEMICOLON  偏移，並進入狀態 178


狀態 175

   78 IfStmt: IF '(' Condition ')' Block ELSE . IfStmt
   79       | IF '(' Condition ')' Block ELSE . Block

    IF  偏移，並進入狀態 6

    $預設  使用規則 82 以縮減 ($@3)

    IfStmt  進入狀態 179
    Block   進入狀態 180
    $@3     進入狀態 36


狀態 176

   86 ForClause: InitStmt SEMICOLON Condition SEMICOLON . Poststmt

    INT_LIT     偏移，並進入狀態 9
    FLOAT_LIT   偏移，並進入狀態 10
    STRING_LIT  偏移，並進入狀態 11
    IDENT       偏移，並進入狀態 105
    '+'         偏移，並進入狀態 13
    '-'         偏移，並進入狀態 14
    '!'         偏移，並進入狀態 15
    '('         偏移，並進入狀態 16

    Expression      進入狀態 106
    UnaryExpr       進入狀態 20
    PrimaryExpr     進入狀態 21
    unary_op        進入狀態 22
    Operand         進入狀態 23
    IndexExpr       進入狀態 24
    ConversionExpr  進入狀態 25
    AssignmentExpr  進入狀態 107
    IncDecExpr      進入狀態 108
    Poststmt        進入狀態 181
    SimpleExpr      進入狀態 182
    Literal         進入狀態 38


狀態 177

   53 DeclarationStmt: STRING IDENT '=' '"' Expression '"' SEMICOLON .

    $預設  使用規則 53 以縮減 (DeclarationStmt)


狀態 178

   97 PrintStmt: PRINT '(' '"' Expression '"' ')' SEMICOLON .

    $預設  使用規則 97 以縮減 (PrintStmt)


狀態 179

   78 IfStmt: IF '(' Condition ')' Block ELSE IfStmt .

    $預設  使用規則 78 以縮減 (IfStmt)


狀態 180

   79 IfStmt: IF '(' Condition ')' Block ELSE Block .

    $預設  使用規則 79 以縮減 (IfStmt)


狀態 181

   86 ForClause: InitStmt SEMICOLON Condition SEMICOLON Poststmt .

    $預設  使用規則 86 以縮減 (ForClause)


狀態 182

   88 Poststmt: SimpleExpr .

    $預設  使用規則 88 以縮減 (Poststmt)
